CRITICAL - 2023-02-11 07:14:03 --> Undefined variable: title
in APPPATH\Views\layouts\master_app.php on line 9.
 1 APPPATH\Views\layouts\master_app.php(9): CodeIgniter\Debug\Exceptions->errorHandler(8, 'Undefined variable: title', 'APPPATH\\Views\\layouts\\master_app.php', 9, [])
 2 SYSTEMPATH\View\View.php(213): include('APPPATH\\Views\\layouts\\master_app.php')
 3 SYSTEMPATH\View\View.php(216): CodeIgniter\View\View->CodeIgniter\View\{closure}()
 4 SYSTEMPATH\Common.php(1177): CodeIgniter\View\View->render('layouts/master_app', [], true)
 5 APPPATH\Controllers\Home.php(9): view('layouts/master_app')
 6 SYSTEMPATH\CodeIgniter.php(934): App\Controllers\Home->index()
 7 SYSTEMPATH\CodeIgniter.php(499): CodeIgniter\CodeIgniter->runController(Object(App\Controllers\Home))
 8 SYSTEMPATH\CodeIgniter.php(368): CodeIgniter\CodeIgniter->handleRequest(null, Object(Config\Cache), false)
 9 FCPATH\index.php(67): CodeIgniter\CodeIgniter->run()
10 SYSTEMPATH\Commands\Server\rewrite.php(47): require_once('FCPATH\\index.php')
INFO - 2023-02-11 07:14:07 --> Session: Class initialized using 'CodeIgniter\Session\Handlers\FileHandler' driver.
INFO - 2023-02-11 07:14:12 --> Session: Class initialized using 'CodeIgniter\Session\Handlers\FileHandler' driver.
INFO - 2023-02-11 07:14:14 --> Session: Class initialized using 'CodeIgniter\Session\Handlers\FileHandler' driver.
INFO - 2023-02-11 07:15:43 --> Session: Class initialized using 'CodeIgniter\Session\Handlers\FileHandler' driver.
INFO - 2023-02-11 07:15:45 --> Session: Class initialized using 'CodeIgniter\Session\Handlers\FileHandler' driver.
INFO - 2023-02-11 07:15:47 --> Session: Class initialized using 'CodeIgniter\Session\Handlers\FileHandler' driver.
INFO - 2023-02-11 07:15:49 --> Session: Class initialized using 'CodeIgniter\Session\Handlers\FileHandler' driver.
INFO - 2023-02-11 07:15:50 --> Session: Class initialized using 'CodeIgniter\Session\Handlers\FileHandler' driver.
INFO - 2023-02-11 07:15:53 --> Session: Class initialized using 'CodeIgniter\Session\Handlers\FileHandler' driver.
INFO - 2023-02-11 07:15:57 --> Session: Class initialized using 'CodeIgniter\Session\Handlers\FileHandler' driver.
INFO - 2023-02-11 07:15:59 --> Session: Class initialized using 'CodeIgniter\Session\Handlers\FileHandler' driver.
INFO - 2023-02-11 07:16:00 --> Session: Class initialized using 'CodeIgniter\Session\Handlers\FileHandler' driver.
INFO - 2023-02-11 07:16:36 --> Session: Class initialized using 'CodeIgniter\Session\Handlers\FileHandler' driver.
INFO - 2023-02-11 07:16:43 --> Session: Class initialized using 'CodeIgniter\Session\Handlers\FileHandler' driver.
INFO - 2023-02-11 07:18:12 --> Session: Class initialized using 'CodeIgniter\Session\Handlers\FileHandler' driver.
INFO - 2023-02-11 07:20:04 --> Session: Class initialized using 'CodeIgniter\Session\Handlers\FileHandler' driver.
INFO - 2023-02-11 07:20:08 --> Session: Class initialized using 'CodeIgniter\Session\Handlers\FileHandler' driver.
CRITICAL - 2023-02-11 07:24:06 --> Undefined variable: title
in APPPATH\Views\layouts\master_app.php on line 9.
 1 APPPATH\Views\layouts\master_app.php(9): CodeIgniter\Debug\Exceptions->errorHandler(8, 'Undefined variable: title', 'APPPATH\\Views\\layouts\\master_app.php', 9, [])
 2 SYSTEMPATH\View\View.php(213): include('APPPATH\\Views\\layouts\\master_app.php')
 3 SYSTEMPATH\View\View.php(216): CodeIgniter\View\View->CodeIgniter\View\{closure}()
 4 SYSTEMPATH\Common.php(1177): CodeIgniter\View\View->render('layouts/master_app', [], true)
 5 APPPATH\Controllers\Home.php(9): view('layouts/master_app')
 6 SYSTEMPATH\CodeIgniter.php(934): App\Controllers\Home->index()
 7 SYSTEMPATH\CodeIgniter.php(499): CodeIgniter\CodeIgniter->runController(Object(App\Controllers\Home))
 8 SYSTEMPATH\CodeIgniter.php(368): CodeIgniter\CodeIgniter->handleRequest(null, Object(Config\Cache), false)
 9 FCPATH\index.php(67): CodeIgniter\CodeIgniter->run()
10 SYSTEMPATH\Commands\Server\rewrite.php(47): require_once('FCPATH\\index.php')
INFO - 2023-02-11 07:24:12 --> Session: Class initialized using 'CodeIgniter\Session\Handlers\FileHandler' driver.
INFO - 2023-02-11 07:24:13 --> Session: Class initialized using 'CodeIgniter\Session\Handlers\FileHandler' driver.
INFO - 2023-02-11 07:24:33 --> CSRF token verified.
INFO - 2023-02-11 07:24:33 --> Session: Class initialized using 'CodeIgniter\Session\Handlers\FileHandler' driver.
INFO - 2023-02-11 07:24:37 --> Session: Class initialized using 'CodeIgniter\Session\Handlers\FileHandler' driver.
INFO - 2023-02-11 07:28:28 --> Session: Class initialized using 'CodeIgniter\Session\Handlers\FileHandler' driver.
INFO - 2023-02-11 07:29:06 --> CSRF token verified.
INFO - 2023-02-11 07:29:06 --> Session: Class initialized using 'CodeIgniter\Session\Handlers\FileHandler' driver.
INFO - 2023-02-11 07:29:09 --> Session: Class initialized using 'CodeIgniter\Session\Handlers\FileHandler' driver.
INFO - 2023-02-11 07:30:44 --> Session: Class initialized using 'CodeIgniter\Session\Handlers\FileHandler' driver.
INFO - 2023-02-11 07:30:44 --> Session: Class initialized using 'CodeIgniter\Session\Handlers\FileHandler' driver.
INFO - 2023-02-11 07:31:17 --> CSRF token verified.
INFO - 2023-02-11 07:31:17 --> Session: Class initialized using 'CodeIgniter\Session\Handlers\FileHandler' driver.
INFO - 2023-02-11 07:31:17 --> Session: Class initialized using 'CodeIgniter\Session\Handlers\FileHandler' driver.
INFO - 2023-02-11 07:31:55 --> CSRF token verified.
INFO - 2023-02-11 07:31:55 --> Session: Class initialized using 'CodeIgniter\Session\Handlers\FileHandler' driver.
INFO - 2023-02-11 07:31:55 --> Session: Class initialized using 'CodeIgniter\Session\Handlers\FileHandler' driver.
INFO - 2023-02-11 07:33:06 --> CSRF token verified.
INFO - 2023-02-11 07:33:06 --> Session: Class initialized using 'CodeIgniter\Session\Handlers\FileHandler' driver.
CRITICAL - 2023-02-11 07:33:07 --> Undefined variable: title
in APPPATH\Views\layouts\master_app.php on line 9.
 1 APPPATH\Views\layouts\master_app.php(9): CodeIgniter\Debug\Exceptions->errorHandler(8, 'Undefined variable: title', 'APPPATH\\Views\\layouts\\master_app.php', 9, [])
 2 SYSTEMPATH\View\View.php(213): include('APPPATH\\Views\\layouts\\master_app.php')
 3 SYSTEMPATH\View\View.php(216): CodeIgniter\View\View->CodeIgniter\View\{closure}()
 4 SYSTEMPATH\Common.php(1177): CodeIgniter\View\View->render('layouts/master_app', [], true)
 5 APPPATH\Controllers\Home.php(9): view('layouts/master_app')
 6 SYSTEMPATH\CodeIgniter.php(934): App\Controllers\Home->index()
 7 SYSTEMPATH\CodeIgniter.php(499): CodeIgniter\CodeIgniter->runController(Object(App\Controllers\Home))
 8 SYSTEMPATH\CodeIgniter.php(368): CodeIgniter\CodeIgniter->handleRequest(null, Object(Config\Cache), false)
 9 FCPATH\index.php(67): CodeIgniter\CodeIgniter->run()
10 SYSTEMPATH\Commands\Server\rewrite.php(47): require_once('FCPATH\\index.php')
INFO - 2023-02-11 07:33:13 --> Session: Class initialized using 'CodeIgniter\Session\Handlers\FileHandler' driver.
CRITICAL - 2023-02-11 07:33:13 --> Undefined variable: title
in APPPATH\Views\layouts\master_app.php on line 9.
 1 APPPATH\Views\layouts\master_app.php(9): CodeIgniter\Debug\Exceptions->errorHandler(8, 'Undefined variable: title', 'APPPATH\\Views\\layouts\\master_app.php', 9, [])
 2 SYSTEMPATH\View\View.php(213): include('APPPATH\\Views\\layouts\\master_app.php')
 3 SYSTEMPATH\View\View.php(216): CodeIgniter\View\View->CodeIgniter\View\{closure}()
 4 SYSTEMPATH\Common.php(1177): CodeIgniter\View\View->render('layouts/master_app', [], true)
 5 APPPATH\Controllers\Home.php(9): view('layouts/master_app')
 6 SYSTEMPATH\CodeIgniter.php(934): App\Controllers\Home->index()
 7 SYSTEMPATH\CodeIgniter.php(499): CodeIgniter\CodeIgniter->runController(Object(App\Controllers\Home))
 8 SYSTEMPATH\CodeIgniter.php(368): CodeIgniter\CodeIgniter->handleRequest(null, Object(Config\Cache), false)
 9 FCPATH\index.php(67): CodeIgniter\CodeIgniter->run()
10 SYSTEMPATH\Commands\Server\rewrite.php(47): require_once('FCPATH\\index.php')
INFO - 2023-02-11 07:33:27 --> Session: Class initialized using 'CodeIgniter\Session\Handlers\FileHandler' driver.
CRITICAL - 2023-02-11 07:33:27 --> Undefined variable: title
in APPPATH\Views\layouts\master_app.php on line 9.
 1 APPPATH\Views\layouts\master_app.php(9): CodeIgniter\Debug\Exceptions->errorHandler(8, 'Undefined variable: title', 'APPPATH\\Views\\layouts\\master_app.php', 9, [])
 2 SYSTEMPATH\View\View.php(213): include('APPPATH\\Views\\layouts\\master_app.php')
 3 SYSTEMPATH\View\View.php(216): CodeIgniter\View\View->CodeIgniter\View\{closure}()
 4 SYSTEMPATH\Common.php(1177): CodeIgniter\View\View->render('layouts/master_app', [], true)
 5 APPPATH\Controllers\Home.php(9): view('layouts/master_app')
 6 SYSTEMPATH\CodeIgniter.php(934): App\Controllers\Home->index()
 7 SYSTEMPATH\CodeIgniter.php(499): CodeIgniter\CodeIgniter->runController(Object(App\Controllers\Home))
 8 SYSTEMPATH\CodeIgniter.php(368): CodeIgniter\CodeIgniter->handleRequest(null, Object(Config\Cache), false)
 9 FCPATH\index.php(67): CodeIgniter\CodeIgniter->run()
10 SYSTEMPATH\Commands\Server\rewrite.php(47): require_once('FCPATH\\index.php')
INFO - 2023-02-11 07:33:31 --> Session: Class initialized using 'CodeIgniter\Session\Handlers\FileHandler' driver.
INFO - 2023-02-11 07:39:17 --> Session: Class initialized using 'CodeIgniter\Session\Handlers\FileHandler' driver.
INFO - 2023-02-11 07:39:28 --> CSRF token verified.
INFO - 2023-02-11 07:39:28 --> Session: Class initialized using 'CodeIgniter\Session\Handlers\FileHandler' driver.
INFO - 2023-02-11 07:39:28 --> Session: Class initialized using 'CodeIgniter\Session\Handlers\FileHandler' driver.
INFO - 2023-02-11 07:39:57 --> Session: Class initialized using 'CodeIgniter\Session\Handlers\FileHandler' driver.
INFO - 2023-02-11 07:40:06 --> Session: Class initialized using 'CodeIgniter\Session\Handlers\FileHandler' driver.
INFO - 2023-02-11 07:55:27 --> Session: Class initialized using 'CodeIgniter\Session\Handlers\FileHandler' driver.
INFO - 2023-02-11 07:55:54 --> Session: Class initialized using 'CodeIgniter\Session\Handlers\FileHandler' driver.
INFO - 2023-02-11 07:57:20 --> Session: Class initialized using 'CodeIgniter\Session\Handlers\FileHandler' driver.
INFO - 2023-02-11 07:57:29 --> Session: Class initialized using 'CodeIgniter\Session\Handlers\FileHandler' driver.
INFO - 2023-02-11 07:58:24 --> Session: Class initialized using 'CodeIgniter\Session\Handlers\FileHandler' driver.
INFO - 2023-02-11 08:00:40 --> Session: Class initialized using 'CodeIgniter\Session\Handlers\FileHandler' driver.
INFO - 2023-02-11 08:01:10 --> Session: Class initialized using 'CodeIgniter\Session\Handlers\FileHandler' driver.
INFO - 2023-02-11 08:02:32 --> Session: Class initialized using 'CodeIgniter\Session\Handlers\FileHandler' driver.
INFO - 2023-02-11 08:02:34 --> Session: Class initialized using 'CodeIgniter\Session\Handlers\FileHandler' driver.
INFO - 2023-02-11 08:02:36 --> Session: Class initialized using 'CodeIgniter\Session\Handlers\FileHandler' driver.
INFO - 2023-02-11 08:02:37 --> Session: Class initialized using 'CodeIgniter\Session\Handlers\FileHandler' driver.
INFO - 2023-02-11 08:02:57 --> Session: Class initialized using 'CodeIgniter\Session\Handlers\FileHandler' driver.
INFO - 2023-02-11 08:02:59 --> Session: Class initialized using 'CodeIgniter\Session\Handlers\FileHandler' driver.
INFO - 2023-02-11 08:03:00 --> Session: Class initialized using 'CodeIgniter\Session\Handlers\FileHandler' driver.
INFO - 2023-02-11 08:04:38 --> Session: Class initialized using 'CodeIgniter\Session\Handlers\FileHandler' driver.
INFO - 2023-02-11 08:04:55 --> Session: Class initialized using 'CodeIgniter\Session\Handlers\FileHandler' driver.
INFO - 2023-02-11 08:06:56 --> Session: Class initialized using 'CodeIgniter\Session\Handlers\FileHandler' driver.
INFO - 2023-02-11 08:07:13 --> Session: Class initialized using 'CodeIgniter\Session\Handlers\FileHandler' driver.
INFO - 2023-02-11 08:07:58 --> CSRF token verified.
INFO - 2023-02-11 08:07:58 --> Session: Class initialized using 'CodeIgniter\Session\Handlers\FileHandler' driver.
INFO - 2023-02-11 08:07:58 --> Session: Class initialized using 'CodeIgniter\Session\Handlers\FileHandler' driver.
INFO - 2023-02-11 08:13:07 --> Session: Class initialized using 'CodeIgniter\Session\Handlers\FileHandler' driver.
INFO - 2023-02-11 08:13:09 --> CSRF token verified.
INFO - 2023-02-11 08:13:09 --> Session: Class initialized using 'CodeIgniter\Session\Handlers\FileHandler' driver.
INFO - 2023-02-11 08:13:09 --> Session: Class initialized using 'CodeIgniter\Session\Handlers\FileHandler' driver.
INFO - 2023-02-11 08:17:09 --> Session: Class initialized using 'CodeIgniter\Session\Handlers\FileHandler' driver.
INFO - 2023-02-11 08:17:13 --> Session: Class initialized using 'CodeIgniter\Session\Handlers\FileHandler' driver.
INFO - 2023-02-11 08:17:29 --> Session: Class initialized using 'CodeIgniter\Session\Handlers\FileHandler' driver.
INFO - 2023-02-11 08:17:49 --> Session: Class initialized using 'CodeIgniter\Session\Handlers\FileHandler' driver.
INFO - 2023-02-11 08:18:03 --> Session: Class initialized using 'CodeIgniter\Session\Handlers\FileHandler' driver.
INFO - 2023-02-11 08:18:05 --> Session: Class initialized using 'CodeIgniter\Session\Handlers\FileHandler' driver.
INFO - 2023-02-11 08:18:06 --> CSRF token verified.
INFO - 2023-02-11 08:18:06 --> Session: Class initialized using 'CodeIgniter\Session\Handlers\FileHandler' driver.
INFO - 2023-02-11 08:18:07 --> Session: Class initialized using 'CodeIgniter\Session\Handlers\FileHandler' driver.
INFO - 2023-02-11 08:18:15 --> CSRF token verified.
INFO - 2023-02-11 08:18:15 --> Session: Class initialized using 'CodeIgniter\Session\Handlers\FileHandler' driver.
INFO - 2023-02-11 08:18:15 --> Session: Class initialized using 'CodeIgniter\Session\Handlers\FileHandler' driver.
INFO - 2023-02-11 08:18:20 --> CSRF token verified.
INFO - 2023-02-11 08:18:20 --> Session: Class initialized using 'CodeIgniter\Session\Handlers\FileHandler' driver.
INFO - 2023-02-11 08:18:20 --> Session: Class initialized using 'CodeIgniter\Session\Handlers\FileHandler' driver.
INFO - 2023-02-11 08:21:32 --> Session: Class initialized using 'CodeIgniter\Session\Handlers\FileHandler' driver.
INFO - 2023-02-11 08:21:38 --> CSRF token verified.
INFO - 2023-02-11 08:21:38 --> Session: Class initialized using 'CodeIgniter\Session\Handlers\FileHandler' driver.
INFO - 2023-02-11 08:21:38 --> Session: Class initialized using 'CodeIgniter\Session\Handlers\FileHandler' driver.
CRITICAL - 2023-02-11 11:54:06 --> Undefined variable: title
in APPPATH\Views\layouts\master_app.php on line 9.
 1 APPPATH\Views\layouts\master_app.php(9): CodeIgniter\Debug\Exceptions->errorHandler(8, 'Undefined variable: title', 'APPPATH\\Views\\layouts\\master_app.php', 9, [])
 2 SYSTEMPATH\View\View.php(213): include('APPPATH\\Views\\layouts\\master_app.php')
 3 SYSTEMPATH\View\View.php(216): CodeIgniter\View\View->CodeIgniter\View\{closure}()
 4 SYSTEMPATH\Common.php(1177): CodeIgniter\View\View->render('layouts/master_app', [], true)
 5 APPPATH\Controllers\Home.php(9): view('layouts/master_app')
 6 SYSTEMPATH\CodeIgniter.php(934): App\Controllers\Home->index()
 7 SYSTEMPATH\CodeIgniter.php(499): CodeIgniter\CodeIgniter->runController(Object(App\Controllers\Home))
 8 SYSTEMPATH\CodeIgniter.php(368): CodeIgniter\CodeIgniter->handleRequest(null, Object(Config\Cache), false)
 9 FCPATH\index.php(67): CodeIgniter\CodeIgniter->run()
10 SYSTEMPATH\Commands\Server\rewrite.php(47): require_once('FCPATH\\index.php')
INFO - 2023-02-11 11:54:12 --> CSRF token verified.
INFO - 2023-02-11 11:55:22 --> CSRF token verified.
INFO - 2023-02-11 11:55:25 --> CSRF token verified.
INFO - 2023-02-11 11:55:27 --> CSRF token verified.
INFO - 2023-02-11 11:55:44 --> CSRF token verified.
INFO - 2023-02-11 12:07:09 --> CSRF token verified.
INFO - 2023-02-11 12:07:14 --> CSRF token verified.
INFO - 2023-02-11 12:09:40 --> CSRF token verified.
INFO - 2023-02-11 12:09:52 --> CSRF token verified.
INFO - 2023-02-11 12:10:04 --> CSRF token verified.
INFO - 2023-02-11 12:10:14 --> CSRF token verified.
INFO - 2023-02-11 12:10:21 --> CSRF token verified.
INFO - 2023-02-11 12:10:28 --> CSRF token verified.
INFO - 2023-02-11 12:10:43 --> CSRF token verified.
INFO - 2023-02-11 12:10:55 --> CSRF token verified.
INFO - 2023-02-11 12:11:07 --> CSRF token verified.
INFO - 2023-02-11 12:11:36 --> CSRF token verified.
INFO - 2023-02-11 12:11:38 --> CSRF token verified.
INFO - 2023-02-11 12:11:40 --> CSRF token verified.
INFO - 2023-02-11 12:11:42 --> CSRF token verified.
INFO - 2023-02-11 12:11:43 --> CSRF token verified.
INFO - 2023-02-11 12:11:58 --> CSRF token verified.
INFO - 2023-02-11 12:12:32 --> CSRF token verified.
INFO - 2023-02-11 12:12:35 --> CSRF token verified.
INFO - 2023-02-11 12:12:36 --> CSRF token verified.
INFO - 2023-02-11 12:12:40 --> CSRF token verified.
INFO - 2023-02-11 12:13:41 --> CSRF token verified.
INFO - 2023-02-11 12:13:59 --> CSRF token verified.
INFO - 2023-02-11 12:14:16 --> CSRF token verified.
INFO - 2023-02-11 12:38:14 --> CSRF token verified.
INFO - 2023-02-11 12:39:42 --> CSRF token verified.
INFO - 2023-02-11 12:40:34 --> CSRF token verified.
INFO - 2023-02-11 12:40:42 --> CSRF token verified.
INFO - 2023-02-11 12:41:55 --> CSRF token verified.
INFO - 2023-02-11 12:42:35 --> CSRF token verified.
INFO - 2023-02-11 12:42:56 --> CSRF token verified.
INFO - 2023-02-11 12:43:14 --> CSRF token verified.
INFO - 2023-02-11 12:43:42 --> CSRF token verified.
INFO - 2023-02-11 12:43:46 --> CSRF token verified.
INFO - 2023-02-11 12:43:53 --> CSRF token verified.
INFO - 2023-02-11 12:46:18 --> CSRF token verified.
INFO - 2023-02-11 12:46:21 --> CSRF token verified.
INFO - 2023-02-11 12:47:42 --> CSRF token verified.
INFO - 2023-02-11 12:48:07 --> CSRF token verified.
INFO - 2023-02-11 12:48:56 --> CSRF token verified.
INFO - 2023-02-11 12:50:11 --> CSRF token verified.
INFO - 2023-02-11 12:50:53 --> CSRF token verified.
INFO - 2023-02-11 12:50:57 --> CSRF token verified.
INFO - 2023-02-11 12:51:36 --> CSRF token verified.
INFO - 2023-02-11 12:52:08 --> CSRF token verified.
INFO - 2023-02-11 12:52:37 --> CSRF token verified.
INFO - 2023-02-11 12:52:39 --> CSRF token verified.
INFO - 2023-02-11 12:55:42 --> CSRF token verified.
INFO - 2023-02-11 13:11:27 --> CSRF token verified.
INFO - 2023-02-11 13:12:41 --> CSRF token verified.
INFO - 2023-02-11 13:14:20 --> CSRF token verified.
INFO - 2023-02-11 13:14:27 --> CSRF token verified.
INFO - 2023-02-11 13:15:05 --> CSRF token verified.
INFO - 2023-02-11 13:16:21 --> CSRF token verified.
INFO - 2023-02-11 13:16:43 --> CSRF token verified.
INFO - 2023-02-11 13:17:41 --> CSRF token verified.
INFO - 2023-02-11 13:18:02 --> CSRF token verified.
INFO - 2023-02-11 13:18:31 --> CSRF token verified.
INFO - 2023-02-11 13:18:46 --> CSRF token verified.
INFO - 2023-02-11 13:18:54 --> CSRF token verified.
INFO - 2023-02-11 13:19:00 --> CSRF token verified.
INFO - 2023-02-11 13:19:17 --> CSRF token verified.
INFO - 2023-02-11 13:19:31 --> CSRF token verified.
INFO - 2023-02-11 13:19:34 --> CSRF token verified.
INFO - 2023-02-11 13:19:49 --> CSRF token verified.
INFO - 2023-02-11 13:23:59 --> CSRF token verified.
INFO - 2023-02-11 13:24:27 --> CSRF token verified.
INFO - 2023-02-11 13:24:56 --> CSRF token verified.
INFO - 2023-02-11 13:25:03 --> CSRF token verified.
INFO - 2023-02-11 13:25:28 --> CSRF token verified.
INFO - 2023-02-11 13:26:09 --> CSRF token verified.
INFO - 2023-02-11 13:26:18 --> CSRF token verified.
INFO - 2023-02-11 13:26:33 --> CSRF token verified.
INFO - 2023-02-11 13:26:39 --> CSRF token verified.
INFO - 2023-02-11 13:28:06 --> CSRF token verified.
INFO - 2023-02-11 13:29:02 --> CSRF token verified.
INFO - 2023-02-11 13:29:13 --> CSRF token verified.
INFO - 2023-02-11 13:29:57 --> CSRF token verified.
INFO - 2023-02-11 13:30:00 --> CSRF token verified.
INFO - 2023-02-11 13:30:34 --> CSRF token verified.
INFO - 2023-02-11 13:30:40 --> CSRF token verified.
INFO - 2023-02-11 13:30:44 --> CSRF token verified.
INFO - 2023-02-11 13:31:55 --> CSRF token verified.
INFO - 2023-02-11 13:32:16 --> CSRF token verified.
INFO - 2023-02-11 13:32:52 --> CSRF token verified.
INFO - 2023-02-11 13:33:16 --> CSRF token verified.
INFO - 2023-02-11 13:34:12 --> CSRF token verified.
INFO - 2023-02-11 13:34:30 --> CSRF token verified.
INFO - 2023-02-11 13:35:40 --> CSRF token verified.
INFO - 2023-02-11 15:08:56 --> CSRF token verified.
INFO - 2023-02-11 15:09:08 --> CSRF token verified.
INFO - 2023-02-11 15:09:26 --> CSRF token verified.
INFO - 2023-02-11 15:09:58 --> CSRF token verified.
INFO - 2023-02-11 15:10:18 --> CSRF token verified.
INFO - 2023-02-11 15:10:31 --> CSRF token verified.
INFO - 2023-02-11 15:10:37 --> CSRF token verified.
INFO - 2023-02-11 15:10:53 --> CSRF token verified.
INFO - 2023-02-11 15:11:33 --> CSRF token verified.
INFO - 2023-02-11 15:11:47 --> CSRF token verified.
INFO - 2023-02-11 15:12:19 --> CSRF token verified.
INFO - 2023-02-11 15:12:42 --> CSRF token verified.
INFO - 2023-02-11 15:13:08 --> CSRF token verified.
INFO - 2023-02-11 15:13:21 --> CSRF token verified.
INFO - 2023-02-11 15:13:38 --> CSRF token verified.
INFO - 2023-02-11 15:13:55 --> CSRF token verified.
INFO - 2023-02-11 15:13:57 --> CSRF token verified.
INFO - 2023-02-11 15:13:59 --> CSRF token verified.
INFO - 2023-02-11 15:14:01 --> CSRF token verified.
INFO - 2023-02-11 15:14:04 --> CSRF token verified.
INFO - 2023-02-11 15:14:21 --> CSRF token verified.
INFO - 2023-02-11 15:14:23 --> CSRF token verified.
INFO - 2023-02-11 15:14:25 --> CSRF token verified.
INFO - 2023-02-11 15:14:31 --> CSRF token verified.
INFO - 2023-02-11 15:14:33 --> CSRF token verified.
INFO - 2023-02-11 15:14:35 --> CSRF token verified.
INFO - 2023-02-11 15:14:38 --> CSRF token verified.
INFO - 2023-02-11 15:14:50 --> CSRF token verified.
INFO - 2023-02-11 15:14:52 --> CSRF token verified.
INFO - 2023-02-11 15:15:01 --> CSRF token verified.
INFO - 2023-02-11 15:15:03 --> CSRF token verified.
INFO - 2023-02-11 15:15:18 --> CSRF token verified.
INFO - 2023-02-11 15:18:28 --> CSRF token verified.
INFO - 2023-02-11 15:21:19 --> CSRF token verified.
INFO - 2023-02-11 15:22:58 --> CSRF token verified.
INFO - 2023-02-11 15:23:26 --> CSRF token verified.
INFO - 2023-02-11 15:23:49 --> CSRF token verified.
INFO - 2023-02-11 15:23:54 --> CSRF token verified.
INFO - 2023-02-11 15:26:40 --> CSRF token verified.
INFO - 2023-02-11 15:26:55 --> CSRF token verified.
INFO - 2023-02-11 15:27:03 --> CSRF token verified.
INFO - 2023-02-11 16:51:03 --> CSRF token verified.
INFO - 2023-02-11 17:28:01 --> CSRF token verified.
CRITICAL - 2023-02-11 17:39:12 --> Undefined variable: bank
in APPPATH\Views\bidang.php on line 47.
 1 APPPATH\Views\bidang.php(47): CodeIgniter\Debug\Exceptions->errorHandler(8, 'Undefined variable: bank', 'APPPATH\\Views\\bidang.php', 47, [...])
 2 SYSTEMPATH\View\View.php(213): include('APPPATH\\Views\\bidang.php')
 3 SYSTEMPATH\View\View.php(216): CodeIgniter\View\View->CodeIgniter\View\{closure}()
 4 SYSTEMPATH\Common.php(1177): CodeIgniter\View\View->render('bidang', [], true)
 5 APPPATH\Controllers\Bidang.php(30): view('bidang', [...])
 6 SYSTEMPATH\CodeIgniter.php(934): App\Controllers\Bidang->index()
 7 SYSTEMPATH\CodeIgniter.php(499): CodeIgniter\CodeIgniter->runController(Object(App\Controllers\Bidang))
 8 SYSTEMPATH\CodeIgniter.php(368): CodeIgniter\CodeIgniter->handleRequest(null, Object(Config\Cache), false)
 9 FCPATH\index.php(67): CodeIgniter\CodeIgniter->run()
10 SYSTEMPATH\Commands\Server\rewrite.php(47): require_once('FCPATH\\index.php')
CRITICAL - 2023-02-11 17:40:57 --> Undefined variable: val
in APPPATH\Views\layouts\master_app.php on line 136.
 1 APPPATH\Views\layouts\master_app.php(136): CodeIgniter\Debug\Exceptions->errorHandler(8, 'Undefined variable: val', 'APPPATH\\Views\\layouts\\master_app.php', 136, [...])
 2 SYSTEMPATH\View\View.php(213): include('APPPATH\\Views\\layouts\\master_app.php')
 3 SYSTEMPATH\View\View.php(216): CodeIgniter\View\View->CodeIgniter\View\{closure}()
 4 SYSTEMPATH\View\View.php(229): CodeIgniter\View\View->render('layouts/master_app', [], true)
 5 SYSTEMPATH\Common.php(1177): CodeIgniter\View\View->render('cabang', [], true)
 6 APPPATH\Controllers\Cabang.php(30): view('cabang', [...])
 7 SYSTEMPATH\CodeIgniter.php(934): App\Controllers\Cabang->index()
 8 SYSTEMPATH\CodeIgniter.php(499): CodeIgniter\CodeIgniter->runController(Object(App\Controllers\Cabang))
 9 SYSTEMPATH\CodeIgniter.php(368): CodeIgniter\CodeIgniter->handleRequest(null, Object(Config\Cache), false)
10 FCPATH\index.php(67): CodeIgniter\CodeIgniter->run()
11 SYSTEMPATH\Commands\Server\rewrite.php(47): require_once('FCPATH\\index.php')
INFO - 2023-02-11 17:42:43 --> CSRF token verified.
CRITICAL - 2023-02-11 17:43:50 --> Undefined variable: bank
in APPPATH\Views\bidang.php on line 47.
 1 APPPATH\Views\bidang.php(47): CodeIgniter\Debug\Exceptions->errorHandler(8, 'Undefined variable: bank', 'APPPATH\\Views\\bidang.php', 47, [...])
 2 SYSTEMPATH\View\View.php(213): include('APPPATH\\Views\\bidang.php')
 3 SYSTEMPATH\View\View.php(216): CodeIgniter\View\View->CodeIgniter\View\{closure}()
 4 SYSTEMPATH\Common.php(1177): CodeIgniter\View\View->render('bidang', [], true)
 5 APPPATH\Controllers\Bidang.php(30): view('bidang', [...])
 6 SYSTEMPATH\CodeIgniter.php(934): App\Controllers\Bidang->index()
 7 SYSTEMPATH\CodeIgniter.php(499): CodeIgniter\CodeIgniter->runController(Object(App\Controllers\Bidang))
 8 SYSTEMPATH\CodeIgniter.php(368): CodeIgniter\CodeIgniter->handleRequest(null, Object(Config\Cache), false)
 9 FCPATH\index.php(67): CodeIgniter\CodeIgniter->run()
10 SYSTEMPATH\Commands\Server\rewrite.php(47): require_once('FCPATH\\index.php')
INFO - 2023-02-11 17:44:04 --> CSRF token verified.
INFO - 2023-02-11 17:44:23 --> CSRF token verified.
INFO - 2023-02-11 17:45:13 --> CSRF token verified.
INFO - 2023-02-11 17:45:41 --> CSRF token verified.
INFO - 2023-02-11 17:45:46 --> CSRF token verified.
INFO - 2023-02-11 17:45:50 --> CSRF token verified.
INFO - 2023-02-11 17:45:55 --> CSRF token verified.
INFO - 2023-02-11 17:46:00 --> CSRF token verified.
INFO - 2023-02-11 17:46:04 --> CSRF token verified.
INFO - 2023-02-11 17:46:40 --> CSRF token verified.
INFO - 2023-02-11 17:48:36 --> CSRF token verified.
INFO - 2023-02-11 17:51:08 --> CSRF token verified.
INFO - 2023-02-11 17:51:48 --> CSRF token verified.
ERROR - 2023-02-11 17:52:05 --> mysqli_sql_exception: Table 'ci4taskmonitoring.pic' doesn't exist in C:\laragon\www\ci4taskmonitoring\vendor\codeigniter4\framework\system\Database\MySQLi\Connection.php:295
Stack trace:
#0 C:\laragon\www\ci4taskmonitoring\vendor\codeigniter4\framework\system\Database\MySQLi\Connection.php(295): mysqli->query('SELECT *\nFROM `...', 0)
#1 C:\laragon\www\ci4taskmonitoring\vendor\codeigniter4\framework\system\Database\BaseConnection.php(691): CodeIgniter\Database\MySQLi\Connection->execute('SELECT *\nFROM `...')
#2 C:\laragon\www\ci4taskmonitoring\vendor\codeigniter4\framework\system\Database\BaseConnection.php(605): CodeIgniter\Database\BaseConnection->simpleQuery('SELECT *\nFROM `...')
#3 C:\laragon\www\ci4taskmonitoring\vendor\codeigniter4\framework\system\Database\BaseBuilder.php(1602): CodeIgniter\Database\BaseConnection->query('SELECT *\nFROM `...', Array, false)
#4 C:\laragon\www\ci4taskmonitoring\vendor\codeigniter4\framework\system\Model.php(240): CodeIgniter\Database\BaseBuilder->get()
#5 C:\laragon\www\ci4taskmonitoring\vendor\codeigniter4\framework\system\BaseModel.php(618): CodeIgniter\Model->doFindAll(0, 0)
#6 C:\laragon\www\ci4taskmonitoring\app\Controllers\Project.php(39): CodeIgniter\BaseModel->findAll()
#7 C:\laragon\www\ci4taskmonitoring\vendor\codeigniter4\framework\system\CodeIgniter.php(934): App\Controllers\Project->index()
#8 C:\laragon\www\ci4taskmonitoring\vendor\codeigniter4\framework\system\CodeIgniter.php(499): CodeIgniter\CodeIgniter->runController(Object(App\Controllers\Project))
#9 C:\laragon\www\ci4taskmonitoring\vendor\codeigniter4\framework\system\CodeIgniter.php(368): CodeIgniter\CodeIgniter->handleRequest(NULL, Object(Config\Cache), false)
#10 C:\laragon\www\ci4taskmonitoring\public\index.php(67): CodeIgniter\CodeIgniter->run()
#11 C:\laragon\www\ci4taskmonitoring\vendor\codeigniter4\framework\system\Commands\Server\rewrite.php(47): require_once('C:\\laragon\\www\\...')
#12 {main}
CRITICAL - 2023-02-11 17:52:05 --> Table 'ci4taskmonitoring.pic' doesn't exist
in SYSTEMPATH\Database\BaseConnection.php on line 645.
 1 SYSTEMPATH\Database\BaseBuilder.php(1602): CodeIgniter\Database\BaseConnection->query('SELECT *
FROM `pic`', [], false)
 2 SYSTEMPATH\Model.php(240): CodeIgniter\Database\BaseBuilder->get()
 3 SYSTEMPATH\BaseModel.php(618): CodeIgniter\Model->doFindAll(0, 0)
 4 APPPATH\Controllers\Project.php(39): CodeIgniter\BaseModel->findAll()
 5 SYSTEMPATH\CodeIgniter.php(934): App\Controllers\Project->index()
 6 SYSTEMPATH\CodeIgniter.php(499): CodeIgniter\CodeIgniter->runController(Object(App\Controllers\Project))
 7 SYSTEMPATH\CodeIgniter.php(368): CodeIgniter\CodeIgniter->handleRequest(null, Object(Config\Cache), false)
 8 FCPATH\index.php(67): CodeIgniter\CodeIgniter->run()
 9 SYSTEMPATH\Commands\Server\rewrite.php(47): require_once('FCPATH\\index.php')
INFO - 2023-02-11 17:52:11 --> CSRF token verified.
INFO - 2023-02-11 17:52:27 --> CSRF token verified.
INFO - 2023-02-11 17:52:42 --> CSRF token verified.
CRITICAL - 2023-02-11 17:52:57 --> Undefined variable: bank
in APPPATH\Views\bidang.php on line 47.
 1 APPPATH\Views\bidang.php(47): CodeIgniter\Debug\Exceptions->errorHandler(8, 'Undefined variable: bank', 'APPPATH\\Views\\bidang.php', 47, [...])
 2 SYSTEMPATH\View\View.php(213): include('APPPATH\\Views\\bidang.php')
 3 SYSTEMPATH\View\View.php(216): CodeIgniter\View\View->CodeIgniter\View\{closure}()
 4 SYSTEMPATH\Common.php(1177): CodeIgniter\View\View->render('bidang', [], true)
 5 APPPATH\Controllers\Bidang.php(30): view('bidang', [...])
 6 SYSTEMPATH\CodeIgniter.php(934): App\Controllers\Bidang->index()
 7 SYSTEMPATH\CodeIgniter.php(499): CodeIgniter\CodeIgniter->runController(Object(App\Controllers\Bidang))
 8 SYSTEMPATH\CodeIgniter.php(368): CodeIgniter\CodeIgniter->handleRequest(null, Object(Config\Cache), false)
 9 FCPATH\index.php(67): CodeIgniter\CodeIgniter->run()
10 SYSTEMPATH\Commands\Server\rewrite.php(47): require_once('FCPATH\\index.php')
CRITICAL - 2023-02-11 17:52:58 --> Undefined variable: bank
in APPPATH\Views\bidang.php on line 47.
 1 APPPATH\Views\bidang.php(47): CodeIgniter\Debug\Exceptions->errorHandler(8, 'Undefined variable: bank', 'APPPATH\\Views\\bidang.php', 47, [...])
 2 SYSTEMPATH\View\View.php(213): include('APPPATH\\Views\\bidang.php')
 3 SYSTEMPATH\View\View.php(216): CodeIgniter\View\View->CodeIgniter\View\{closure}()
 4 SYSTEMPATH\Common.php(1177): CodeIgniter\View\View->render('bidang', [], true)
 5 APPPATH\Controllers\Bidang.php(30): view('bidang', [...])
 6 SYSTEMPATH\CodeIgniter.php(934): App\Controllers\Bidang->index()
 7 SYSTEMPATH\CodeIgniter.php(499): CodeIgniter\CodeIgniter->runController(Object(App\Controllers\Bidang))
 8 SYSTEMPATH\CodeIgniter.php(368): CodeIgniter\CodeIgniter->handleRequest(null, Object(Config\Cache), false)
 9 FCPATH\index.php(67): CodeIgniter\CodeIgniter->run()
10 SYSTEMPATH\Commands\Server\rewrite.php(47): require_once('FCPATH\\index.php')
CRITICAL - 2023-02-11 17:57:47 --> syntax error, unexpected 'class' (T_CLASS), expecting ';' or ','
in APPPATH\Controllers\Bidang.php on line 10.
 1 SYSTEMPATH\Router\Router.php(506): CodeIgniter\Router\AutoRouter->getRoute('bidang')
 2 SYSTEMPATH\Router\Router.php(205): CodeIgniter\Router\Router->autoRoute('bidang')
 3 SYSTEMPATH\CodeIgniter.php(815): CodeIgniter\Router\Router->handle('bidang')
 4 SYSTEMPATH\CodeIgniter.php(449): CodeIgniter\CodeIgniter->tryToRouteIt(Object(CodeIgniter\Router\RouteCollection))
 5 SYSTEMPATH\CodeIgniter.php(368): CodeIgniter\CodeIgniter->handleRequest(null, Object(Config\Cache), false)
 6 FCPATH\index.php(67): CodeIgniter\CodeIgniter->run()
 7 SYSTEMPATH\Commands\Server\rewrite.php(47): require_once('FCPATH\\index.php')
INFO - 2023-02-11 17:58:09 --> CSRF token verified.
INFO - 2023-02-11 17:59:12 --> CSRF token verified.
INFO - 2023-02-11 18:02:56 --> CSRF token verified.
INFO - 2023-02-11 18:05:57 --> CSRF token verified.
INFO - 2023-02-11 18:07:33 --> CSRF token verified.
INFO - 2023-02-11 18:08:23 --> CSRF token verified.
INFO - 2023-02-11 18:08:40 --> CSRF token verified.
INFO - 2023-02-11 18:09:22 --> CSRF token verified.
INFO - 2023-02-11 18:10:03 --> CSRF token verified.
INFO - 2023-02-11 18:10:38 --> CSRF token verified.
INFO - 2023-02-11 18:11:07 --> CSRF token verified.
INFO - 2023-02-11 18:11:48 --> CSRF token verified.
INFO - 2023-02-11 18:12:07 --> CSRF token verified.
INFO - 2023-02-11 18:12:35 --> CSRF token verified.
INFO - 2023-02-11 18:12:41 --> CSRF token verified.
INFO - 2023-02-11 18:13:17 --> CSRF token verified.
INFO - 2023-02-11 18:16:36 --> CSRF token verified.
INFO - 2023-02-11 18:18:03 --> CSRF token verified.
INFO - 2023-02-11 18:19:46 --> CSRF token verified.
INFO - 2023-02-11 18:23:03 --> CSRF token verified.
INFO - 2023-02-11 18:25:08 --> CSRF token verified.
INFO - 2023-02-11 18:25:37 --> CSRF token verified.
INFO - 2023-02-11 18:27:46 --> CSRF token verified.
INFO - 2023-02-11 18:27:47 --> CSRF token verified.
INFO - 2023-02-11 18:27:55 --> CSRF token verified.
INFO - 2023-02-11 18:27:57 --> CSRF token verified.
INFO - 2023-02-11 18:27:59 --> CSRF token verified.
INFO - 2023-02-11 18:28:23 --> CSRF token verified.
INFO - 2023-02-11 18:29:18 --> CSRF token verified.
INFO - 2023-02-11 18:29:19 --> CSRF token verified.
INFO - 2023-02-11 18:29:54 --> CSRF token verified.
INFO - 2023-02-11 18:29:56 --> CSRF token verified.
INFO - 2023-02-11 18:30:08 --> CSRF token verified.
INFO - 2023-02-11 18:30:11 --> CSRF token verified.
INFO - 2023-02-11 18:34:28 --> CSRF token verified.
INFO - 2023-02-11 18:34:29 --> CSRF token verified.
INFO - 2023-02-11 18:36:17 --> CSRF token verified.
INFO - 2023-02-11 18:36:19 --> CSRF token verified.
INFO - 2023-02-11 18:36:44 --> CSRF token verified.
INFO - 2023-02-11 18:36:45 --> CSRF token verified.
INFO - 2023-02-11 18:37:30 --> CSRF token verified.
INFO - 2023-02-11 18:37:36 --> CSRF token verified.
INFO - 2023-02-11 18:39:52 --> CSRF token verified.
INFO - 2023-02-11 18:39:53 --> CSRF token verified.
INFO - 2023-02-11 18:40:07 --> CSRF token verified.
INFO - 2023-02-11 18:40:09 --> CSRF token verified.
INFO - 2023-02-11 18:40:12 --> CSRF token verified.
INFO - 2023-02-11 18:40:14 --> CSRF token verified.
INFO - 2023-02-11 18:42:35 --> CSRF token verified.
CRITICAL - 2023-02-11 18:42:35 --> Undefined property: stdClass::$id_bidang
in APPPATH\Controllers\Bidang.php on line 45.
 1 APPPATH\Controllers\Bidang.php(45): CodeIgniter\Debug\Exceptions->errorHandler(8, 'Undefined property: stdClass::$id_bidang', 'APPPATH\\Controllers\\Bidang.php', 45, [...])
 2 SYSTEMPATH\CodeIgniter.php(934): App\Controllers\Bidang->getAll()
 3 SYSTEMPATH\CodeIgniter.php(499): CodeIgniter\CodeIgniter->runController(Object(App\Controllers\Bidang))
 4 SYSTEMPATH\CodeIgniter.php(368): CodeIgniter\CodeIgniter->handleRequest(null, Object(Config\Cache), false)
 5 FCPATH\index.php(67): CodeIgniter\CodeIgniter->run()
 6 SYSTEMPATH\Commands\Server\rewrite.php(47): require_once('FCPATH\\index.php')
INFO - 2023-02-11 18:42:53 --> CSRF token verified.
CRITICAL - 2023-02-11 18:42:53 --> Undefined property: stdClass::$id_bidang
in APPPATH\Controllers\Bidang.php on line 45.
 1 APPPATH\Controllers\Bidang.php(45): CodeIgniter\Debug\Exceptions->errorHandler(8, 'Undefined property: stdClass::$id_bidang', 'APPPATH\\Controllers\\Bidang.php', 45, [...])
 2 SYSTEMPATH\CodeIgniter.php(934): App\Controllers\Bidang->getAll()
 3 SYSTEMPATH\CodeIgniter.php(499): CodeIgniter\CodeIgniter->runController(Object(App\Controllers\Bidang))
 4 SYSTEMPATH\CodeIgniter.php(368): CodeIgniter\CodeIgniter->handleRequest(null, Object(Config\Cache), false)
 5 FCPATH\index.php(67): CodeIgniter\CodeIgniter->run()
 6 SYSTEMPATH\Commands\Server\rewrite.php(47): require_once('FCPATH\\index.php')
INFO - 2023-02-11 18:46:10 --> CSRF token verified.
CRITICAL - 2023-02-11 18:46:10 --> Undefined property: stdClass::$id_bidang
in APPPATH\Controllers\Bidang.php on line 45.
 1 APPPATH\Controllers\Bidang.php(45): CodeIgniter\Debug\Exceptions->errorHandler(8, 'Undefined property: stdClass::$id_bidang', 'APPPATH\\Controllers\\Bidang.php', 45, [...])
 2 SYSTEMPATH\CodeIgniter.php(934): App\Controllers\Bidang->getAll()
 3 SYSTEMPATH\CodeIgniter.php(499): CodeIgniter\CodeIgniter->runController(Object(App\Controllers\Bidang))
 4 SYSTEMPATH\CodeIgniter.php(368): CodeIgniter\CodeIgniter->handleRequest(null, Object(Config\Cache), false)
 5 FCPATH\index.php(67): CodeIgniter\CodeIgniter->run()
 6 SYSTEMPATH\Commands\Server\rewrite.php(47): require_once('FCPATH\\index.php')
INFO - 2023-02-11 18:46:34 --> CSRF token verified.
INFO - 2023-02-11 18:47:22 --> CSRF token verified.
INFO - 2023-02-11 18:47:47 --> CSRF token verified.
INFO - 2023-02-11 18:52:11 --> CSRF token verified.
INFO - 2023-02-11 18:52:27 --> CSRF token verified.
INFO - 2023-02-11 18:52:38 --> CSRF token verified.
INFO - 2023-02-11 18:53:48 --> CSRF token verified.
INFO - 2023-02-11 18:53:54 --> CSRF token verified.
INFO - 2023-02-11 18:56:42 --> CSRF token verified.
INFO - 2023-02-11 18:56:56 --> CSRF token verified.
INFO - 2023-02-11 18:57:19 --> CSRF token verified.
INFO - 2023-02-11 18:59:39 --> CSRF token verified.
INFO - 2023-02-11 18:59:53 --> CSRF token verified.
INFO - 2023-02-11 18:59:56 --> CSRF token verified.
INFO - 2023-02-11 19:00:03 --> CSRF token verified.
INFO - 2023-02-11 19:00:05 --> CSRF token verified.
INFO - 2023-02-11 19:00:07 --> CSRF token verified.
INFO - 2023-02-11 19:03:44 --> CSRF token verified.
INFO - 2023-02-11 19:04:03 --> CSRF token verified.
INFO - 2023-02-11 19:04:12 --> CSRF token verified.
INFO - 2023-02-11 19:04:21 --> CSRF token verified.
INFO - 2023-02-11 19:04:52 --> CSRF token verified.
INFO - 2023-02-11 19:05:06 --> CSRF token verified.
INFO - 2023-02-11 19:05:30 --> CSRF token verified.
INFO - 2023-02-11 19:06:49 --> CSRF token verified.
INFO - 2023-02-11 19:07:04 --> CSRF token verified.
INFO - 2023-02-11 19:07:28 --> CSRF token verified.
INFO - 2023-02-11 19:08:17 --> CSRF token verified.
INFO - 2023-02-11 19:08:45 --> CSRF token verified.
INFO - 2023-02-11 19:09:02 --> CSRF token verified.
INFO - 2023-02-11 19:11:25 --> CSRF token verified.
INFO - 2023-02-11 19:11:39 --> CSRF token verified.
INFO - 2023-02-11 19:11:46 --> CSRF token verified.
INFO - 2023-02-11 19:12:05 --> CSRF token verified.
INFO - 2023-02-11 19:22:15 --> CSRF token verified.
CRITICAL - 2023-02-11 19:22:16 --> Undefined variable: title
in APPPATH\Views\layouts\master_app.php on line 13.
 1 APPPATH\Views\layouts\master_app.php(13): CodeIgniter\Debug\Exceptions->errorHandler(8, 'Undefined variable: title', 'APPPATH\\Views\\layouts\\master_app.php', 13, [])
 2 SYSTEMPATH\View\View.php(213): include('APPPATH\\Views\\layouts\\master_app.php')
 3 SYSTEMPATH\View\View.php(216): CodeIgniter\View\View->CodeIgniter\View\{closure}()
 4 SYSTEMPATH\Common.php(1177): CodeIgniter\View\View->render('layouts/master_app', [], true)
 5 APPPATH\Controllers\Home.php(9): view('layouts/master_app')
 6 SYSTEMPATH\CodeIgniter.php(934): App\Controllers\Home->index()
 7 SYSTEMPATH\CodeIgniter.php(499): CodeIgniter\CodeIgniter->runController(Object(App\Controllers\Home))
 8 SYSTEMPATH\CodeIgniter.php(368): CodeIgniter\CodeIgniter->handleRequest(null, Object(Config\Cache), false)
 9 FCPATH\index.php(67): CodeIgniter\CodeIgniter->run()
10 SYSTEMPATH\Commands\Server\rewrite.php(47): require_once('FCPATH\\index.php')
CRITICAL - 2023-02-11 19:24:33 --> Undefined variable: title
in APPPATH\Views\layouts\master_app.php on line 13.
 1 APPPATH\Views\layouts\master_app.php(13): CodeIgniter\Debug\Exceptions->errorHandler(8, 'Undefined variable: title', 'APPPATH\\Views\\layouts\\master_app.php', 13, [])
 2 SYSTEMPATH\View\View.php(213): include('APPPATH\\Views\\layouts\\master_app.php')
 3 SYSTEMPATH\View\View.php(216): CodeIgniter\View\View->CodeIgniter\View\{closure}()
 4 SYSTEMPATH\Common.php(1177): CodeIgniter\View\View->render('layouts/master_app', [], true)
 5 APPPATH\Controllers\Home.php(12): view('layouts/master_app')
 6 SYSTEMPATH\CodeIgniter.php(934): App\Controllers\Home->index()
 7 SYSTEMPATH\CodeIgniter.php(499): CodeIgniter\CodeIgniter->runController(Object(App\Controllers\Home))
 8 SYSTEMPATH\CodeIgniter.php(368): CodeIgniter\CodeIgniter->handleRequest(null, Object(Config\Cache), false)
 9 FCPATH\index.php(67): CodeIgniter\CodeIgniter->run()
10 SYSTEMPATH\Commands\Server\rewrite.php(47): require_once('FCPATH\\index.php')
CRITICAL - 2023-02-11 19:24:36 --> Undefined variable: title
in APPPATH\Views\layouts\master_app.php on line 13.
 1 APPPATH\Views\layouts\master_app.php(13): CodeIgniter\Debug\Exceptions->errorHandler(8, 'Undefined variable: title', 'APPPATH\\Views\\layouts\\master_app.php', 13, [])
 2 SYSTEMPATH\View\View.php(213): include('APPPATH\\Views\\layouts\\master_app.php')
 3 SYSTEMPATH\View\View.php(216): CodeIgniter\View\View->CodeIgniter\View\{closure}()
 4 SYSTEMPATH\Common.php(1177): CodeIgniter\View\View->render('layouts/master_app', [], true)
 5 APPPATH\Controllers\Home.php(12): view('layouts/master_app')
 6 SYSTEMPATH\CodeIgniter.php(934): App\Controllers\Home->index()
 7 SYSTEMPATH\CodeIgniter.php(499): CodeIgniter\CodeIgniter->runController(Object(App\Controllers\Home))
 8 SYSTEMPATH\CodeIgniter.php(368): CodeIgniter\CodeIgniter->handleRequest(null, Object(Config\Cache), false)
 9 FCPATH\index.php(67): CodeIgniter\CodeIgniter->run()
10 SYSTEMPATH\Commands\Server\rewrite.php(47): require_once('FCPATH\\index.php')
CRITICAL - 2023-02-11 19:24:48 --> Undefined variable: val
in APPPATH\Views\layouts\master_app.php on line 162.
 1 APPPATH\Views\layouts\master_app.php(162): CodeIgniter\Debug\Exceptions->errorHandler(8, 'Undefined variable: val', 'APPPATH\\Views\\layouts\\master_app.php', 162, [...])
 2 SYSTEMPATH\View\View.php(213): include('APPPATH\\Views\\layouts\\master_app.php')
 3 SYSTEMPATH\View\View.php(216): CodeIgniter\View\View->CodeIgniter\View\{closure}()
 4 SYSTEMPATH\Common.php(1177): CodeIgniter\View\View->render('layouts/master_app', [], true)
 5 APPPATH\Controllers\Home.php(12): view('layouts/master_app', [...])
 6 SYSTEMPATH\CodeIgniter.php(934): App\Controllers\Home->index()
 7 SYSTEMPATH\CodeIgniter.php(499): CodeIgniter\CodeIgniter->runController(Object(App\Controllers\Home))
 8 SYSTEMPATH\CodeIgniter.php(368): CodeIgniter\CodeIgniter->handleRequest(null, Object(Config\Cache), false)
 9 FCPATH\index.php(67): CodeIgniter\CodeIgniter->run()
10 SYSTEMPATH\Commands\Server\rewrite.php(47): require_once('FCPATH\\index.php')
CRITICAL - 2023-02-11 19:26:22 --> Undefined variable: val
in APPPATH\Views\layouts\master_app.php on line 162.
 1 APPPATH\Views\layouts\master_app.php(162): CodeIgniter\Debug\Exceptions->errorHandler(8, 'Undefined variable: val', 'APPPATH\\Views\\layouts\\master_app.php', 162, [...])
 2 SYSTEMPATH\View\View.php(213): include('APPPATH\\Views\\layouts\\master_app.php')
 3 SYSTEMPATH\View\View.php(216): CodeIgniter\View\View->CodeIgniter\View\{closure}()
 4 SYSTEMPATH\Common.php(1177): CodeIgniter\View\View->render('layouts/master_app', [], true)
 5 APPPATH\Controllers\Home.php(24): view('layouts/master_app', [...])
 6 SYSTEMPATH\CodeIgniter.php(934): App\Controllers\Home->index()
 7 SYSTEMPATH\CodeIgniter.php(499): CodeIgniter\CodeIgniter->runController(Object(App\Controllers\Home))
 8 SYSTEMPATH\CodeIgniter.php(368): CodeIgniter\CodeIgniter->handleRequest(null, Object(Config\Cache), false)
 9 FCPATH\index.php(67): CodeIgniter\CodeIgniter->run()
10 SYSTEMPATH\Commands\Server\rewrite.php(47): require_once('FCPATH\\index.php')
CRITICAL - 2023-02-11 19:31:44 --> Undefined variable: val
in APPPATH\Views\layouts\master_app.php on line 168.
 1 APPPATH\Views\layouts\master_app.php(168): CodeIgniter\Debug\Exceptions->errorHandler(8, 'Undefined variable: val', 'APPPATH\\Views\\layouts\\master_app.php', 168, [...])
 2 SYSTEMPATH\View\View.php(213): include('APPPATH\\Views\\layouts\\master_app.php')
 3 SYSTEMPATH\View\View.php(216): CodeIgniter\View\View->CodeIgniter\View\{closure}()
 4 SYSTEMPATH\View\View.php(229): CodeIgniter\View\View->render('layouts/master_app', [], true)
 5 SYSTEMPATH\Common.php(1177): CodeIgniter\View\View->render('authgroups', [], true)
 6 APPPATH\Controllers\Groups.php(30): view('authgroups', [...])
 7 SYSTEMPATH\CodeIgniter.php(934): App\Controllers\Groups->index()
 8 SYSTEMPATH\CodeIgniter.php(499): CodeIgniter\CodeIgniter->runController(Object(App\Controllers\Groups))
 9 SYSTEMPATH\CodeIgniter.php(368): CodeIgniter\CodeIgniter->handleRequest(null, Object(Config\Cache), false)
10 FCPATH\index.php(67): CodeIgniter\CodeIgniter->run()
11 SYSTEMPATH\Commands\Server\rewrite.php(47): require_once('FCPATH\\index.php')
INFO - 2023-02-11 19:33:03 --> CSRF token verified.
INFO - 2023-02-11 19:33:13 --> CSRF token verified.
INFO - 2023-02-11 19:33:16 --> CSRF token verified.
INFO - 2023-02-11 19:33:21 --> CSRF token verified.
INFO - 2023-02-11 19:33:25 --> CSRF token verified.
INFO - 2023-02-11 19:33:27 --> CSRF token verified.
INFO - 2023-02-11 19:33:29 --> CSRF token verified.
INFO - 2023-02-11 19:33:34 --> CSRF token verified.
INFO - 2023-02-11 19:33:36 --> CSRF token verified.
INFO - 2023-02-11 19:33:42 --> CSRF token verified.
INFO - 2023-02-11 19:33:45 --> CSRF token verified.
INFO - 2023-02-11 19:34:18 --> CSRF token verified.
INFO - 2023-02-11 19:34:18 --> CSRF token verified.
CRITICAL - 2023-02-11 19:34:20 --> Undefined variable: val
in APPPATH\Views\layouts\master_app.php on line 168.
 1 APPPATH\Views\layouts\master_app.php(168): CodeIgniter\Debug\Exceptions->errorHandler(8, 'Undefined variable: val', 'APPPATH\\Views\\layouts\\master_app.php', 168, [...])
 2 SYSTEMPATH\View\View.php(213): include('APPPATH\\Views\\layouts\\master_app.php')
 3 SYSTEMPATH\View\View.php(216): CodeIgniter\View\View->CodeIgniter\View\{closure}()
 4 SYSTEMPATH\View\View.php(229): CodeIgniter\View\View->render('layouts/master_app', [], true)
 5 SYSTEMPATH\Common.php(1177): CodeIgniter\View\View->render('users', [], true)
 6 APPPATH\Controllers\Users.php(30): view('users', [...])
 7 SYSTEMPATH\CodeIgniter.php(934): App\Controllers\Users->index()
 8 SYSTEMPATH\CodeIgniter.php(499): CodeIgniter\CodeIgniter->runController(Object(App\Controllers\Users))
 9 SYSTEMPATH\CodeIgniter.php(368): CodeIgniter\CodeIgniter->handleRequest(null, Object(Config\Cache), false)
10 FCPATH\index.php(67): CodeIgniter\CodeIgniter->run()
11 SYSTEMPATH\Commands\Server\rewrite.php(47): require_once('FCPATH\\index.php')
INFO - 2023-02-11 19:35:41 --> CSRF token verified.
INFO - 2023-02-11 19:36:48 --> CSRF token verified.
INFO - 2023-02-11 19:37:46 --> CSRF token verified.
INFO - 2023-02-11 19:40:01 --> CSRF token verified.
INFO - 2023-02-11 19:40:07 --> CSRF token verified.
INFO - 2023-02-11 19:41:37 --> CSRF token verified.
INFO - 2023-02-11 19:41:46 --> CSRF token verified.
