INFO - 2023-02-16 14:43:32 --> CSRF token verified.
INFO - 2023-02-16 14:44:11 --> CSRF token verified.
INFO - 2023-02-16 14:44:37 --> CSRF token verified.
ERROR - 2023-02-16 14:46:16 --> mysqli_sql_exception: Table 'ci4taskmonitoring.pic' doesn't exist in C:\laragon\www\ci4taskmonitoring\vendor\codeigniter4\framework\system\Database\MySQLi\Connection.php:295
Stack trace:
#0 C:\laragon\www\ci4taskmonitoring\vendor\codeigniter4\framework\system\Database\MySQLi\Connection.php(295): mysqli->query('SELECT *\nFROM `...', 0)
#1 C:\laragon\www\ci4taskmonitoring\vendor\codeigniter4\framework\system\Database\BaseConnection.php(691): CodeIgniter\Database\MySQLi\Connection->execute('SELECT *\nFROM `...')
#2 C:\laragon\www\ci4taskmonitoring\vendor\codeigniter4\framework\system\Database\BaseConnection.php(605): CodeIgniter\Database\BaseConnection->simpleQuery('SELECT *\nFROM `...')
#3 C:\laragon\www\ci4taskmonitoring\vendor\codeigniter4\framework\system\Database\BaseBuilder.php(1602): CodeIgniter\Database\BaseConnection->query('SELECT *\nFROM `...', Array, false)
#4 C:\laragon\www\ci4taskmonitoring\vendor\codeigniter4\framework\system\Model.php(240): CodeIgniter\Database\BaseBuilder->get()
#5 C:\laragon\www\ci4taskmonitoring\vendor\codeigniter4\framework\system\BaseModel.php(618): CodeIgniter\Model->doFindAll(0, 0)
#6 C:\laragon\www\ci4taskmonitoring\app\Controllers\Project.php(39): CodeIgniter\BaseModel->findAll()
#7 C:\laragon\www\ci4taskmonitoring\vendor\codeigniter4\framework\system\CodeIgniter.php(934): App\Controllers\Project->index()
#8 C:\laragon\www\ci4taskmonitoring\vendor\codeigniter4\framework\system\CodeIgniter.php(499): CodeIgniter\CodeIgniter->runController(Object(App\Controllers\Project))
#9 C:\laragon\www\ci4taskmonitoring\vendor\codeigniter4\framework\system\CodeIgniter.php(368): CodeIgniter\CodeIgniter->handleRequest(NULL, Object(Config\Cache), false)
#10 C:\laragon\www\ci4taskmonitoring\public\index.php(67): CodeIgniter\CodeIgniter->run()
#11 C:\laragon\www\ci4taskmonitoring\vendor\codeigniter4\framework\system\Commands\Server\rewrite.php(47): require_once('C:\\laragon\\www\\...')
#12 {main}
CRITICAL - 2023-02-16 14:46:16 --> Table 'ci4taskmonitoring.pic' doesn't exist
in SYSTEMPATH\Database\BaseConnection.php on line 645.
 1 SYSTEMPATH\Database\BaseBuilder.php(1602): CodeIgniter\Database\BaseConnection->query('SELECT *
FROM `pic`', [], false)
 2 SYSTEMPATH\Model.php(240): CodeIgniter\Database\BaseBuilder->get()
 3 SYSTEMPATH\BaseModel.php(618): CodeIgniter\Model->doFindAll(0, 0)
 4 APPPATH\Controllers\Project.php(39): CodeIgniter\BaseModel->findAll()
 5 SYSTEMPATH\CodeIgniter.php(934): App\Controllers\Project->index()
 6 SYSTEMPATH\CodeIgniter.php(499): CodeIgniter\CodeIgniter->runController(Object(App\Controllers\Project))
 7 SYSTEMPATH\CodeIgniter.php(368): CodeIgniter\CodeIgniter->handleRequest(null, Object(Config\Cache), false)
 8 FCPATH\index.php(67): CodeIgniter\CodeIgniter->run()
 9 SYSTEMPATH\Commands\Server\rewrite.php(47): require_once('FCPATH\\index.php')
INFO - 2023-02-16 14:46:20 --> CSRF token verified.
INFO - 2023-02-16 14:47:28 --> CSRF token verified.
INFO - 2023-02-16 14:50:21 --> CSRF token verified.
INFO - 2023-02-16 14:50:25 --> CSRF token verified.
INFO - 2023-02-16 14:54:05 --> CSRF token verified.
INFO - 2023-02-16 14:56:32 --> CSRF token verified.
INFO - 2023-02-16 15:01:33 --> CSRF token verified.
INFO - 2023-02-16 15:01:55 --> CSRF token verified.
INFO - 2023-02-16 15:04:22 --> CSRF token verified.
INFO - 2023-02-16 15:04:34 --> CSRF token verified.
INFO - 2023-02-16 15:04:39 --> CSRF token verified.
INFO - 2023-02-16 15:05:47 --> CSRF token verified.
INFO - 2023-02-16 15:08:31 --> CSRF token verified.
INFO - 2023-02-16 15:13:16 --> CSRF token verified.
INFO - 2023-02-16 15:19:44 --> CSRF token verified.
INFO - 2023-02-16 15:25:39 --> CSRF token verified.
INFO - 2023-02-16 15:26:15 --> CSRF token verified.
INFO - 2023-02-16 15:27:22 --> CSRF token verified.
INFO - 2023-02-16 15:32:00 --> Session: Class initialized using 'CodeIgniter\Session\Handlers\FileHandler' driver.
INFO - 2023-02-16 15:32:01 --> CSRF token verified.
INFO - 2023-02-16 15:32:33 --> Session: Class initialized using 'CodeIgniter\Session\Handlers\FileHandler' driver.
INFO - 2023-02-16 15:32:35 --> CSRF token verified.
INFO - 2023-02-16 15:32:48 --> Session: Class initialized using 'CodeIgniter\Session\Handlers\FileHandler' driver.
INFO - 2023-02-16 15:33:03 --> CSRF token verified.
INFO - 2023-02-16 15:33:03 --> Session: Class initialized using 'CodeIgniter\Session\Handlers\FileHandler' driver.
INFO - 2023-02-16 15:33:04 --> Session: Class initialized using 'CodeIgniter\Session\Handlers\FileHandler' driver.
INFO - 2023-02-16 15:33:21 --> CSRF token verified.
INFO - 2023-02-16 15:33:21 --> Session: Class initialized using 'CodeIgniter\Session\Handlers\FileHandler' driver.
INFO - 2023-02-16 15:33:22 --> Session: Class initialized using 'CodeIgniter\Session\Handlers\FileHandler' driver.
INFO - 2023-02-16 15:33:23 --> CSRF token verified.
INFO - 2023-02-16 15:34:52 --> Session: Class initialized using 'CodeIgniter\Session\Handlers\FileHandler' driver.
INFO - 2023-02-16 15:34:54 --> CSRF token verified.
INFO - 2023-02-16 15:35:01 --> Session: Class initialized using 'CodeIgniter\Session\Handlers\FileHandler' driver.
INFO - 2023-02-16 15:35:02 --> Session: Class initialized using 'CodeIgniter\Session\Handlers\FileHandler' driver.
INFO - 2023-02-16 15:35:06 --> Session: Class initialized using 'CodeIgniter\Session\Handlers\FileHandler' driver.
INFO - 2023-02-16 15:35:15 --> CSRF token verified.
INFO - 2023-02-16 15:35:15 --> Session: Class initialized using 'CodeIgniter\Session\Handlers\FileHandler' driver.
INFO - 2023-02-16 15:35:16 --> Session: Class initialized using 'CodeIgniter\Session\Handlers\FileHandler' driver.
INFO - 2023-02-16 15:35:31 --> Session: Class initialized using 'CodeIgniter\Session\Handlers\FileHandler' driver.
INFO - 2023-02-16 15:35:32 --> CSRF token verified.
CRITICAL - 2023-02-16 15:37:25 --> Call to undefined function user()
in APPPATH\Views\layouts\master_app.php on line 274.
 1 SYSTEMPATH\View\View.php(213): include()
 2 SYSTEMPATH\View\View.php(216): CodeIgniter\View\View->CodeIgniter\View\{closure}()
 3 SYSTEMPATH\View\View.php(229): CodeIgniter\View\View->render('layouts/master_app', [], true)
 4 SYSTEMPATH\Common.php(1177): CodeIgniter\View\View->render('bidang', [], true)
 5 APPPATH\Controllers\Bidang.php(34): view('bidang', [...])
 6 SYSTEMPATH\CodeIgniter.php(934): App\Controllers\Bidang->index()
 7 SYSTEMPATH\CodeIgniter.php(499): CodeIgniter\CodeIgniter->runController(Object(App\Controllers\Bidang))
 8 SYSTEMPATH\CodeIgniter.php(368): CodeIgniter\CodeIgniter->handleRequest(null, Object(Config\Cache), false)
 9 FCPATH\index.php(67): CodeIgniter\CodeIgniter->run()
10 SYSTEMPATH\Commands\Server\rewrite.php(47): require_once('FCPATH\\index.php')
INFO - 2023-02-16 15:38:17 --> Session: Class initialized using 'CodeIgniter\Session\Handlers\FileHandler' driver.
INFO - 2023-02-16 15:38:19 --> CSRF token verified.
INFO - 2023-02-16 15:39:14 --> Session: Class initialized using 'CodeIgniter\Session\Handlers\FileHandler' driver.
INFO - 2023-02-16 15:39:16 --> CSRF token verified.
INFO - 2023-02-16 15:39:42 --> Session: Class initialized using 'CodeIgniter\Session\Handlers\FileHandler' driver.
INFO - 2023-02-16 15:39:43 --> CSRF token verified.
INFO - 2023-02-16 15:40:26 --> Session: Class initialized using 'CodeIgniter\Session\Handlers\FileHandler' driver.
INFO - 2023-02-16 15:40:28 --> CSRF token verified.
INFO - 2023-02-16 15:40:33 --> Session: Class initialized using 'CodeIgniter\Session\Handlers\FileHandler' driver.
INFO - 2023-02-16 15:40:35 --> CSRF token verified.
INFO - 2023-02-16 15:40:35 --> Session: Class initialized using 'CodeIgniter\Session\Handlers\FileHandler' driver.
INFO - 2023-02-16 15:40:36 --> CSRF token verified.
INFO - 2023-02-16 15:43:30 --> CSRF token verified.
INFO - 2023-02-16 15:50:08 --> Session: Class initialized using 'CodeIgniter\Session\Handlers\FileHandler' driver.
INFO - 2023-02-16 15:50:09 --> CSRF token verified.
INFO - 2023-02-16 15:50:12 --> Session: Class initialized using 'CodeIgniter\Session\Handlers\FileHandler' driver.
INFO - 2023-02-16 15:50:13 --> CSRF token verified.
INFO - 2023-02-16 15:50:16 --> Session: Class initialized using 'CodeIgniter\Session\Handlers\FileHandler' driver.
INFO - 2023-02-16 15:50:17 --> CSRF token verified.
CRITICAL - 2023-02-16 16:04:28 --> Cannot use object of type Myth\Auth\Entities\Group as array
in APPPATH\Views\users.php on line 48.
 1 SYSTEMPATH\View\View.php(213): include()
 2 SYSTEMPATH\View\View.php(216): CodeIgniter\View\View->CodeIgniter\View\{closure}()
 3 SYSTEMPATH\Common.php(1177): CodeIgniter\View\View->render('users', [], true)
 4 APPPATH\Controllers\Users.php(43): view('users', [...])
 5 SYSTEMPATH\CodeIgniter.php(934): App\Controllers\Users->index()
 6 SYSTEMPATH\CodeIgniter.php(499): CodeIgniter\CodeIgniter->runController(Object(App\Controllers\Users))
 7 SYSTEMPATH\CodeIgniter.php(368): CodeIgniter\CodeIgniter->handleRequest(null, Object(Config\Cache), false)
 8 FCPATH\index.php(67): CodeIgniter\CodeIgniter->run()
 9 SYSTEMPATH\Commands\Server\rewrite.php(47): require_once('FCPATH\\index.php')
INFO - 2023-02-16 16:05:25 --> Session: Class initialized using 'CodeIgniter\Session\Handlers\FileHandler' driver.
INFO - 2023-02-16 16:05:27 --> CSRF token verified.
INFO - 2023-02-16 16:06:10 --> Session: Class initialized using 'CodeIgniter\Session\Handlers\FileHandler' driver.
INFO - 2023-02-16 16:06:11 --> CSRF token verified.
INFO - 2023-02-16 16:06:44 --> Session: Class initialized using 'CodeIgniter\Session\Handlers\FileHandler' driver.
INFO - 2023-02-16 16:06:46 --> CSRF token verified.
INFO - 2023-02-16 16:13:22 --> Session: Class initialized using 'CodeIgniter\Session\Handlers\FileHandler' driver.
INFO - 2023-02-16 16:13:24 --> CSRF token verified.
INFO - 2023-02-16 16:13:25 --> Session: Class initialized using 'CodeIgniter\Session\Handlers\FileHandler' driver.
INFO - 2023-02-16 16:13:27 --> CSRF token verified.
INFO - 2023-02-16 16:24:34 --> Session: Class initialized using 'CodeIgniter\Session\Handlers\FileHandler' driver.
INFO - 2023-02-16 16:24:35 --> CSRF token verified.
INFO - 2023-02-16 16:25:01 --> CSRF token verified.
INFO - 2023-02-16 16:25:03 --> CSRF token verified.
CRITICAL - 2023-02-16 16:25:03 --> Trying to access array offset on value of type null
in APPPATH\Controllers\Users.php on line 60.
 1 APPPATH\Controllers\Users.php(60): CodeIgniter\Debug\Exceptions->errorHandler(8, 'Trying to access array offset on value of type null', 'APPPATH\\Controllers\\Users.php', 60, [...])
 2 SYSTEMPATH\CodeIgniter.php(934): App\Controllers\Users->getAll()
 3 SYSTEMPATH\CodeIgniter.php(499): CodeIgniter\CodeIgniter->runController(Object(App\Controllers\Users))
 4 SYSTEMPATH\CodeIgniter.php(368): CodeIgniter\CodeIgniter->handleRequest(null, Object(Config\Cache), false)
 5 FCPATH\index.php(67): CodeIgniter\CodeIgniter->run()
 6 SYSTEMPATH\Commands\Server\rewrite.php(47): require_once('FCPATH\\index.php')
INFO - 2023-02-16 16:28:46 --> Session: Class initialized using 'CodeIgniter\Session\Handlers\FileHandler' driver.
INFO - 2023-02-16 16:28:50 --> CSRF token verified.
INFO - 2023-02-16 16:29:08 --> CSRF token verified.
INFO - 2023-02-16 16:29:10 --> CSRF token verified.
CRITICAL - 2023-02-16 16:29:10 --> Trying to access array offset on value of type null
in APPPATH\Controllers\Users.php on line 61.
 1 APPPATH\Controllers\Users.php(61): CodeIgniter\Debug\Exceptions->errorHandler(8, 'Trying to access array offset on value of type null', 'APPPATH\\Controllers\\Users.php', 61, [...])
 2 SYSTEMPATH\CodeIgniter.php(934): App\Controllers\Users->getAll()
 3 SYSTEMPATH\CodeIgniter.php(499): CodeIgniter\CodeIgniter->runController(Object(App\Controllers\Users))
 4 SYSTEMPATH\CodeIgniter.php(368): CodeIgniter\CodeIgniter->handleRequest(null, Object(Config\Cache), false)
 5 FCPATH\index.php(67): CodeIgniter\CodeIgniter->run()
 6 SYSTEMPATH\Commands\Server\rewrite.php(47): require_once('FCPATH\\index.php')
INFO - 2023-02-16 16:30:11 --> Session: Class initialized using 'CodeIgniter\Session\Handlers\FileHandler' driver.
INFO - 2023-02-16 16:30:13 --> CSRF token verified.
CRITICAL - 2023-02-16 16:30:13 --> Trying to access array offset on value of type null
in APPPATH\Controllers\Users.php on line 61.
 1 APPPATH\Controllers\Users.php(61): CodeIgniter\Debug\Exceptions->errorHandler(8, 'Trying to access array offset on value of type null', 'APPPATH\\Controllers\\Users.php', 61, [...])
 2 SYSTEMPATH\CodeIgniter.php(934): App\Controllers\Users->getAll()
 3 SYSTEMPATH\CodeIgniter.php(499): CodeIgniter\CodeIgniter->runController(Object(App\Controllers\Users))
 4 SYSTEMPATH\CodeIgniter.php(368): CodeIgniter\CodeIgniter->handleRequest(null, Object(Config\Cache), false)
 5 FCPATH\index.php(67): CodeIgniter\CodeIgniter->run()
 6 SYSTEMPATH\Commands\Server\rewrite.php(47): require_once('FCPATH\\index.php')
INFO - 2023-02-16 16:30:33 --> Session: Class initialized using 'CodeIgniter\Session\Handlers\FileHandler' driver.
INFO - 2023-02-16 16:30:34 --> CSRF token verified.
INFO - 2023-02-16 16:30:47 --> CSRF token verified.
INFO - 2023-02-16 16:30:48 --> CSRF token verified.
INFO - 2023-02-16 16:31:13 --> CSRF token verified.
INFO - 2023-02-16 16:31:15 --> CSRF token verified.
INFO - 2023-02-16 16:31:26 --> CSRF token verified.
INFO - 2023-02-16 16:31:37 --> Session: Class initialized using 'CodeIgniter\Session\Handlers\FileHandler' driver.
INFO - 2023-02-16 16:31:39 --> CSRF token verified.
INFO - 2023-02-16 16:32:18 --> Session: Class initialized using 'CodeIgniter\Session\Handlers\FileHandler' driver.
INFO - 2023-02-16 16:32:20 --> CSRF token verified.
INFO - 2023-02-16 16:32:24 --> CSRF token verified.
INFO - 2023-02-16 16:32:26 --> CSRF token verified.
INFO - 2023-02-16 16:32:34 --> Session: Class initialized using 'CodeIgniter\Session\Handlers\FileHandler' driver.
INFO - 2023-02-16 16:32:36 --> CSRF token verified.
INFO - 2023-02-16 16:32:49 --> CSRF token verified.
INFO - 2023-02-16 16:32:50 --> CSRF token verified.
INFO - 2023-02-16 16:33:35 --> Session: Class initialized using 'CodeIgniter\Session\Handlers\FileHandler' driver.
INFO - 2023-02-16 16:33:37 --> CSRF token verified.
INFO - 2023-02-16 16:33:41 --> CSRF token verified.
INFO - 2023-02-16 16:33:46 --> CSRF token verified.
INFO - 2023-02-16 16:33:50 --> CSRF token verified.
INFO - 2023-02-16 16:34:05 --> Session: Class initialized using 'CodeIgniter\Session\Handlers\FileHandler' driver.
INFO - 2023-02-16 16:34:05 --> Session: Class initialized using 'CodeIgniter\Session\Handlers\FileHandler' driver.
CRITICAL - 2023-02-16 16:34:05 --> Trying to get property 'avatar' of non-object
in APPPATH\Views\layouts\master_app.php on line 274.
 1 APPPATH\Views\layouts\master_app.php(274): CodeIgniter\Debug\Exceptions->errorHandler(8, 'Trying to get property \'avatar\' of non-object', 'APPPATH\\Views\\layouts\\master_app.php', 274, [...])
 2 SYSTEMPATH\View\View.php(213): include('APPPATH\\Views\\layouts\\master_app.php')
 3 SYSTEMPATH\View\View.php(216): CodeIgniter\View\View->CodeIgniter\View\{closure}()
 4 SYSTEMPATH\Common.php(1177): CodeIgniter\View\View->render('layouts/master_app', [], true)
 5 APPPATH\Controllers\Home.php(25): view('layouts/master_app', [...])
 6 SYSTEMPATH\CodeIgniter.php(934): App\Controllers\Home->index()
 7 SYSTEMPATH\CodeIgniter.php(499): CodeIgniter\CodeIgniter->runController(Object(App\Controllers\Home))
 8 SYSTEMPATH\CodeIgniter.php(368): CodeIgniter\CodeIgniter->handleRequest(null, Object(Config\Cache), false)
 9 FCPATH\index.php(67): CodeIgniter\CodeIgniter->run()
10 SYSTEMPATH\Commands\Server\rewrite.php(47): require_once('FCPATH\\index.php')
INFO - 2023-02-16 16:34:11 --> Session: Class initialized using 'CodeIgniter\Session\Handlers\FileHandler' driver.
INFO - 2023-02-16 16:34:19 --> CSRF token verified.
INFO - 2023-02-16 16:34:19 --> Session: Class initialized using 'CodeIgniter\Session\Handlers\FileHandler' driver.
INFO - 2023-02-16 16:34:20 --> Session: Class initialized using 'CodeIgniter\Session\Handlers\FileHandler' driver.
INFO - 2023-02-16 16:34:39 --> Session: Class initialized using 'CodeIgniter\Session\Handlers\FileHandler' driver.
INFO - 2023-02-16 16:34:39 --> Session: Class initialized using 'CodeIgniter\Session\Handlers\FileHandler' driver.
CRITICAL - 2023-02-16 16:34:39 --> Trying to get property 'avatar' of non-object
in APPPATH\Views\layouts\master_app.php on line 274.
 1 APPPATH\Views\layouts\master_app.php(274): CodeIgniter\Debug\Exceptions->errorHandler(8, 'Trying to get property \'avatar\' of non-object', 'APPPATH\\Views\\layouts\\master_app.php', 274, [...])
 2 SYSTEMPATH\View\View.php(213): include('APPPATH\\Views\\layouts\\master_app.php')
 3 SYSTEMPATH\View\View.php(216): CodeIgniter\View\View->CodeIgniter\View\{closure}()
 4 SYSTEMPATH\Common.php(1177): CodeIgniter\View\View->render('layouts/master_app', [], true)
 5 APPPATH\Controllers\Home.php(25): view('layouts/master_app', [...])
 6 SYSTEMPATH\CodeIgniter.php(934): App\Controllers\Home->index()
 7 SYSTEMPATH\CodeIgniter.php(499): CodeIgniter\CodeIgniter->runController(Object(App\Controllers\Home))
 8 SYSTEMPATH\CodeIgniter.php(368): CodeIgniter\CodeIgniter->handleRequest(null, Object(Config\Cache), false)
 9 FCPATH\index.php(67): CodeIgniter\CodeIgniter->run()
10 SYSTEMPATH\Commands\Server\rewrite.php(47): require_once('FCPATH\\index.php')
INFO - 2023-02-16 16:34:43 --> Session: Class initialized using 'CodeIgniter\Session\Handlers\FileHandler' driver.
INFO - 2023-02-16 16:35:25 --> CSRF token verified.
INFO - 2023-02-16 16:35:25 --> Session: Class initialized using 'CodeIgniter\Session\Handlers\FileHandler' driver.
INFO - 2023-02-16 16:35:25 --> Session: Class initialized using 'CodeIgniter\Session\Handlers\FileHandler' driver.
INFO - 2023-02-16 16:35:32 --> CSRF token verified.
INFO - 2023-02-16 16:35:32 --> Session: Class initialized using 'CodeIgniter\Session\Handlers\FileHandler' driver.
INFO - 2023-02-16 16:35:32 --> Session: Class initialized using 'CodeIgniter\Session\Handlers\FileHandler' driver.
INFO - 2023-02-16 16:35:36 --> Session: Class initialized using 'CodeIgniter\Session\Handlers\FileHandler' driver.
INFO - 2023-02-16 16:35:37 --> CSRF token verified.
CRITICAL - 2023-02-16 16:50:46 --> Object of class App\Models\BidangModel could not be converted to string
in APPPATH\Models\BidangModel.php on line 20.
 1 APPPATH\Controllers\Users.php(39): App\Models\BidangModel->getNamaCabang()
 2 SYSTEMPATH\CodeIgniter.php(934): App\Controllers\Users->index()
 3 SYSTEMPATH\CodeIgniter.php(499): CodeIgniter\CodeIgniter->runController(Object(App\Controllers\Users))
 4 SYSTEMPATH\CodeIgniter.php(368): CodeIgniter\CodeIgniter->handleRequest(null, Object(Config\Cache), false)
 5 FCPATH\index.php(67): CodeIgniter\CodeIgniter->run()
 6 SYSTEMPATH\Commands\Server\rewrite.php(47): require_once('FCPATH\\index.php')
CRITICAL - 2023-02-16 16:54:25 --> join(): Invalid arguments passed
in APPPATH\Controllers\Users.php on line 39.
 1 [internal function]: CodeIgniter\Debug\Exceptions->errorHandler(2, 'join(): Invalid arguments passed', 'APPPATH\\Controllers\\Users.php', 39, [])
 2 APPPATH\Controllers\Users.php(39): join('cabang', 'cabang.id_cabang = bidang.cabang_id')
 3 SYSTEMPATH\CodeIgniter.php(934): App\Controllers\Users->index()
 4 SYSTEMPATH\CodeIgniter.php(499): CodeIgniter\CodeIgniter->runController(Object(App\Controllers\Users))
 5 SYSTEMPATH\CodeIgniter.php(368): CodeIgniter\CodeIgniter->handleRequest(null, Object(Config\Cache), false)
 6 FCPATH\index.php(67): CodeIgniter\CodeIgniter->run()
 7 SYSTEMPATH\Commands\Server\rewrite.php(47): require_once('FCPATH\\index.php')
CRITICAL - 2023-02-16 16:54:44 --> Argument 1 passed to CodeIgniter\Database\BaseResult::getResult() must be of the type string, null given, called in C:\laragon\www\ci4taskmonitoring\vendor\codeigniter4\framework\system\Model.php on line 241
in SYSTEMPATH\Database\BaseResult.php on line 103.
 1 SYSTEMPATH\Model.php(241): CodeIgniter\Database\BaseResult->getResult(null)
 2 SYSTEMPATH\BaseModel.php(618): CodeIgniter\Model->doFindAll(0, 0)
 3 APPPATH\Controllers\Users.php(39): CodeIgniter\BaseModel->findAll()
 4 SYSTEMPATH\CodeIgniter.php(934): App\Controllers\Users->index()
 5 SYSTEMPATH\CodeIgniter.php(499): CodeIgniter\CodeIgniter->runController(Object(App\Controllers\Users))
 6 SYSTEMPATH\CodeIgniter.php(368): CodeIgniter\CodeIgniter->handleRequest(null, Object(Config\Cache), false)
 7 FCPATH\index.php(67): CodeIgniter\CodeIgniter->run()
 8 SYSTEMPATH\Commands\Server\rewrite.php(47): require_once('FCPATH\\index.php')
CRITICAL - 2023-02-16 16:55:27 --> Argument 1 passed to CodeIgniter\Database\BaseResult::getResult() must be of the type string, null given, called in C:\laragon\www\ci4taskmonitoring\vendor\codeigniter4\framework\system\Model.php on line 241
in SYSTEMPATH\Database\BaseResult.php on line 103.
 1 SYSTEMPATH\Model.php(241): CodeIgniter\Database\BaseResult->getResult(null)
 2 SYSTEMPATH\BaseModel.php(618): CodeIgniter\Model->doFindAll(0, 0)
 3 APPPATH\Controllers\Users.php(39): CodeIgniter\BaseModel->findAll()
 4 SYSTEMPATH\CodeIgniter.php(934): App\Controllers\Users->index()
 5 SYSTEMPATH\CodeIgniter.php(499): CodeIgniter\CodeIgniter->runController(Object(App\Controllers\Users))
 6 SYSTEMPATH\CodeIgniter.php(368): CodeIgniter\CodeIgniter->handleRequest(null, Object(Config\Cache), false)
 7 FCPATH\index.php(67): CodeIgniter\CodeIgniter->run()
 8 SYSTEMPATH\Commands\Server\rewrite.php(47): require_once('FCPATH\\index.php')
CRITICAL - 2023-02-16 16:56:20 --> Argument 1 passed to CodeIgniter\Database\BaseResult::getResult() must be of the type string, null given, called in C:\laragon\www\ci4taskmonitoring\vendor\codeigniter4\framework\system\Model.php on line 241
in SYSTEMPATH\Database\BaseResult.php on line 103.
 1 SYSTEMPATH\Model.php(241): CodeIgniter\Database\BaseResult->getResult(null)
 2 SYSTEMPATH\BaseModel.php(618): CodeIgniter\Model->doFindAll(0, 0)
 3 APPPATH\Controllers\Users.php(39): CodeIgniter\BaseModel->findAll()
 4 SYSTEMPATH\CodeIgniter.php(934): App\Controllers\Users->index()
 5 SYSTEMPATH\CodeIgniter.php(499): CodeIgniter\CodeIgniter->runController(Object(App\Controllers\Users))
 6 SYSTEMPATH\CodeIgniter.php(368): CodeIgniter\CodeIgniter->handleRequest(null, Object(Config\Cache), false)
 7 FCPATH\index.php(67): CodeIgniter\CodeIgniter->run()
 8 SYSTEMPATH\Commands\Server\rewrite.php(47): require_once('FCPATH\\index.php')
INFO - 2023-02-16 16:56:29 --> Session: Class initialized using 'CodeIgniter\Session\Handlers\FileHandler' driver.
CRITICAL - 2023-02-16 16:56:29 --> Argument 1 passed to CodeIgniter\Database\BaseResult::getResult() must be of the type string, null given, called in C:\laragon\www\ci4taskmonitoring\vendor\codeigniter4\framework\system\Model.php on line 241
in SYSTEMPATH\Database\BaseResult.php on line 103.
 1 SYSTEMPATH\Model.php(241): CodeIgniter\Database\BaseResult->getResult(null)
 2 SYSTEMPATH\BaseModel.php(618): CodeIgniter\Model->doFindAll(0, 0)
 3 APPPATH\Controllers\Home.php(23): CodeIgniter\BaseModel->findAll()
 4 SYSTEMPATH\CodeIgniter.php(934): App\Controllers\Home->index()
 5 SYSTEMPATH\CodeIgniter.php(499): CodeIgniter\CodeIgniter->runController(Object(App\Controllers\Home))
 6 SYSTEMPATH\CodeIgniter.php(368): CodeIgniter\CodeIgniter->handleRequest(null, Object(Config\Cache), false)
 7 FCPATH\index.php(67): CodeIgniter\CodeIgniter->run()
 8 SYSTEMPATH\Commands\Server\rewrite.php(47): require_once('FCPATH\\index.php')
INFO - 2023-02-16 16:56:29 --> Session: Class initialized using 'CodeIgniter\Session\Handlers\FileHandler' driver.
CRITICAL - 2023-02-16 16:56:29 --> Argument 1 passed to CodeIgniter\Database\BaseResult::getResult() must be of the type string, null given, called in C:\laragon\www\ci4taskmonitoring\vendor\codeigniter4\framework\system\Model.php on line 241
in SYSTEMPATH\Database\BaseResult.php on line 103.
 1 SYSTEMPATH\Model.php(241): CodeIgniter\Database\BaseResult->getResult(null)
 2 SYSTEMPATH\BaseModel.php(618): CodeIgniter\Model->doFindAll(0, 0)
 3 APPPATH\Controllers\Home.php(23): CodeIgniter\BaseModel->findAll()
 4 SYSTEMPATH\CodeIgniter.php(934): App\Controllers\Home->index()
 5 SYSTEMPATH\CodeIgniter.php(499): CodeIgniter\CodeIgniter->runController(Object(App\Controllers\Home))
 6 SYSTEMPATH\CodeIgniter.php(368): CodeIgniter\CodeIgniter->handleRequest(null, Object(Config\Cache), false)
 7 FCPATH\index.php(67): CodeIgniter\CodeIgniter->run()
 8 SYSTEMPATH\Commands\Server\rewrite.php(47): require_once('FCPATH\\index.php')
CRITICAL - 2023-02-16 16:57:07 --> Argument 1 passed to CodeIgniter\Database\BaseResult::getResult() must be of the type string, null given, called in C:\laragon\www\ci4taskmonitoring\vendor\codeigniter4\framework\system\Model.php on line 241
in SYSTEMPATH\Database\BaseResult.php on line 103.
 1 SYSTEMPATH\Model.php(241): CodeIgniter\Database\BaseResult->getResult(null)
 2 SYSTEMPATH\BaseModel.php(618): CodeIgniter\Model->doFindAll(0, 0)
 3 APPPATH\Controllers\Users.php(39): CodeIgniter\BaseModel->findAll()
 4 SYSTEMPATH\CodeIgniter.php(934): App\Controllers\Users->index()
 5 SYSTEMPATH\CodeIgniter.php(499): CodeIgniter\CodeIgniter->runController(Object(App\Controllers\Users))
 6 SYSTEMPATH\CodeIgniter.php(368): CodeIgniter\CodeIgniter->handleRequest(null, Object(Config\Cache), false)
 7 FCPATH\index.php(67): CodeIgniter\CodeIgniter->run()
 8 SYSTEMPATH\Commands\Server\rewrite.php(47): require_once('FCPATH\\index.php')
CRITICAL - 2023-02-16 16:57:49 --> Argument 1 passed to CodeIgniter\Database\BaseResult::getResult() must be of the type string, null given, called in C:\laragon\www\ci4taskmonitoring\vendor\codeigniter4\framework\system\Model.php on line 241
in SYSTEMPATH\Database\BaseResult.php on line 103.
 1 SYSTEMPATH\Model.php(241): CodeIgniter\Database\BaseResult->getResult(null)
 2 SYSTEMPATH\BaseModel.php(618): CodeIgniter\Model->doFindAll(0, 0)
 3 APPPATH\Controllers\Users.php(39): CodeIgniter\BaseModel->findAll()
 4 SYSTEMPATH\CodeIgniter.php(934): App\Controllers\Users->index()
 5 SYSTEMPATH\CodeIgniter.php(499): CodeIgniter\CodeIgniter->runController(Object(App\Controllers\Users))
 6 SYSTEMPATH\CodeIgniter.php(368): CodeIgniter\CodeIgniter->handleRequest(null, Object(Config\Cache), false)
 7 FCPATH\index.php(67): CodeIgniter\CodeIgniter->run()
 8 SYSTEMPATH\Commands\Server\rewrite.php(47): require_once('FCPATH\\index.php')
CRITICAL - 2023-02-16 16:57:52 --> Argument 1 passed to CodeIgniter\Database\BaseResult::getResult() must be of the type string, null given, called in C:\laragon\www\ci4taskmonitoring\vendor\codeigniter4\framework\system\Model.php on line 241
in SYSTEMPATH\Database\BaseResult.php on line 103.
 1 SYSTEMPATH\Model.php(241): CodeIgniter\Database\BaseResult->getResult(null)
 2 SYSTEMPATH\BaseModel.php(618): CodeIgniter\Model->doFindAll(0, 0)
 3 APPPATH\Controllers\Users.php(39): CodeIgniter\BaseModel->findAll()
 4 SYSTEMPATH\CodeIgniter.php(934): App\Controllers\Users->index()
 5 SYSTEMPATH\CodeIgniter.php(499): CodeIgniter\CodeIgniter->runController(Object(App\Controllers\Users))
 6 SYSTEMPATH\CodeIgniter.php(368): CodeIgniter\CodeIgniter->handleRequest(null, Object(Config\Cache), false)
 7 FCPATH\index.php(67): CodeIgniter\CodeIgniter->run()
 8 SYSTEMPATH\Commands\Server\rewrite.php(47): require_once('FCPATH\\index.php')
INFO - 2023-02-16 16:58:17 --> Session: Class initialized using 'CodeIgniter\Session\Handlers\FileHandler' driver.
CRITICAL - 2023-02-16 16:58:17 --> Trying to get property 'cabang_id' of non-object
in APPPATH\Views\layouts\master_app.php on line 189.
 1 APPPATH\Views\layouts\master_app.php(189): CodeIgniter\Debug\Exceptions->errorHandler(8, 'Trying to get property \'cabang_id\' of non-object', 'APPPATH\\Views\\layouts\\master_app.php', 189, [...])
 2 SYSTEMPATH\View\View.php(213): include('APPPATH\\Views\\layouts\\master_app.php')
 3 SYSTEMPATH\View\View.php(216): CodeIgniter\View\View->CodeIgniter\View\{closure}()
 4 SYSTEMPATH\View\View.php(229): CodeIgniter\View\View->render('layouts/master_app', [], true)
 5 SYSTEMPATH\Common.php(1177): CodeIgniter\View\View->render('users', [], true)
 6 APPPATH\Controllers\Users.php(44): view('users', [...])
 7 SYSTEMPATH\CodeIgniter.php(934): App\Controllers\Users->index()
 8 SYSTEMPATH\CodeIgniter.php(499): CodeIgniter\CodeIgniter->runController(Object(App\Controllers\Users))
 9 SYSTEMPATH\CodeIgniter.php(368): CodeIgniter\CodeIgniter->handleRequest(null, Object(Config\Cache), false)
10 FCPATH\index.php(67): CodeIgniter\CodeIgniter->run()
11 SYSTEMPATH\Commands\Server\rewrite.php(47): require_once('FCPATH\\index.php')
INFO - 2023-02-16 16:58:42 --> Session: Class initialized using 'CodeIgniter\Session\Handlers\FileHandler' driver.
INFO - 2023-02-16 16:58:42 --> Session: Class initialized using 'CodeIgniter\Session\Handlers\FileHandler' driver.
CRITICAL - 2023-02-16 16:58:42 --> Trying to get property 'avatar' of non-object
in APPPATH\Views\layouts\master_app.php on line 297.
 1 APPPATH\Views\layouts\master_app.php(297): CodeIgniter\Debug\Exceptions->errorHandler(8, 'Trying to get property \'avatar\' of non-object', 'APPPATH\\Views\\layouts\\master_app.php', 297, [...])
 2 SYSTEMPATH\View\View.php(213): include('APPPATH\\Views\\layouts\\master_app.php')
 3 SYSTEMPATH\View\View.php(216): CodeIgniter\View\View->CodeIgniter\View\{closure}()
 4 SYSTEMPATH\Common.php(1177): CodeIgniter\View\View->render('layouts/master_app', [], true)
 5 APPPATH\Controllers\Home.php(25): view('layouts/master_app', [...])
 6 SYSTEMPATH\CodeIgniter.php(934): App\Controllers\Home->index()
 7 SYSTEMPATH\CodeIgniter.php(499): CodeIgniter\CodeIgniter->runController(Object(App\Controllers\Home))
 8 SYSTEMPATH\CodeIgniter.php(368): CodeIgniter\CodeIgniter->handleRequest(null, Object(Config\Cache), false)
 9 FCPATH\index.php(67): CodeIgniter\CodeIgniter->run()
10 SYSTEMPATH\Commands\Server\rewrite.php(47): require_once('FCPATH\\index.php')
INFO - 2023-02-16 16:58:42 --> Session: Class initialized using 'CodeIgniter\Session\Handlers\FileHandler' driver.
INFO - 2023-02-16 16:58:43 --> Session: Class initialized using 'CodeIgniter\Session\Handlers\FileHandler' driver.
CRITICAL - 2023-02-16 16:58:43 --> Trying to get property 'avatar' of non-object
in APPPATH\Views\layouts\master_app.php on line 297.
 1 APPPATH\Views\layouts\master_app.php(297): CodeIgniter\Debug\Exceptions->errorHandler(8, 'Trying to get property \'avatar\' of non-object', 'APPPATH\\Views\\layouts\\master_app.php', 297, [...])
 2 SYSTEMPATH\View\View.php(213): include('APPPATH\\Views\\layouts\\master_app.php')
 3 SYSTEMPATH\View\View.php(216): CodeIgniter\View\View->CodeIgniter\View\{closure}()
 4 SYSTEMPATH\Common.php(1177): CodeIgniter\View\View->render('layouts/master_app', [], true)
 5 APPPATH\Controllers\Home.php(25): view('layouts/master_app', [...])
 6 SYSTEMPATH\CodeIgniter.php(934): App\Controllers\Home->index()
 7 SYSTEMPATH\CodeIgniter.php(499): CodeIgniter\CodeIgniter->runController(Object(App\Controllers\Home))
 8 SYSTEMPATH\CodeIgniter.php(368): CodeIgniter\CodeIgniter->handleRequest(null, Object(Config\Cache), false)
 9 FCPATH\index.php(67): CodeIgniter\CodeIgniter->run()
10 SYSTEMPATH\Commands\Server\rewrite.php(47): require_once('FCPATH\\index.php')
INFO - 2023-02-16 16:58:47 --> Session: Class initialized using 'CodeIgniter\Session\Handlers\FileHandler' driver.
INFO - 2023-02-16 16:59:01 --> Session: Class initialized using 'CodeIgniter\Session\Handlers\FileHandler' driver.
INFO - 2023-02-16 16:59:07 --> CSRF token verified.
INFO - 2023-02-16 16:59:07 --> Session: Class initialized using 'CodeIgniter\Session\Handlers\FileHandler' driver.
INFO - 2023-02-16 16:59:07 --> Session: Class initialized using 'CodeIgniter\Session\Handlers\FileHandler' driver.
CRITICAL - 2023-02-16 16:59:07 --> Trying to get property 'cabang_id' of non-object
in APPPATH\Views\layouts\master_app.php on line 189.
 1 APPPATH\Views\layouts\master_app.php(189): CodeIgniter\Debug\Exceptions->errorHandler(8, 'Trying to get property \'cabang_id\' of non-object', 'APPPATH\\Views\\layouts\\master_app.php', 189, [...])
 2 SYSTEMPATH\View\View.php(213): include('APPPATH\\Views\\layouts\\master_app.php')
 3 SYSTEMPATH\View\View.php(216): CodeIgniter\View\View->CodeIgniter\View\{closure}()
 4 SYSTEMPATH\Common.php(1177): CodeIgniter\View\View->render('layouts/master_app', [], true)
 5 APPPATH\Controllers\Home.php(25): view('layouts/master_app', [...])
 6 SYSTEMPATH\CodeIgniter.php(934): App\Controllers\Home->index()
 7 SYSTEMPATH\CodeIgniter.php(499): CodeIgniter\CodeIgniter->runController(Object(App\Controllers\Home))
 8 SYSTEMPATH\CodeIgniter.php(368): CodeIgniter\CodeIgniter->handleRequest(null, Object(Config\Cache), false)
 9 FCPATH\index.php(67): CodeIgniter\CodeIgniter->run()
10 SYSTEMPATH\Commands\Server\rewrite.php(47): require_once('FCPATH\\index.php')
INFO - 2023-02-16 16:59:56 --> Session: Class initialized using 'CodeIgniter\Session\Handlers\FileHandler' driver.
CRITICAL - 2023-02-16 16:59:56 --> Trying to get property 'cabang_id' of non-object
in APPPATH\Views\layouts\master_app.php on line 189.
 1 APPPATH\Views\layouts\master_app.php(189): CodeIgniter\Debug\Exceptions->errorHandler(8, 'Trying to get property \'cabang_id\' of non-object', 'APPPATH\\Views\\layouts\\master_app.php', 189, [...])
 2 SYSTEMPATH\View\View.php(213): include('APPPATH\\Views\\layouts\\master_app.php')
 3 SYSTEMPATH\View\View.php(216): CodeIgniter\View\View->CodeIgniter\View\{closure}()
 4 SYSTEMPATH\Common.php(1177): CodeIgniter\View\View->render('layouts/master_app', [], true)
 5 APPPATH\Controllers\Home.php(25): view('layouts/master_app', [...])
 6 SYSTEMPATH\CodeIgniter.php(934): App\Controllers\Home->index()
 7 SYSTEMPATH\CodeIgniter.php(499): CodeIgniter\CodeIgniter->runController(Object(App\Controllers\Home))
 8 SYSTEMPATH\CodeIgniter.php(368): CodeIgniter\CodeIgniter->handleRequest(null, Object(Config\Cache), false)
 9 FCPATH\index.php(67): CodeIgniter\CodeIgniter->run()
10 SYSTEMPATH\Commands\Server\rewrite.php(47): require_once('FCPATH\\index.php')
INFO - 2023-02-16 17:00:09 --> Session: Class initialized using 'CodeIgniter\Session\Handlers\FileHandler' driver.
CRITICAL - 2023-02-16 17:00:09 --> Trying to get property 'cabang_id' of non-object
in APPPATH\Views\layouts\master_app.php on line 189.
 1 APPPATH\Views\layouts\master_app.php(189): CodeIgniter\Debug\Exceptions->errorHandler(8, 'Trying to get property \'cabang_id\' of non-object', 'APPPATH\\Views\\layouts\\master_app.php', 189, [...])
 2 SYSTEMPATH\View\View.php(213): include('APPPATH\\Views\\layouts\\master_app.php')
 3 SYSTEMPATH\View\View.php(216): CodeIgniter\View\View->CodeIgniter\View\{closure}()
 4 SYSTEMPATH\Common.php(1177): CodeIgniter\View\View->render('layouts/master_app', [], true)
 5 APPPATH\Controllers\Home.php(25): view('layouts/master_app', [...])
 6 SYSTEMPATH\CodeIgniter.php(934): App\Controllers\Home->index()
 7 SYSTEMPATH\CodeIgniter.php(499): CodeIgniter\CodeIgniter->runController(Object(App\Controllers\Home))
 8 SYSTEMPATH\CodeIgniter.php(368): CodeIgniter\CodeIgniter->handleRequest(null, Object(Config\Cache), false)
 9 FCPATH\index.php(67): CodeIgniter\CodeIgniter->run()
10 SYSTEMPATH\Commands\Server\rewrite.php(47): require_once('FCPATH\\index.php')
INFO - 2023-02-16 17:00:26 --> Session: Class initialized using 'CodeIgniter\Session\Handlers\FileHandler' driver.
CRITICAL - 2023-02-16 17:00:26 --> Trying to get property 'cabang_id' of non-object
in APPPATH\Views\layouts\master_app.php on line 189.
 1 APPPATH\Views\layouts\master_app.php(189): CodeIgniter\Debug\Exceptions->errorHandler(8, 'Trying to get property \'cabang_id\' of non-object', 'APPPATH\\Views\\layouts\\master_app.php', 189, [...])
 2 SYSTEMPATH\View\View.php(213): include('APPPATH\\Views\\layouts\\master_app.php')
 3 SYSTEMPATH\View\View.php(216): CodeIgniter\View\View->CodeIgniter\View\{closure}()
 4 SYSTEMPATH\Common.php(1177): CodeIgniter\View\View->render('layouts/master_app', [], true)
 5 APPPATH\Controllers\Home.php(25): view('layouts/master_app', [...])
 6 SYSTEMPATH\CodeIgniter.php(934): App\Controllers\Home->index()
 7 SYSTEMPATH\CodeIgniter.php(499): CodeIgniter\CodeIgniter->runController(Object(App\Controllers\Home))
 8 SYSTEMPATH\CodeIgniter.php(368): CodeIgniter\CodeIgniter->handleRequest(null, Object(Config\Cache), false)
 9 FCPATH\index.php(67): CodeIgniter\CodeIgniter->run()
10 SYSTEMPATH\Commands\Server\rewrite.php(47): require_once('FCPATH\\index.php')
INFO - 2023-02-16 17:00:57 --> Session: Class initialized using 'CodeIgniter\Session\Handlers\FileHandler' driver.
INFO - 2023-02-16 17:02:03 --> Session: Class initialized using 'CodeIgniter\Session\Handlers\FileHandler' driver.
INFO - 2023-02-16 17:02:05 --> Session: Class initialized using 'CodeIgniter\Session\Handlers\FileHandler' driver.
INFO - 2023-02-16 17:02:07 --> CSRF token verified.
INFO - 2023-02-16 17:02:07 --> Session: Class initialized using 'CodeIgniter\Session\Handlers\FileHandler' driver.
INFO - 2023-02-16 17:02:40 --> Session: Class initialized using 'CodeIgniter\Session\Handlers\FileHandler' driver.
INFO - 2023-02-16 17:02:41 --> CSRF token verified.
INFO - 2023-02-16 17:03:18 --> Session: Class initialized using 'CodeIgniter\Session\Handlers\FileHandler' driver.
INFO - 2023-02-16 17:03:19 --> CSRF token verified.
CRITICAL - 2023-02-16 17:06:13 --> syntax error, unexpected '?>'
in APPPATH\Views\layouts\master_app.php on line 192.
 1 SYSTEMPATH\View\View.php(216): CodeIgniter\View\View->CodeIgniter\View\{closure}()
 2 SYSTEMPATH\View\View.php(229): CodeIgniter\View\View->render('layouts/master_app', [], true)
 3 SYSTEMPATH\Common.php(1177): CodeIgniter\View\View->render('users', [], true)
 4 APPPATH\Controllers\Users.php(44): view('users', [...])
 5 SYSTEMPATH\CodeIgniter.php(934): App\Controllers\Users->index()
 6 SYSTEMPATH\CodeIgniter.php(499): CodeIgniter\CodeIgniter->runController(Object(App\Controllers\Users))
 7 SYSTEMPATH\CodeIgniter.php(368): CodeIgniter\CodeIgniter->handleRequest(null, Object(Config\Cache), false)
 8 FCPATH\index.php(67): CodeIgniter\CodeIgniter->run()
 9 SYSTEMPATH\Commands\Server\rewrite.php(47): require_once('FCPATH\\index.php')
INFO - 2023-02-16 17:06:50 --> Session: Class initialized using 'CodeIgniter\Session\Handlers\FileHandler' driver.
INFO - 2023-02-16 17:06:51 --> CSRF token verified.
INFO - 2023-02-16 17:08:00 --> Session: Class initialized using 'CodeIgniter\Session\Handlers\FileHandler' driver.
INFO - 2023-02-16 17:08:01 --> CSRF token verified.
INFO - 2023-02-16 17:08:55 --> Session: Class initialized using 'CodeIgniter\Session\Handlers\FileHandler' driver.
INFO - 2023-02-16 17:08:56 --> CSRF token verified.
INFO - 2023-02-16 17:09:11 --> Session: Class initialized using 'CodeIgniter\Session\Handlers\FileHandler' driver.
INFO - 2023-02-16 17:09:12 --> CSRF token verified.
ERROR - 2023-02-16 17:09:36 --> mysqli_sql_exception: Table 'ci4taskmonitoring.pic' doesn't exist in C:\laragon\www\ci4taskmonitoring\vendor\codeigniter4\framework\system\Database\MySQLi\Connection.php:295
Stack trace:
#0 C:\laragon\www\ci4taskmonitoring\vendor\codeigniter4\framework\system\Database\MySQLi\Connection.php(295): mysqli->query('SELECT *\nFROM `...', 0)
#1 C:\laragon\www\ci4taskmonitoring\vendor\codeigniter4\framework\system\Database\BaseConnection.php(691): CodeIgniter\Database\MySQLi\Connection->execute('SELECT *\nFROM `...')
#2 C:\laragon\www\ci4taskmonitoring\vendor\codeigniter4\framework\system\Database\BaseConnection.php(605): CodeIgniter\Database\BaseConnection->simpleQuery('SELECT *\nFROM `...')
#3 C:\laragon\www\ci4taskmonitoring\vendor\codeigniter4\framework\system\Database\BaseBuilder.php(1602): CodeIgniter\Database\BaseConnection->query('SELECT *\nFROM `...', Array, false)
#4 C:\laragon\www\ci4taskmonitoring\vendor\codeigniter4\framework\system\Model.php(240): CodeIgniter\Database\BaseBuilder->get()
#5 C:\laragon\www\ci4taskmonitoring\vendor\codeigniter4\framework\system\BaseModel.php(618): CodeIgniter\Model->doFindAll(0, 0)
#6 C:\laragon\www\ci4taskmonitoring\app\Controllers\Project.php(39): CodeIgniter\BaseModel->findAll()
#7 C:\laragon\www\ci4taskmonitoring\vendor\codeigniter4\framework\system\CodeIgniter.php(934): App\Controllers\Project->index()
#8 C:\laragon\www\ci4taskmonitoring\vendor\codeigniter4\framework\system\CodeIgniter.php(499): CodeIgniter\CodeIgniter->runController(Object(App\Controllers\Project))
#9 C:\laragon\www\ci4taskmonitoring\vendor\codeigniter4\framework\system\CodeIgniter.php(368): CodeIgniter\CodeIgniter->handleRequest(NULL, Object(Config\Cache), false)
#10 C:\laragon\www\ci4taskmonitoring\public\index.php(67): CodeIgniter\CodeIgniter->run()
#11 C:\laragon\www\ci4taskmonitoring\vendor\codeigniter4\framework\system\Commands\Server\rewrite.php(47): require_once('C:\\laragon\\www\\...')
#12 {main}
CRITICAL - 2023-02-16 17:09:36 --> Table 'ci4taskmonitoring.pic' doesn't exist
in SYSTEMPATH\Database\BaseConnection.php on line 645.
 1 SYSTEMPATH\Database\BaseBuilder.php(1602): CodeIgniter\Database\BaseConnection->query('SELECT *
FROM `pic`', [], false)
 2 SYSTEMPATH\Model.php(240): CodeIgniter\Database\BaseBuilder->get()
 3 SYSTEMPATH\BaseModel.php(618): CodeIgniter\Model->doFindAll(0, 0)
 4 APPPATH\Controllers\Project.php(39): CodeIgniter\BaseModel->findAll()
 5 SYSTEMPATH\CodeIgniter.php(934): App\Controllers\Project->index()
 6 SYSTEMPATH\CodeIgniter.php(499): CodeIgniter\CodeIgniter->runController(Object(App\Controllers\Project))
 7 SYSTEMPATH\CodeIgniter.php(368): CodeIgniter\CodeIgniter->handleRequest(null, Object(Config\Cache), false)
 8 FCPATH\index.php(67): CodeIgniter\CodeIgniter->run()
 9 SYSTEMPATH\Commands\Server\rewrite.php(47): require_once('FCPATH\\index.php')
INFO - 2023-02-16 17:09:38 --> Session: Class initialized using 'CodeIgniter\Session\Handlers\FileHandler' driver.
INFO - 2023-02-16 17:09:39 --> CSRF token verified.
INFO - 2023-02-16 17:10:44 --> Session: Class initialized using 'CodeIgniter\Session\Handlers\FileHandler' driver.
INFO - 2023-02-16 17:10:44 --> Session: Class initialized using 'CodeIgniter\Session\Handlers\FileHandler' driver.
CRITICAL - 2023-02-16 17:10:44 --> Trying to get property 'avatar' of non-object
in APPPATH\Views\layouts\master_app.php on line 297.
 1 APPPATH\Views\layouts\master_app.php(297): CodeIgniter\Debug\Exceptions->errorHandler(8, 'Trying to get property \'avatar\' of non-object', 'APPPATH\\Views\\layouts\\master_app.php', 297, [...])
 2 SYSTEMPATH\View\View.php(213): include('APPPATH\\Views\\layouts\\master_app.php')
 3 SYSTEMPATH\View\View.php(216): CodeIgniter\View\View->CodeIgniter\View\{closure}()
 4 SYSTEMPATH\Common.php(1177): CodeIgniter\View\View->render('layouts/master_app', [], true)
 5 APPPATH\Controllers\Home.php(25): view('layouts/master_app', [...])
 6 SYSTEMPATH\CodeIgniter.php(934): App\Controllers\Home->index()
 7 SYSTEMPATH\CodeIgniter.php(499): CodeIgniter\CodeIgniter->runController(Object(App\Controllers\Home))
 8 SYSTEMPATH\CodeIgniter.php(368): CodeIgniter\CodeIgniter->handleRequest(null, Object(Config\Cache), false)
 9 FCPATH\index.php(67): CodeIgniter\CodeIgniter->run()
10 SYSTEMPATH\Commands\Server\rewrite.php(47): require_once('FCPATH\\index.php')
INFO - 2023-02-16 17:10:45 --> Session: Class initialized using 'CodeIgniter\Session\Handlers\FileHandler' driver.
INFO - 2023-02-16 17:10:45 --> Session: Class initialized using 'CodeIgniter\Session\Handlers\FileHandler' driver.
CRITICAL - 2023-02-16 17:10:45 --> Trying to get property 'avatar' of non-object
in APPPATH\Views\layouts\master_app.php on line 297.
 1 APPPATH\Views\layouts\master_app.php(297): CodeIgniter\Debug\Exceptions->errorHandler(8, 'Trying to get property \'avatar\' of non-object', 'APPPATH\\Views\\layouts\\master_app.php', 297, [...])
 2 SYSTEMPATH\View\View.php(213): include('APPPATH\\Views\\layouts\\master_app.php')
 3 SYSTEMPATH\View\View.php(216): CodeIgniter\View\View->CodeIgniter\View\{closure}()
 4 SYSTEMPATH\Common.php(1177): CodeIgniter\View\View->render('layouts/master_app', [], true)
 5 APPPATH\Controllers\Home.php(25): view('layouts/master_app', [...])
 6 SYSTEMPATH\CodeIgniter.php(934): App\Controllers\Home->index()
 7 SYSTEMPATH\CodeIgniter.php(499): CodeIgniter\CodeIgniter->runController(Object(App\Controllers\Home))
 8 SYSTEMPATH\CodeIgniter.php(368): CodeIgniter\CodeIgniter->handleRequest(null, Object(Config\Cache), false)
 9 FCPATH\index.php(67): CodeIgniter\CodeIgniter->run()
10 SYSTEMPATH\Commands\Server\rewrite.php(47): require_once('FCPATH\\index.php')
INFO - 2023-02-16 17:10:49 --> Session: Class initialized using 'CodeIgniter\Session\Handlers\FileHandler' driver.
INFO - 2023-02-16 17:10:55 --> CSRF token verified.
INFO - 2023-02-16 17:10:55 --> Session: Class initialized using 'CodeIgniter\Session\Handlers\FileHandler' driver.
INFO - 2023-02-16 17:10:56 --> Session: Class initialized using 'CodeIgniter\Session\Handlers\FileHandler' driver.
INFO - 2023-02-16 17:12:00 --> Session: Class initialized using 'CodeIgniter\Session\Handlers\FileHandler' driver.
INFO - 2023-02-16 17:12:02 --> CSRF token verified.
INFO - 2023-02-16 17:14:58 --> Session: Class initialized using 'CodeIgniter\Session\Handlers\FileHandler' driver.
INFO - 2023-02-16 17:14:58 --> Session: Class initialized using 'CodeIgniter\Session\Handlers\FileHandler' driver.
INFO - 2023-02-16 17:16:38 --> Session: Class initialized using 'CodeIgniter\Session\Handlers\FileHandler' driver.
INFO - 2023-02-16 17:16:39 --> CSRF token verified.
ERROR - 2023-02-16 17:16:50 --> mysqli_sql_exception: Table 'ci4taskmonitoring.pic' doesn't exist in C:\laragon\www\ci4taskmonitoring\vendor\codeigniter4\framework\system\Database\MySQLi\Connection.php:295
Stack trace:
#0 C:\laragon\www\ci4taskmonitoring\vendor\codeigniter4\framework\system\Database\MySQLi\Connection.php(295): mysqli->query('SELECT *\nFROM `...', 0)
#1 C:\laragon\www\ci4taskmonitoring\vendor\codeigniter4\framework\system\Database\BaseConnection.php(691): CodeIgniter\Database\MySQLi\Connection->execute('SELECT *\nFROM `...')
#2 C:\laragon\www\ci4taskmonitoring\vendor\codeigniter4\framework\system\Database\BaseConnection.php(605): CodeIgniter\Database\BaseConnection->simpleQuery('SELECT *\nFROM `...')
#3 C:\laragon\www\ci4taskmonitoring\vendor\codeigniter4\framework\system\Database\BaseBuilder.php(1602): CodeIgniter\Database\BaseConnection->query('SELECT *\nFROM `...', Array, false)
#4 C:\laragon\www\ci4taskmonitoring\vendor\codeigniter4\framework\system\Model.php(240): CodeIgniter\Database\BaseBuilder->get()
#5 C:\laragon\www\ci4taskmonitoring\vendor\codeigniter4\framework\system\BaseModel.php(618): CodeIgniter\Model->doFindAll(0, 0)
#6 C:\laragon\www\ci4taskmonitoring\app\Controllers\Project.php(39): CodeIgniter\BaseModel->findAll()
#7 C:\laragon\www\ci4taskmonitoring\vendor\codeigniter4\framework\system\CodeIgniter.php(934): App\Controllers\Project->index()
#8 C:\laragon\www\ci4taskmonitoring\vendor\codeigniter4\framework\system\CodeIgniter.php(499): CodeIgniter\CodeIgniter->runController(Object(App\Controllers\Project))
#9 C:\laragon\www\ci4taskmonitoring\vendor\codeigniter4\framework\system\CodeIgniter.php(368): CodeIgniter\CodeIgniter->handleRequest(NULL, Object(Config\Cache), false)
#10 C:\laragon\www\ci4taskmonitoring\public\index.php(67): CodeIgniter\CodeIgniter->run()
#11 C:\laragon\www\ci4taskmonitoring\vendor\codeigniter4\framework\system\Commands\Server\rewrite.php(47): require_once('C:\\laragon\\www\\...')
#12 {main}
CRITICAL - 2023-02-16 17:16:50 --> Table 'ci4taskmonitoring.pic' doesn't exist
in SYSTEMPATH\Database\BaseConnection.php on line 645.
 1 SYSTEMPATH\Database\BaseBuilder.php(1602): CodeIgniter\Database\BaseConnection->query('SELECT *
FROM `pic`', [], false)
 2 SYSTEMPATH\Model.php(240): CodeIgniter\Database\BaseBuilder->get()
 3 SYSTEMPATH\BaseModel.php(618): CodeIgniter\Model->doFindAll(0, 0)
 4 APPPATH\Controllers\Project.php(39): CodeIgniter\BaseModel->findAll()
 5 SYSTEMPATH\CodeIgniter.php(934): App\Controllers\Project->index()
 6 SYSTEMPATH\CodeIgniter.php(499): CodeIgniter\CodeIgniter->runController(Object(App\Controllers\Project))
 7 SYSTEMPATH\CodeIgniter.php(368): CodeIgniter\CodeIgniter->handleRequest(null, Object(Config\Cache), false)
 8 FCPATH\index.php(67): CodeIgniter\CodeIgniter->run()
 9 SYSTEMPATH\Commands\Server\rewrite.php(47): require_once('FCPATH\\index.php')
INFO - 2023-02-16 17:16:53 --> Session: Class initialized using 'CodeIgniter\Session\Handlers\FileHandler' driver.
INFO - 2023-02-16 17:16:54 --> CSRF token verified.
INFO - 2023-02-16 17:17:31 --> Session: Class initialized using 'CodeIgniter\Session\Handlers\FileHandler' driver.
INFO - 2023-02-16 17:17:32 --> CSRF token verified.
ERROR - 2023-02-16 17:19:09 --> mysqli_sql_exception: Table 'ci4taskmonitoring.pic' doesn't exist in C:\laragon\www\ci4taskmonitoring\vendor\codeigniter4\framework\system\Database\MySQLi\Connection.php:295
Stack trace:
#0 C:\laragon\www\ci4taskmonitoring\vendor\codeigniter4\framework\system\Database\MySQLi\Connection.php(295): mysqli->query('SELECT *\nFROM `...', 0)
#1 C:\laragon\www\ci4taskmonitoring\vendor\codeigniter4\framework\system\Database\BaseConnection.php(691): CodeIgniter\Database\MySQLi\Connection->execute('SELECT *\nFROM `...')
#2 C:\laragon\www\ci4taskmonitoring\vendor\codeigniter4\framework\system\Database\BaseConnection.php(605): CodeIgniter\Database\BaseConnection->simpleQuery('SELECT *\nFROM `...')
#3 C:\laragon\www\ci4taskmonitoring\vendor\codeigniter4\framework\system\Database\BaseBuilder.php(1602): CodeIgniter\Database\BaseConnection->query('SELECT *\nFROM `...', Array, false)
#4 C:\laragon\www\ci4taskmonitoring\vendor\codeigniter4\framework\system\Model.php(240): CodeIgniter\Database\BaseBuilder->get()
#5 C:\laragon\www\ci4taskmonitoring\vendor\codeigniter4\framework\system\BaseModel.php(618): CodeIgniter\Model->doFindAll(0, 0)
#6 C:\laragon\www\ci4taskmonitoring\app\Controllers\Project.php(39): CodeIgniter\BaseModel->findAll()
#7 C:\laragon\www\ci4taskmonitoring\vendor\codeigniter4\framework\system\CodeIgniter.php(934): App\Controllers\Project->index()
#8 C:\laragon\www\ci4taskmonitoring\vendor\codeigniter4\framework\system\CodeIgniter.php(499): CodeIgniter\CodeIgniter->runController(Object(App\Controllers\Project))
#9 C:\laragon\www\ci4taskmonitoring\vendor\codeigniter4\framework\system\CodeIgniter.php(368): CodeIgniter\CodeIgniter->handleRequest(NULL, Object(Config\Cache), false)
#10 C:\laragon\www\ci4taskmonitoring\public\index.php(67): CodeIgniter\CodeIgniter->run()
#11 C:\laragon\www\ci4taskmonitoring\vendor\codeigniter4\framework\system\Commands\Server\rewrite.php(47): require_once('C:\\laragon\\www\\...')
#12 {main}
CRITICAL - 2023-02-16 17:19:09 --> Table 'ci4taskmonitoring.pic' doesn't exist
in SYSTEMPATH\Database\BaseConnection.php on line 645.
 1 SYSTEMPATH\Database\BaseBuilder.php(1602): CodeIgniter\Database\BaseConnection->query('SELECT *
FROM `pic`', [], false)
 2 SYSTEMPATH\Model.php(240): CodeIgniter\Database\BaseBuilder->get()
 3 SYSTEMPATH\BaseModel.php(618): CodeIgniter\Model->doFindAll(0, 0)
 4 APPPATH\Controllers\Project.php(39): CodeIgniter\BaseModel->findAll()
 5 SYSTEMPATH\CodeIgniter.php(934): App\Controllers\Project->index()
 6 SYSTEMPATH\CodeIgniter.php(499): CodeIgniter\CodeIgniter->runController(Object(App\Controllers\Project))
 7 SYSTEMPATH\CodeIgniter.php(368): CodeIgniter\CodeIgniter->handleRequest(null, Object(Config\Cache), false)
 8 FCPATH\index.php(67): CodeIgniter\CodeIgniter->run()
 9 SYSTEMPATH\Commands\Server\rewrite.php(47): require_once('FCPATH\\index.php')
INFO - 2023-02-16 17:31:12 --> Session: Class initialized using 'CodeIgniter\Session\Handlers\FileHandler' driver.
INFO - 2023-02-16 17:31:20 --> Session: Class initialized using 'CodeIgniter\Session\Handlers\FileHandler' driver.
INFO - 2023-02-16 17:32:21 --> Session: Class initialized using 'CodeIgniter\Session\Handlers\FileHandler' driver.
INFO - 2023-02-16 17:32:55 --> Session: Class initialized using 'CodeIgniter\Session\Handlers\FileHandler' driver.
INFO - 2023-02-16 17:33:18 --> Session: Class initialized using 'CodeIgniter\Session\Handlers\FileHandler' driver.
INFO - 2023-02-16 17:35:47 --> Session: Class initialized using 'CodeIgniter\Session\Handlers\FileHandler' driver.
INFO - 2023-02-16 17:39:57 --> Session: Class initialized using 'CodeIgniter\Session\Handlers\FileHandler' driver.
INFO - 2023-02-16 17:45:11 --> Session: Class initialized using 'CodeIgniter\Session\Handlers\FileHandler' driver.
INFO - 2023-02-16 17:47:13 --> Session: Class initialized using 'CodeIgniter\Session\Handlers\FileHandler' driver.
INFO - 2023-02-16 17:50:12 --> Session: Class initialized using 'CodeIgniter\Session\Handlers\FileHandler' driver.
INFO - 2023-02-16 17:59:10 --> Session: Class initialized using 'CodeIgniter\Session\Handlers\FileHandler' driver.
INFO - 2023-02-16 18:01:57 --> Session: Class initialized using 'CodeIgniter\Session\Handlers\FileHandler' driver.
INFO - 2023-02-16 18:06:33 --> Session: Class initialized using 'CodeIgniter\Session\Handlers\FileHandler' driver.
INFO - 2023-02-16 18:06:54 --> Session: Class initialized using 'CodeIgniter\Session\Handlers\FileHandler' driver.
INFO - 2023-02-16 18:08:11 --> Session: Class initialized using 'CodeIgniter\Session\Handlers\FileHandler' driver.
INFO - 2023-02-16 18:08:32 --> Session: Class initialized using 'CodeIgniter\Session\Handlers\FileHandler' driver.
INFO - 2023-02-16 18:09:50 --> Session: Class initialized using 'CodeIgniter\Session\Handlers\FileHandler' driver.
INFO - 2023-02-16 18:09:57 --> Session: Class initialized using 'CodeIgniter\Session\Handlers\FileHandler' driver.
INFO - 2023-02-16 18:09:58 --> CSRF token verified.
INFO - 2023-02-16 18:10:09 --> Session: Class initialized using 'CodeIgniter\Session\Handlers\FileHandler' driver.
INFO - 2023-02-16 18:10:33 --> Session: Class initialized using 'CodeIgniter\Session\Handlers\FileHandler' driver.
INFO - 2023-02-16 18:15:03 --> Session: Class initialized using 'CodeIgniter\Session\Handlers\FileHandler' driver.
INFO - 2023-02-16 18:16:28 --> Session: Class initialized using 'CodeIgniter\Session\Handlers\FileHandler' driver.
INFO - 2023-02-16 18:17:20 --> Session: Class initialized using 'CodeIgniter\Session\Handlers\FileHandler' driver.
INFO - 2023-02-16 18:17:49 --> Session: Class initialized using 'CodeIgniter\Session\Handlers\FileHandler' driver.
INFO - 2023-02-16 18:19:36 --> Session: Class initialized using 'CodeIgniter\Session\Handlers\FileHandler' driver.
INFO - 2023-02-16 18:21:36 --> Session: Class initialized using 'CodeIgniter\Session\Handlers\FileHandler' driver.
INFO - 2023-02-16 18:24:10 --> Session: Class initialized using 'CodeIgniter\Session\Handlers\FileHandler' driver.
INFO - 2023-02-16 18:24:15 --> Session: Class initialized using 'CodeIgniter\Session\Handlers\FileHandler' driver.
CRITICAL - 2023-02-16 18:32:13 --> Undefined variable: request
in APPPATH\Controllers\Project.php on line 29.
 1 APPPATH\Controllers\Project.php(29): CodeIgniter\Debug\Exceptions->errorHandler(8, 'Undefined variable: request', 'APPPATH\\Controllers\\Project.php', 29, [])
 2 SYSTEMPATH\CodeIgniter.php(934): App\Controllers\Project->index()
 3 SYSTEMPATH\CodeIgniter.php(499): CodeIgniter\CodeIgniter->runController(Object(App\Controllers\Project))
 4 SYSTEMPATH\CodeIgniter.php(368): CodeIgniter\CodeIgniter->handleRequest(null, Object(Config\Cache), false)
 5 FCPATH\index.php(67): CodeIgniter\CodeIgniter->run()
 6 SYSTEMPATH\Commands\Server\rewrite.php(47): require_once('FCPATH\\index.php')
INFO - 2023-02-16 18:32:55 --> Session: Class initialized using 'CodeIgniter\Session\Handlers\FileHandler' driver.
INFO - 2023-02-16 18:33:02 --> Session: Class initialized using 'CodeIgniter\Session\Handlers\FileHandler' driver.
INFO - 2023-02-16 18:33:04 --> CSRF token verified.
INFO - 2023-02-16 18:33:05 --> Session: Class initialized using 'CodeIgniter\Session\Handlers\FileHandler' driver.
INFO - 2023-02-16 18:33:07 --> CSRF token verified.
INFO - 2023-02-16 18:33:08 --> Session: Class initialized using 'CodeIgniter\Session\Handlers\FileHandler' driver.
INFO - 2023-02-16 18:33:10 --> CSRF token verified.
INFO - 2023-02-16 18:33:13 --> Session: Class initialized using 'CodeIgniter\Session\Handlers\FileHandler' driver.
INFO - 2023-02-16 18:33:18 --> Session: Class initialized using 'CodeIgniter\Session\Handlers\FileHandler' driver.
INFO - 2023-02-16 18:34:21 --> Session: Class initialized using 'CodeIgniter\Session\Handlers\FileHandler' driver.
INFO - 2023-02-16 18:34:23 --> CSRF token verified.
INFO - 2023-02-16 18:34:31 --> CSRF token verified.
INFO - 2023-02-16 18:35:09 --> Session: Class initialized using 'CodeIgniter\Session\Handlers\FileHandler' driver.
INFO - 2023-02-16 18:35:10 --> CSRF token verified.
INFO - 2023-02-16 18:38:51 --> Session: Class initialized using 'CodeIgniter\Session\Handlers\FileHandler' driver.
INFO - 2023-02-16 18:38:53 --> CSRF token verified.
INFO - 2023-02-16 18:39:36 --> Session: Class initialized using 'CodeIgniter\Session\Handlers\FileHandler' driver.
INFO - 2023-02-16 18:39:37 --> CSRF token verified.
INFO - 2023-02-16 18:41:53 --> Session: Class initialized using 'CodeIgniter\Session\Handlers\FileHandler' driver.
INFO - 2023-02-16 18:41:54 --> CSRF token verified.
INFO - 2023-02-16 18:44:02 --> Session: Class initialized using 'CodeIgniter\Session\Handlers\FileHandler' driver.
INFO - 2023-02-16 18:44:04 --> CSRF token verified.
INFO - 2023-02-16 18:44:06 --> Session: Class initialized using 'CodeIgniter\Session\Handlers\FileHandler' driver.
INFO - 2023-02-16 18:44:08 --> CSRF token verified.
INFO - 2023-02-16 18:44:12 --> CSRF token verified.
INFO - 2023-02-16 18:44:14 --> CSRF token verified.
INFO - 2023-02-16 18:44:14 --> Session: Class initialized using 'CodeIgniter\Session\Handlers\FileHandler' driver.
INFO - 2023-02-16 18:44:16 --> CSRF token verified.
INFO - 2023-02-16 18:44:20 --> CSRF token verified.
INFO - 2023-02-16 18:44:21 --> Session: Class initialized using 'CodeIgniter\Session\Handlers\FileHandler' driver.
INFO - 2023-02-16 18:44:22 --> CSRF token verified.
INFO - 2023-02-16 18:44:23 --> CSRF token verified.
INFO - 2023-02-16 18:44:27 --> Session: Class initialized using 'CodeIgniter\Session\Handlers\FileHandler' driver.
INFO - 2023-02-16 18:44:28 --> CSRF token verified.
INFO - 2023-02-16 18:49:02 --> CSRF token verified.
INFO - 2023-02-16 18:49:04 --> Session: Class initialized using 'CodeIgniter\Session\Handlers\FileHandler' driver.
INFO - 2023-02-16 18:49:04 --> CSRF token verified.
INFO - 2023-02-16 18:49:06 --> CSRF token verified.
INFO - 2023-02-16 18:49:12 --> Session: Class initialized using 'CodeIgniter\Session\Handlers\FileHandler' driver.
INFO - 2023-02-16 18:49:13 --> CSRF token verified.
INFO - 2023-02-16 18:49:15 --> CSRF token verified.
INFO - 2023-02-16 18:49:23 --> CSRF token verified.
INFO - 2023-02-16 18:49:24 --> CSRF token verified.
INFO - 2023-02-16 18:49:24 --> Session: Class initialized using 'CodeIgniter\Session\Handlers\FileHandler' driver.
INFO - 2023-02-16 18:49:26 --> CSRF token verified.
INFO - 2023-02-16 18:55:28 --> Session: Class initialized using 'CodeIgniter\Session\Handlers\FileHandler' driver.
INFO - 2023-02-16 18:55:30 --> CSRF token verified.
INFO - 2023-02-16 18:56:16 --> Session: Class initialized using 'CodeIgniter\Session\Handlers\FileHandler' driver.
INFO - 2023-02-16 18:56:17 --> CSRF token verified.
INFO - 2023-02-16 18:56:35 --> CSRF token verified.
CRITICAL - 2023-02-16 18:56:35 --> Trying to access array offset on value of type null
in APPPATH\Controllers\Project.php on line 101.
 1 APPPATH\Controllers\Project.php(101): CodeIgniter\Debug\Exceptions->errorHandler(8, 'Trying to access array offset on value of type null', 'APPPATH\\Controllers\\Project.php', 101, [...])
 2 SYSTEMPATH\CodeIgniter.php(934): App\Controllers\Project->add()
 3 SYSTEMPATH\CodeIgniter.php(499): CodeIgniter\CodeIgniter->runController(Object(App\Controllers\Project))
 4 SYSTEMPATH\CodeIgniter.php(368): CodeIgniter\CodeIgniter->handleRequest(null, Object(Config\Cache), false)
 5 FCPATH\index.php(67): CodeIgniter\CodeIgniter->run()
 6 SYSTEMPATH\Commands\Server\rewrite.php(47): require_once('FCPATH\\index.php')
INFO - 2023-02-16 18:56:58 --> Session: Class initialized using 'CodeIgniter\Session\Handlers\FileHandler' driver.
INFO - 2023-02-16 18:57:00 --> CSRF token verified.
INFO - 2023-02-16 18:58:00 --> Session: Class initialized using 'CodeIgniter\Session\Handlers\FileHandler' driver.
INFO - 2023-02-16 18:58:02 --> CSRF token verified.
INFO - 2023-02-16 18:58:13 --> CSRF token verified.
CRITICAL - 2023-02-16 18:58:13 --> Trying to access array offset on value of type null
in APPPATH\Controllers\Project.php on line 101.
 1 APPPATH\Controllers\Project.php(101): CodeIgniter\Debug\Exceptions->errorHandler(8, 'Trying to access array offset on value of type null', 'APPPATH\\Controllers\\Project.php', 101, [...])
 2 SYSTEMPATH\CodeIgniter.php(934): App\Controllers\Project->add()
 3 SYSTEMPATH\CodeIgniter.php(499): CodeIgniter\CodeIgniter->runController(Object(App\Controllers\Project))
 4 SYSTEMPATH\CodeIgniter.php(368): CodeIgniter\CodeIgniter->handleRequest(null, Object(Config\Cache), false)
 5 FCPATH\index.php(67): CodeIgniter\CodeIgniter->run()
 6 SYSTEMPATH\Commands\Server\rewrite.php(47): require_once('FCPATH\\index.php')
INFO - 2023-02-16 18:58:55 --> Session: Class initialized using 'CodeIgniter\Session\Handlers\FileHandler' driver.
INFO - 2023-02-16 18:58:56 --> CSRF token verified.
INFO - 2023-02-16 18:59:15 --> Session: Class initialized using 'CodeIgniter\Session\Handlers\FileHandler' driver.
INFO - 2023-02-16 18:59:16 --> CSRF token verified.
INFO - 2023-02-16 18:59:25 --> CSRF token verified.
INFO - 2023-02-16 18:59:26 --> CSRF token verified.
INFO - 2023-02-16 18:59:28 --> Session: Class initialized using 'CodeIgniter\Session\Handlers\FileHandler' driver.
INFO - 2023-02-16 18:59:30 --> CSRF token verified.
INFO - 2023-02-16 19:00:04 --> Session: Class initialized using 'CodeIgniter\Session\Handlers\FileHandler' driver.
INFO - 2023-02-16 19:00:06 --> CSRF token verified.
INFO - 2023-02-16 19:00:13 --> CSRF token verified.
CRITICAL - 2023-02-16 19:00:13 --> Trying to access array offset on value of type null
in APPPATH\Controllers\Project.php on line 101.
 1 APPPATH\Controllers\Project.php(101): CodeIgniter\Debug\Exceptions->errorHandler(8, 'Trying to access array offset on value of type null', 'APPPATH\\Controllers\\Project.php', 101, [...])
 2 SYSTEMPATH\CodeIgniter.php(934): App\Controllers\Project->add()
 3 SYSTEMPATH\CodeIgniter.php(499): CodeIgniter\CodeIgniter->runController(Object(App\Controllers\Project))
 4 SYSTEMPATH\CodeIgniter.php(368): CodeIgniter\CodeIgniter->handleRequest(null, Object(Config\Cache), false)
 5 FCPATH\index.php(67): CodeIgniter\CodeIgniter->run()
 6 SYSTEMPATH\Commands\Server\rewrite.php(47): require_once('FCPATH\\index.php')
INFO - 2023-02-16 19:02:33 --> Session: Class initialized using 'CodeIgniter\Session\Handlers\FileHandler' driver.
INFO - 2023-02-16 19:02:35 --> CSRF token verified.
INFO - 2023-02-16 19:02:43 --> CSRF token verified.
INFO - 2023-02-16 19:02:56 --> Session: Class initialized using 'CodeIgniter\Session\Handlers\FileHandler' driver.
INFO - 2023-02-16 19:02:57 --> CSRF token verified.
INFO - 2023-02-16 19:03:08 --> CSRF token verified.
INFO - 2023-02-16 19:03:12 --> Session: Class initialized using 'CodeIgniter\Session\Handlers\FileHandler' driver.
INFO - 2023-02-16 19:03:14 --> CSRF token verified.
INFO - 2023-02-16 19:03:47 --> Session: Class initialized using 'CodeIgniter\Session\Handlers\FileHandler' driver.
INFO - 2023-02-16 19:03:49 --> CSRF token verified.
INFO - 2023-02-16 19:04:09 --> CSRF token verified.
INFO - 2023-02-16 19:04:11 --> CSRF token verified.
INFO - 2023-02-16 19:04:13 --> Session: Class initialized using 'CodeIgniter\Session\Handlers\FileHandler' driver.
INFO - 2023-02-16 19:04:14 --> CSRF token verified.
INFO - 2023-02-16 19:05:12 --> Session: Class initialized using 'CodeIgniter\Session\Handlers\FileHandler' driver.
INFO - 2023-02-16 19:05:14 --> Session: Class initialized using 'CodeIgniter\Session\Handlers\FileHandler' driver.
INFO - 2023-02-16 19:05:15 --> CSRF token verified.
INFO - 2023-02-16 19:05:17 --> Session: Class initialized using 'CodeIgniter\Session\Handlers\FileHandler' driver.
INFO - 2023-02-16 19:05:37 --> Session: Class initialized using 'CodeIgniter\Session\Handlers\FileHandler' driver.
INFO - 2023-02-16 19:05:47 --> Session: Class initialized using 'CodeIgniter\Session\Handlers\FileHandler' driver.
INFO - 2023-02-16 19:06:25 --> Session: Class initialized using 'CodeIgniter\Session\Handlers\FileHandler' driver.
INFO - 2023-02-16 19:06:36 --> Session: Class initialized using 'CodeIgniter\Session\Handlers\FileHandler' driver.
INFO - 2023-02-16 19:08:40 --> Session: Class initialized using 'CodeIgniter\Session\Handlers\FileHandler' driver.
INFO - 2023-02-16 19:08:42 --> CSRF token verified.
INFO - 2023-02-16 19:08:49 --> CSRF token verified.
CRITICAL - 2023-02-16 19:08:49 --> Trying to access array offset on value of type null
in APPPATH\Controllers\Project.php on line 100.
 1 APPPATH\Controllers\Project.php(100): CodeIgniter\Debug\Exceptions->errorHandler(8, 'Trying to access array offset on value of type null', 'APPPATH\\Controllers\\Project.php', 100, [...])
 2 SYSTEMPATH\CodeIgniter.php(934): App\Controllers\Project->add()
 3 SYSTEMPATH\CodeIgniter.php(499): CodeIgniter\CodeIgniter->runController(Object(App\Controllers\Project))
 4 SYSTEMPATH\CodeIgniter.php(368): CodeIgniter\CodeIgniter->handleRequest(null, Object(Config\Cache), false)
 5 FCPATH\index.php(67): CodeIgniter\CodeIgniter->run()
 6 SYSTEMPATH\Commands\Server\rewrite.php(47): require_once('FCPATH\\index.php')
INFO - 2023-02-16 19:08:50 --> CSRF token verified.
CRITICAL - 2023-02-16 19:08:50 --> Trying to access array offset on value of type null
in APPPATH\Controllers\Project.php on line 100.
 1 APPPATH\Controllers\Project.php(100): CodeIgniter\Debug\Exceptions->errorHandler(8, 'Trying to access array offset on value of type null', 'APPPATH\\Controllers\\Project.php', 100, [...])
 2 SYSTEMPATH\CodeIgniter.php(934): App\Controllers\Project->add()
 3 SYSTEMPATH\CodeIgniter.php(499): CodeIgniter\CodeIgniter->runController(Object(App\Controllers\Project))
 4 SYSTEMPATH\CodeIgniter.php(368): CodeIgniter\CodeIgniter->handleRequest(null, Object(Config\Cache), false)
 5 FCPATH\index.php(67): CodeIgniter\CodeIgniter->run()
 6 SYSTEMPATH\Commands\Server\rewrite.php(47): require_once('FCPATH\\index.php')
