CRITICAL - 2023-02-09 15:05:15 --> Undefined variable: title
in APPPATH\Views\layouts\master_app.php on line 9.
 1 APPPATH\Views\layouts\master_app.php(9): CodeIgniter\Debug\Exceptions->errorHandler(8, 'Undefined variable: title', 'APPPATH\\Views\\layouts\\master_app.php', 9, [])
 2 SYSTEMPATH\View\View.php(213): include('APPPATH\\Views\\layouts\\master_app.php')
 3 SYSTEMPATH\View\View.php(216): CodeIgniter\View\View->CodeIgniter\View\{closure}()
 4 SYSTEMPATH\Common.php(1177): CodeIgniter\View\View->render('layouts/master_app', [], true)
 5 APPPATH\Controllers\Home.php(9): view('layouts/master_app')
 6 SYSTEMPATH\CodeIgniter.php(934): App\Controllers\Home->index()
 7 SYSTEMPATH\CodeIgniter.php(499): CodeIgniter\CodeIgniter->runController(Object(App\Controllers\Home))
 8 SYSTEMPATH\CodeIgniter.php(368): CodeIgniter\CodeIgniter->handleRequest(null, Object(Config\Cache), false)
 9 FCPATH\index.php(67): CodeIgniter\CodeIgniter->run()
10 SYSTEMPATH\Commands\Server\rewrite.php(47): require_once('FCPATH\\index.php')
INFO - 2023-02-09 15:05:29 --> CSRF token verified.
INFO - 2023-02-09 15:05:49 --> CSRF token verified.
INFO - 2023-02-09 15:05:53 --> CSRF token verified.
INFO - 2023-02-09 15:06:03 --> CSRF token verified.
INFO - 2023-02-09 15:06:04 --> CSRF token verified.
INFO - 2023-02-09 15:06:12 --> CSRF token verified.
INFO - 2023-02-09 15:06:15 --> CSRF token verified.
INFO - 2023-02-09 15:06:20 --> CSRF token verified.
INFO - 2023-02-09 15:06:22 --> CSRF token verified.
INFO - 2023-02-09 15:06:26 --> CSRF token verified.
INFO - 2023-02-09 15:06:28 --> CSRF token verified.
INFO - 2023-02-09 15:06:36 --> CSRF token verified.
INFO - 2023-02-09 15:06:38 --> CSRF token verified.
INFO - 2023-02-09 15:06:48 --> CSRF token verified.
INFO - 2023-02-09 15:06:54 --> CSRF token verified.
INFO - 2023-02-09 15:06:57 --> CSRF token verified.
INFO - 2023-02-09 15:07:12 --> CSRF token verified.
INFO - 2023-02-09 15:07:14 --> CSRF token verified.
INFO - 2023-02-09 15:07:20 --> CSRF token verified.
INFO - 2023-02-09 15:07:22 --> CSRF token verified.
INFO - 2023-02-09 15:07:32 --> CSRF token verified.
INFO - 2023-02-09 15:07:33 --> CSRF token verified.
INFO - 2023-02-09 15:07:39 --> CSRF token verified.
INFO - 2023-02-09 15:07:42 --> CSRF token verified.
INFO - 2023-02-09 15:07:44 --> CSRF token verified.
INFO - 2023-02-09 15:07:47 --> CSRF token verified.
INFO - 2023-02-09 15:07:49 --> CSRF token verified.
INFO - 2023-02-09 15:07:58 --> CSRF token verified.
INFO - 2023-02-09 15:08:00 --> CSRF token verified.
INFO - 2023-02-09 15:08:06 --> CSRF token verified.
INFO - 2023-02-09 15:08:32 --> CSRF token verified.
INFO - 2023-02-09 15:08:33 --> CSRF token verified.
INFO - 2023-02-09 15:08:37 --> CSRF token verified.
INFO - 2023-02-09 15:08:41 --> CSRF token verified.
INFO - 2023-02-09 15:08:42 --> CSRF token verified.
INFO - 2023-02-09 15:08:47 --> CSRF token verified.
INFO - 2023-02-09 15:08:49 --> CSRF token verified.
INFO - 2023-02-09 15:08:55 --> CSRF token verified.
INFO - 2023-02-09 15:09:31 --> CSRF token verified.
INFO - 2023-02-09 15:09:38 --> CSRF token verified.
INFO - 2023-02-09 15:09:39 --> CSRF token verified.
INFO - 2023-02-09 15:09:51 --> CSRF token verified.
INFO - 2023-02-09 15:09:53 --> CSRF token verified.
INFO - 2023-02-09 15:10:27 --> CSRF token verified.
INFO - 2023-02-09 15:10:31 --> CSRF token verified.
INFO - 2023-02-09 15:10:34 --> CSRF token verified.
INFO - 2023-02-09 15:10:36 --> CSRF token verified.
INFO - 2023-02-09 15:10:38 --> CSRF token verified.
INFO - 2023-02-09 15:10:44 --> CSRF token verified.
INFO - 2023-02-09 15:10:45 --> CSRF token verified.
INFO - 2023-02-09 15:11:13 --> CSRF token verified.
INFO - 2023-02-09 15:11:19 --> CSRF token verified.
INFO - 2023-02-09 15:11:22 --> CSRF token verified.
INFO - 2023-02-09 15:11:24 --> CSRF token verified.
INFO - 2023-02-09 15:11:26 --> CSRF token verified.
INFO - 2023-02-09 15:11:30 --> CSRF token verified.
INFO - 2023-02-09 15:11:31 --> CSRF token verified.
INFO - 2023-02-09 15:12:22 --> CSRF token verified.
INFO - 2023-02-09 15:12:24 --> CSRF token verified.
INFO - 2023-02-09 15:12:26 --> CSRF token verified.
INFO - 2023-02-09 15:12:40 --> CSRF token verified.
INFO - 2023-02-09 15:12:43 --> CSRF token verified.
INFO - 2023-02-09 15:12:45 --> CSRF token verified.
INFO - 2023-02-09 15:12:47 --> CSRF token verified.
INFO - 2023-02-09 15:12:49 --> CSRF token verified.
INFO - 2023-02-09 15:12:53 --> CSRF token verified.
INFO - 2023-02-09 15:12:54 --> CSRF token verified.
INFO - 2023-02-09 15:13:21 --> CSRF token verified.
INFO - 2023-02-09 15:13:29 --> CSRF token verified.
INFO - 2023-02-09 15:13:31 --> CSRF token verified.
INFO - 2023-02-09 15:13:37 --> CSRF token verified.
INFO - 2023-02-09 15:13:39 --> CSRF token verified.
INFO - 2023-02-09 15:13:41 --> CSRF token verified.
INFO - 2023-02-09 15:13:48 --> CSRF token verified.
INFO - 2023-02-09 15:13:50 --> CSRF token verified.
INFO - 2023-02-09 15:15:20 --> CSRF token verified.
INFO - 2023-02-09 15:15:45 --> CSRF token verified.
INFO - 2023-02-09 15:15:50 --> CSRF token verified.
INFO - 2023-02-09 15:15:52 --> CSRF token verified.
INFO - 2023-02-09 15:15:57 --> CSRF token verified.
INFO - 2023-02-09 15:16:01 --> CSRF token verified.
INFO - 2023-02-09 15:16:04 --> CSRF token verified.
INFO - 2023-02-09 15:16:05 --> CSRF token verified.
INFO - 2023-02-09 15:24:56 --> CSRF token verified.
INFO - 2023-02-09 15:25:03 --> CSRF token verified.
INFO - 2023-02-09 15:25:05 --> CSRF token verified.
INFO - 2023-02-09 15:26:22 --> CSRF token verified.
INFO - 2023-02-09 15:26:24 --> CSRF token verified.
INFO - 2023-02-09 15:26:29 --> CSRF token verified.
INFO - 2023-02-09 15:26:31 --> CSRF token verified.
INFO - 2023-02-09 15:26:32 --> CSRF token verified.
INFO - 2023-02-09 15:26:38 --> CSRF token verified.
INFO - 2023-02-09 15:26:39 --> CSRF token verified.
INFO - 2023-02-09 15:26:41 --> CSRF token verified.
INFO - 2023-02-09 15:26:59 --> CSRF token verified.
INFO - 2023-02-09 15:27:01 --> CSRF token verified.
INFO - 2023-02-09 15:27:02 --> CSRF token verified.
INFO - 2023-02-09 15:27:08 --> CSRF token verified.
INFO - 2023-02-09 15:27:09 --> CSRF token verified.
INFO - 2023-02-09 15:27:11 --> CSRF token verified.
CRITICAL - 2023-02-09 15:36:48 --> Undefined variable: val
in APPPATH\Views\layouts\master_app.php on line 134.
 1 APPPATH\Views\layouts\master_app.php(134): CodeIgniter\Debug\Exceptions->errorHandler(8, 'Undefined variable: val', 'APPPATH\\Views\\layouts\\master_app.php', 134, [...])
 2 SYSTEMPATH\View\View.php(213): include('APPPATH\\Views\\layouts\\master_app.php')
 3 SYSTEMPATH\View\View.php(216): CodeIgniter\View\View->CodeIgniter\View\{closure}()
 4 SYSTEMPATH\View\View.php(229): CodeIgniter\View\View->render('layouts/master_app', [], true)
 5 SYSTEMPATH\Common.php(1177): CodeIgniter\View\View->render('project', [], true)
 6 APPPATH\Controllers\Project.php(30): view('project', [...])
 7 SYSTEMPATH\CodeIgniter.php(934): App\Controllers\Project->index()
 8 SYSTEMPATH\CodeIgniter.php(499): CodeIgniter\CodeIgniter->runController(Object(App\Controllers\Project))
 9 SYSTEMPATH\CodeIgniter.php(368): CodeIgniter\CodeIgniter->handleRequest(null, Object(Config\Cache), false)
10 FCPATH\index.php(67): CodeIgniter\CodeIgniter->run()
11 SYSTEMPATH\Commands\Server\rewrite.php(47): require_once('FCPATH\\index.php')
CRITICAL - 2023-02-09 15:38:27 --> syntax error, unexpected ''val'' (T_CONSTANT_ENCAPSED_STRING), expecting ']'
in APPPATH\Controllers\Project.php on line 30.
 1 SYSTEMPATH\Router\Router.php(506): CodeIgniter\Router\AutoRouter->getRoute('project')
 2 SYSTEMPATH\Router\Router.php(205): CodeIgniter\Router\Router->autoRoute('project')
 3 SYSTEMPATH\CodeIgniter.php(815): CodeIgniter\Router\Router->handle('project')
 4 SYSTEMPATH\CodeIgniter.php(449): CodeIgniter\CodeIgniter->tryToRouteIt(Object(CodeIgniter\Router\RouteCollection))
 5 SYSTEMPATH\CodeIgniter.php(368): CodeIgniter\CodeIgniter->handleRequest(null, Object(Config\Cache), false)
 6 FCPATH\index.php(67): CodeIgniter\CodeIgniter->run()
 7 SYSTEMPATH\Commands\Server\rewrite.php(47): require_once('FCPATH\\index.php')
CRITICAL - 2023-02-09 15:39:31 --> Call to a member function select() on null
in APPPATH\Controllers\Project.php on line 31.
 1 SYSTEMPATH\CodeIgniter.php(934): App\Controllers\Project->index()
 2 SYSTEMPATH\CodeIgniter.php(499): CodeIgniter\CodeIgniter->runController(Object(App\Controllers\Project))
 3 SYSTEMPATH\CodeIgniter.php(368): CodeIgniter\CodeIgniter->handleRequest(null, Object(Config\Cache), false)
 4 FCPATH\index.php(67): CodeIgniter\CodeIgniter->run()
 5 SYSTEMPATH\Commands\Server\rewrite.php(47): require_once('FCPATH\\index.php')
CRITICAL - 2023-02-09 15:39:46 --> Call to a member function findAll() on null
in APPPATH\Controllers\Project.php on line 31.
 1 SYSTEMPATH\CodeIgniter.php(934): App\Controllers\Project->index()
 2 SYSTEMPATH\CodeIgniter.php(499): CodeIgniter\CodeIgniter->runController(Object(App\Controllers\Project))
 3 SYSTEMPATH\CodeIgniter.php(368): CodeIgniter\CodeIgniter->handleRequest(null, Object(Config\Cache), false)
 4 FCPATH\index.php(67): CodeIgniter\CodeIgniter->run()
 5 SYSTEMPATH\Commands\Server\rewrite.php(47): require_once('FCPATH\\index.php')
INFO - 2023-02-09 15:40:09 --> CSRF token verified.
INFO - 2023-02-09 15:59:11 --> CSRF token verified.
INFO - 2023-02-09 15:59:21 --> CSRF token verified.
INFO - 2023-02-09 15:59:22 --> CSRF token verified.
INFO - 2023-02-09 15:59:24 --> CSRF token verified.
INFO - 2023-02-09 15:59:32 --> CSRF token verified.
INFO - 2023-02-09 15:59:36 --> CSRF token verified.
INFO - 2023-02-09 15:59:37 --> CSRF token verified.
INFO - 2023-02-09 15:59:38 --> CSRF token verified.
CRITICAL - 2023-02-09 16:48:32 --> syntax error, unexpected ')'
in APPPATH\Views\project.php on line 70.
 1 SYSTEMPATH\View\View.php(216): CodeIgniter\View\View->CodeIgniter\View\{closure}()
 2 SYSTEMPATH\Common.php(1177): CodeIgniter\View\View->render('project', [], true)
 3 APPPATH\Controllers\Project.php(41): view('project', [...])
 4 SYSTEMPATH\CodeIgniter.php(934): App\Controllers\Project->index()
 5 SYSTEMPATH\CodeIgniter.php(499): CodeIgniter\CodeIgniter->runController(Object(App\Controllers\Project))
 6 SYSTEMPATH\CodeIgniter.php(368): CodeIgniter\CodeIgniter->handleRequest(null, Object(Config\Cache), false)
 7 FCPATH\index.php(67): CodeIgniter\CodeIgniter->run()
 8 SYSTEMPATH\Commands\Server\rewrite.php(47): require_once('FCPATH\\index.php')
CRITICAL - 2023-02-09 16:58:05 --> Object of class CodeIgniter\HTTP\IncomingRequest could not be converted to string
in APPPATH\Controllers\Project.php on line 40.
 1 SYSTEMPATH\CodeIgniter.php(934): App\Controllers\Project->index()
 2 SYSTEMPATH\CodeIgniter.php(499): CodeIgniter\CodeIgniter->runController(Object(App\Controllers\Project))
 3 SYSTEMPATH\CodeIgniter.php(368): CodeIgniter\CodeIgniter->handleRequest(null, Object(Config\Cache), false)
 4 FCPATH\index.php(67): CodeIgniter\CodeIgniter->run()
 5 SYSTEMPATH\Commands\Server\rewrite.php(47): require_once('FCPATH\\index.php')
ERROR - 2023-02-09 17:11:11 --> mysqli_sql_exception: Unknown column 'slug' in 'field list' in C:\laragon\www\ci4taskmonitoring\vendor\codeigniter4\framework\system\Database\MySQLi\Connection.php:295
Stack trace:
#0 C:\laragon\www\ci4taskmonitoring\vendor\codeigniter4\framework\system\Database\MySQLi\Connection.php(295): mysqli->query('SELECT `slug`, ...', 0)
#1 C:\laragon\www\ci4taskmonitoring\vendor\codeigniter4\framework\system\Database\BaseConnection.php(691): CodeIgniter\Database\MySQLi\Connection->execute('SELECT `slug`, ...')
#2 C:\laragon\www\ci4taskmonitoring\vendor\codeigniter4\framework\system\Database\BaseConnection.php(605): CodeIgniter\Database\BaseConnection->simpleQuery('SELECT `slug`, ...')
#3 C:\laragon\www\ci4taskmonitoring\vendor\codeigniter4\framework\system\Database\BaseBuilder.php(1602): CodeIgniter\Database\BaseConnection->query('SELECT `slug`, ...', Array, false)
#4 C:\laragon\www\ci4taskmonitoring\vendor\codeigniter4\framework\system\Model.php(240): CodeIgniter\Database\BaseBuilder->get()
#5 C:\laragon\www\ci4taskmonitoring\vendor\codeigniter4\framework\system\BaseModel.php(618): CodeIgniter\Model->doFindAll(0, 0)
#6 C:\laragon\www\ci4taskmonitoring\app\Controllers\Project.php(40): CodeIgniter\BaseModel->findAll()
#7 C:\laragon\www\ci4taskmonitoring\vendor\codeigniter4\framework\system\CodeIgniter.php(934): App\Controllers\Project->index()
#8 C:\laragon\www\ci4taskmonitoring\vendor\codeigniter4\framework\system\CodeIgniter.php(499): CodeIgniter\CodeIgniter->runController(Object(App\Controllers\Project))
#9 C:\laragon\www\ci4taskmonitoring\vendor\codeigniter4\framework\system\CodeIgniter.php(368): CodeIgniter\CodeIgniter->handleRequest(NULL, Object(Config\Cache), false)
#10 C:\laragon\www\ci4taskmonitoring\public\index.php(67): CodeIgniter\CodeIgniter->run()
#11 C:\laragon\www\ci4taskmonitoring\vendor\codeigniter4\framework\system\Commands\Server\rewrite.php(47): require_once('C:\\laragon\\www\\...')
#12 {main}
CRITICAL - 2023-02-09 17:11:11 --> Unknown column 'slug' in 'field list'
in SYSTEMPATH\Database\BaseConnection.php on line 645.
 1 SYSTEMPATH\Database\BaseBuilder.php(1602): CodeIgniter\Database\BaseConnection->query('SELECT `slug`, `list_project`
FROM `deskripsi_project`
WHERE `slug` = :slug:', [...], false)
 2 SYSTEMPATH\Model.php(240): CodeIgniter\Database\BaseBuilder->get()
 3 SYSTEMPATH\BaseModel.php(618): CodeIgniter\Model->doFindAll(0, 0)
 4 APPPATH\Controllers\Project.php(40): CodeIgniter\BaseModel->findAll()
 5 SYSTEMPATH\CodeIgniter.php(934): App\Controllers\Project->index()
 6 SYSTEMPATH\CodeIgniter.php(499): CodeIgniter\CodeIgniter->runController(Object(App\Controllers\Project))
 7 SYSTEMPATH\CodeIgniter.php(368): CodeIgniter\CodeIgniter->handleRequest(null, Object(Config\Cache), false)
 8 FCPATH\index.php(67): CodeIgniter\CodeIgniter->run()
 9 SYSTEMPATH\Commands\Server\rewrite.php(47): require_once('FCPATH\\index.php')
