INFO - 2023-02-22 13:25:12 --> Session: Class initialized using 'CodeIgniter\Session\Handlers\FileHandler' driver.
CRITICAL - 2023-02-22 13:25:12 --> Trying to get property 'cabang_id' of non-object
in APPPATH\Controllers\Home.php on line 25.
 1 APPPATH\Controllers\Home.php(25): CodeIgniter\Debug\Exceptions->errorHandler(8, 'Trying to get property \'cabang_id\' of non-object', 'APPPATH\\Controllers\\Home.php', 25, [])
 2 SYSTEMPATH\CodeIgniter.php(934): App\Controllers\Home->index()
 3 SYSTEMPATH\CodeIgniter.php(499): CodeIgniter\CodeIgniter->runController(Object(App\Controllers\Home))
 4 SYSTEMPATH\CodeIgniter.php(368): CodeIgniter\CodeIgniter->handleRequest(null, Object(Config\Cache), false)
 5 FCPATH\index.php(67): CodeIgniter\CodeIgniter->run()
 6 SYSTEMPATH\Commands\Server\rewrite.php(47): require_once('FCPATH\\index.php')
INFO - 2023-02-22 13:25:24 --> Session: Class initialized using 'CodeIgniter\Session\Handlers\FileHandler' driver.
INFO - 2023-02-22 13:25:37 --> CSRF token verified.
INFO - 2023-02-22 13:25:37 --> Session: Class initialized using 'CodeIgniter\Session\Handlers\FileHandler' driver.
INFO - 2023-02-22 13:25:37 --> Session: Class initialized using 'CodeIgniter\Session\Handlers\FileHandler' driver.
INFO - 2023-02-22 13:25:48 --> CSRF token verified.
INFO - 2023-02-22 13:25:48 --> Session: Class initialized using 'CodeIgniter\Session\Handlers\FileHandler' driver.
INFO - 2023-02-22 13:25:49 --> Session: Class initialized using 'CodeIgniter\Session\Handlers\FileHandler' driver.
INFO - 2023-02-22 13:25:56 --> Session: Class initialized using 'CodeIgniter\Session\Handlers\FileHandler' driver.
INFO - 2023-02-22 13:25:57 --> CSRF token verified.
INFO - 2023-02-22 13:27:01 --> Session: Class initialized using 'CodeIgniter\Session\Handlers\FileHandler' driver.
INFO - 2023-02-22 13:27:01 --> Session: Class initialized using 'CodeIgniter\Session\Handlers\FileHandler' driver.
CRITICAL - 2023-02-22 13:27:01 --> Trying to get property 'cabang_id' of non-object
in APPPATH\Controllers\Home.php on line 25.
 1 APPPATH\Controllers\Home.php(25): CodeIgniter\Debug\Exceptions->errorHandler(8, 'Trying to get property \'cabang_id\' of non-object', 'APPPATH\\Controllers\\Home.php', 25, [])
 2 SYSTEMPATH\CodeIgniter.php(934): App\Controllers\Home->index()
 3 SYSTEMPATH\CodeIgniter.php(499): CodeIgniter\CodeIgniter->runController(Object(App\Controllers\Home))
 4 SYSTEMPATH\CodeIgniter.php(368): CodeIgniter\CodeIgniter->handleRequest(null, Object(Config\Cache), false)
 5 FCPATH\index.php(67): CodeIgniter\CodeIgniter->run()
 6 SYSTEMPATH\Commands\Server\rewrite.php(47): require_once('FCPATH\\index.php')
INFO - 2023-02-22 13:27:02 --> Session: Class initialized using 'CodeIgniter\Session\Handlers\FileHandler' driver.
INFO - 2023-02-22 13:27:02 --> Session: Class initialized using 'CodeIgniter\Session\Handlers\FileHandler' driver.
CRITICAL - 2023-02-22 13:27:02 --> Trying to get property 'cabang_id' of non-object
in APPPATH\Controllers\Home.php on line 25.
 1 APPPATH\Controllers\Home.php(25): CodeIgniter\Debug\Exceptions->errorHandler(8, 'Trying to get property \'cabang_id\' of non-object', 'APPPATH\\Controllers\\Home.php', 25, [])
 2 SYSTEMPATH\CodeIgniter.php(934): App\Controllers\Home->index()
 3 SYSTEMPATH\CodeIgniter.php(499): CodeIgniter\CodeIgniter->runController(Object(App\Controllers\Home))
 4 SYSTEMPATH\CodeIgniter.php(368): CodeIgniter\CodeIgniter->handleRequest(null, Object(Config\Cache), false)
 5 FCPATH\index.php(67): CodeIgniter\CodeIgniter->run()
 6 SYSTEMPATH\Commands\Server\rewrite.php(47): require_once('FCPATH\\index.php')
INFO - 2023-02-22 13:27:05 --> Session: Class initialized using 'CodeIgniter\Session\Handlers\FileHandler' driver.
INFO - 2023-02-22 13:27:17 --> CSRF token verified.
INFO - 2023-02-22 13:27:17 --> Session: Class initialized using 'CodeIgniter\Session\Handlers\FileHandler' driver.
INFO - 2023-02-22 13:27:18 --> Session: Class initialized using 'CodeIgniter\Session\Handlers\FileHandler' driver.
INFO - 2023-02-22 13:27:26 --> CSRF token verified.
INFO - 2023-02-22 13:27:26 --> Session: Class initialized using 'CodeIgniter\Session\Handlers\FileHandler' driver.
INFO - 2023-02-22 13:27:26 --> Session: Class initialized using 'CodeIgniter\Session\Handlers\FileHandler' driver.
INFO - 2023-02-22 13:27:41 --> CSRF token verified.
INFO - 2023-02-22 13:27:41 --> Session: Class initialized using 'CodeIgniter\Session\Handlers\FileHandler' driver.
INFO - 2023-02-22 13:27:41 --> Session: Class initialized using 'CodeIgniter\Session\Handlers\FileHandler' driver.
INFO - 2023-02-22 13:27:53 --> CSRF token verified.
INFO - 2023-02-22 13:27:53 --> Session: Class initialized using 'CodeIgniter\Session\Handlers\FileHandler' driver.
INFO - 2023-02-22 13:27:53 --> Session: Class initialized using 'CodeIgniter\Session\Handlers\FileHandler' driver.
INFO - 2023-02-22 13:27:57 --> Session: Class initialized using 'CodeIgniter\Session\Handlers\FileHandler' driver.
INFO - 2023-02-22 13:27:59 --> CSRF token verified.
INFO - 2023-02-22 13:28:35 --> CSRF token verified.
CRITICAL - 2023-02-22 13:28:35 --> Trying to access array offset on value of type null
in APPPATH\Controllers\Project.php on line 100.
 1 APPPATH\Controllers\Project.php(100): CodeIgniter\Debug\Exceptions->errorHandler(8, 'Trying to access array offset on value of type null', 'APPPATH\\Controllers\\Project.php', 100, [...])
 2 SYSTEMPATH\CodeIgniter.php(934): App\Controllers\Project->add()
 3 SYSTEMPATH\CodeIgniter.php(499): CodeIgniter\CodeIgniter->runController(Object(App\Controllers\Project))
 4 SYSTEMPATH\CodeIgniter.php(368): CodeIgniter\CodeIgniter->handleRequest(null, Object(Config\Cache), false)
 5 FCPATH\index.php(67): CodeIgniter\CodeIgniter->run()
 6 SYSTEMPATH\Commands\Server\rewrite.php(47): require_once('FCPATH\\index.php')
INFO - 2023-02-22 13:28:38 --> Session: Class initialized using 'CodeIgniter\Session\Handlers\FileHandler' driver.
INFO - 2023-02-22 13:28:39 --> CSRF token verified.
INFO - 2023-02-22 13:40:39 --> Session: Class initialized using 'CodeIgniter\Session\Handlers\FileHandler' driver.
INFO - 2023-02-22 13:40:41 --> CSRF token verified.
INFO - 2023-02-22 13:40:57 --> CSRF token verified.
CRITICAL - 2023-02-22 13:40:57 --> Trying to access array offset on value of type null
in APPPATH\Controllers\Project.php on line 100.
 1 APPPATH\Controllers\Project.php(100): CodeIgniter\Debug\Exceptions->errorHandler(8, 'Trying to access array offset on value of type null', 'APPPATH\\Controllers\\Project.php', 100, [...])
 2 SYSTEMPATH\CodeIgniter.php(934): App\Controllers\Project->add()
 3 SYSTEMPATH\CodeIgniter.php(499): CodeIgniter\CodeIgniter->runController(Object(App\Controllers\Project))
 4 SYSTEMPATH\CodeIgniter.php(368): CodeIgniter\CodeIgniter->handleRequest(null, Object(Config\Cache), false)
 5 FCPATH\index.php(67): CodeIgniter\CodeIgniter->run()
 6 SYSTEMPATH\Commands\Server\rewrite.php(47): require_once('FCPATH\\index.php')
INFO - 2023-02-22 13:41:02 --> Session: Class initialized using 'CodeIgniter\Session\Handlers\FileHandler' driver.
INFO - 2023-02-22 13:41:04 --> CSRF token verified.
INFO - 2023-02-22 13:41:41 --> Session: Class initialized using 'CodeIgniter\Session\Handlers\FileHandler' driver.
INFO - 2023-02-22 13:41:53 --> Session: Class initialized using 'CodeIgniter\Session\Handlers\FileHandler' driver.
CRITICAL - 2023-02-22 13:42:30 --> Call to undefined function App\Controllers\revertSlug()
in APPPATH\Controllers\Project.php on line 31.
 1 SYSTEMPATH\CodeIgniter.php(934): App\Controllers\Project->index()
 2 SYSTEMPATH\CodeIgniter.php(499): CodeIgniter\CodeIgniter->runController(Object(App\Controllers\Project))
 3 SYSTEMPATH\CodeIgniter.php(368): CodeIgniter\CodeIgniter->handleRequest(null, Object(Config\Cache), false)
 4 FCPATH\index.php(67): CodeIgniter\CodeIgniter->run()
 5 SYSTEMPATH\Commands\Server\rewrite.php(47): require_once('FCPATH\\index.php')
INFO - 2023-02-22 13:42:59 --> Session: Class initialized using 'CodeIgniter\Session\Handlers\FileHandler' driver.
INFO - 2023-02-22 13:44:29 --> Session: Class initialized using 'CodeIgniter\Session\Handlers\FileHandler' driver.
INFO - 2023-02-22 13:45:46 --> Session: Class initialized using 'CodeIgniter\Session\Handlers\FileHandler' driver.
INFO - 2023-02-22 13:45:47 --> CSRF token verified.
INFO - 2023-02-22 13:46:19 --> Session: Class initialized using 'CodeIgniter\Session\Handlers\FileHandler' driver.
INFO - 2023-02-22 13:46:21 --> CSRF token verified.
INFO - 2023-02-22 13:46:38 --> CSRF token verified.
CRITICAL - 2023-02-22 13:46:38 --> Trying to access array offset on value of type null
in APPPATH\Controllers\Project.php on line 100.
 1 APPPATH\Controllers\Project.php(100): CodeIgniter\Debug\Exceptions->errorHandler(8, 'Trying to access array offset on value of type null', 'APPPATH\\Controllers\\Project.php', 100, [...])
 2 SYSTEMPATH\CodeIgniter.php(934): App\Controllers\Project->add()
 3 SYSTEMPATH\CodeIgniter.php(499): CodeIgniter\CodeIgniter->runController(Object(App\Controllers\Project))
 4 SYSTEMPATH\CodeIgniter.php(368): CodeIgniter\CodeIgniter->handleRequest(null, Object(Config\Cache), false)
 5 FCPATH\index.php(67): CodeIgniter\CodeIgniter->run()
 6 SYSTEMPATH\Commands\Server\rewrite.php(47): require_once('FCPATH\\index.php')
INFO - 2023-02-22 13:46:45 --> Session: Class initialized using 'CodeIgniter\Session\Handlers\FileHandler' driver.
INFO - 2023-02-22 13:46:46 --> CSRF token verified.
INFO - 2023-02-22 13:48:03 --> Session: Class initialized using 'CodeIgniter\Session\Handlers\FileHandler' driver.
INFO - 2023-02-22 13:48:05 --> CSRF token verified.
INFO - 2023-02-22 13:48:13 --> Session: Class initialized using 'CodeIgniter\Session\Handlers\FileHandler' driver.
INFO - 2023-02-22 13:48:28 --> Session: Class initialized using 'CodeIgniter\Session\Handlers\FileHandler' driver.
INFO - 2023-02-22 13:48:29 --> CSRF token verified.
INFO - 2023-02-22 13:48:40 --> CSRF token verified.
CRITICAL - 2023-02-22 13:48:40 --> Trying to access array offset on value of type null
in APPPATH\Controllers\Project.php on line 100.
 1 APPPATH\Controllers\Project.php(100): CodeIgniter\Debug\Exceptions->errorHandler(8, 'Trying to access array offset on value of type null', 'APPPATH\\Controllers\\Project.php', 100, [...])
 2 SYSTEMPATH\CodeIgniter.php(934): App\Controllers\Project->add()
 3 SYSTEMPATH\CodeIgniter.php(499): CodeIgniter\CodeIgniter->runController(Object(App\Controllers\Project))
 4 SYSTEMPATH\CodeIgniter.php(368): CodeIgniter\CodeIgniter->handleRequest(null, Object(Config\Cache), false)
 5 FCPATH\index.php(67): CodeIgniter\CodeIgniter->run()
 6 SYSTEMPATH\Commands\Server\rewrite.php(47): require_once('FCPATH\\index.php')
INFO - 2023-02-22 13:48:43 --> Session: Class initialized using 'CodeIgniter\Session\Handlers\FileHandler' driver.
INFO - 2023-02-22 13:48:44 --> CSRF token verified.
INFO - 2023-02-22 13:51:49 --> Session: Class initialized using 'CodeIgniter\Session\Handlers\FileHandler' driver.
INFO - 2023-02-22 13:51:51 --> CSRF token verified.
INFO - 2023-02-22 13:52:09 --> CSRF token verified.
CRITICAL - 2023-02-22 13:52:09 --> Trying to access array offset on value of type null
in APPPATH\Controllers\Project.php on line 100.
 1 APPPATH\Controllers\Project.php(100): CodeIgniter\Debug\Exceptions->errorHandler(8, 'Trying to access array offset on value of type null', 'APPPATH\\Controllers\\Project.php', 100, [...])
 2 SYSTEMPATH\CodeIgniter.php(934): App\Controllers\Project->add()
 3 SYSTEMPATH\CodeIgniter.php(499): CodeIgniter\CodeIgniter->runController(Object(App\Controllers\Project))
 4 SYSTEMPATH\CodeIgniter.php(368): CodeIgniter\CodeIgniter->handleRequest(null, Object(Config\Cache), false)
 5 FCPATH\index.php(67): CodeIgniter\CodeIgniter->run()
 6 SYSTEMPATH\Commands\Server\rewrite.php(47): require_once('FCPATH\\index.php')
INFO - 2023-02-22 13:52:11 --> Session: Class initialized using 'CodeIgniter\Session\Handlers\FileHandler' driver.
INFO - 2023-02-22 13:52:13 --> CSRF token verified.
INFO - 2023-02-22 13:52:23 --> CSRF token verified.
CRITICAL - 2023-02-22 13:52:23 --> Trying to access array offset on value of type null
in APPPATH\Controllers\Project.php on line 100.
 1 APPPATH\Controllers\Project.php(100): CodeIgniter\Debug\Exceptions->errorHandler(8, 'Trying to access array offset on value of type null', 'APPPATH\\Controllers\\Project.php', 100, [...])
 2 SYSTEMPATH\CodeIgniter.php(934): App\Controllers\Project->add()
 3 SYSTEMPATH\CodeIgniter.php(499): CodeIgniter\CodeIgniter->runController(Object(App\Controllers\Project))
 4 SYSTEMPATH\CodeIgniter.php(368): CodeIgniter\CodeIgniter->handleRequest(null, Object(Config\Cache), false)
 5 FCPATH\index.php(67): CodeIgniter\CodeIgniter->run()
 6 SYSTEMPATH\Commands\Server\rewrite.php(47): require_once('FCPATH\\index.php')
INFO - 2023-02-22 13:52:45 --> Session: Class initialized using 'CodeIgniter\Session\Handlers\FileHandler' driver.
INFO - 2023-02-22 13:52:47 --> CSRF token verified.
INFO - 2023-02-22 13:52:58 --> CSRF token verified.
INFO - 2023-02-22 13:53:00 --> CSRF token verified.
INFO - 2023-02-22 13:54:08 --> Session: Class initialized using 'CodeIgniter\Session\Handlers\FileHandler' driver.
INFO - 2023-02-22 13:54:09 --> CSRF token verified.
INFO - 2023-02-22 13:54:20 --> CSRF token verified.
CRITICAL - 2023-02-22 13:54:20 --> Trying to access array offset on value of type null
in APPPATH\Controllers\Project.php on line 100.
 1 APPPATH\Controllers\Project.php(100): CodeIgniter\Debug\Exceptions->errorHandler(8, 'Trying to access array offset on value of type null', 'APPPATH\\Controllers\\Project.php', 100, [...])
 2 SYSTEMPATH\CodeIgniter.php(934): App\Controllers\Project->add()
 3 SYSTEMPATH\CodeIgniter.php(499): CodeIgniter\CodeIgniter->runController(Object(App\Controllers\Project))
 4 SYSTEMPATH\CodeIgniter.php(368): CodeIgniter\CodeIgniter->handleRequest(null, Object(Config\Cache), false)
 5 FCPATH\index.php(67): CodeIgniter\CodeIgniter->run()
 6 SYSTEMPATH\Commands\Server\rewrite.php(47): require_once('FCPATH\\index.php')
INFO - 2023-02-22 13:55:19 --> Session: Class initialized using 'CodeIgniter\Session\Handlers\FileHandler' driver.
INFO - 2023-02-22 13:55:21 --> CSRF token verified.
INFO - 2023-02-22 13:55:29 --> CSRF token verified.
CRITICAL - 2023-02-22 13:55:29 --> Trying to access array offset on value of type null
in APPPATH\Controllers\Project.php on line 92.
 1 APPPATH\Controllers\Project.php(92): CodeIgniter\Debug\Exceptions->errorHandler(8, 'Trying to access array offset on value of type null', 'APPPATH\\Controllers\\Project.php', 92, [...])
 2 SYSTEMPATH\CodeIgniter.php(934): App\Controllers\Project->add()
 3 SYSTEMPATH\CodeIgniter.php(499): CodeIgniter\CodeIgniter->runController(Object(App\Controllers\Project))
 4 SYSTEMPATH\CodeIgniter.php(368): CodeIgniter\CodeIgniter->handleRequest(null, Object(Config\Cache), false)
 5 FCPATH\index.php(67): CodeIgniter\CodeIgniter->run()
 6 SYSTEMPATH\Commands\Server\rewrite.php(47): require_once('FCPATH\\index.php')
INFO - 2023-02-22 13:55:55 --> Session: Class initialized using 'CodeIgniter\Session\Handlers\FileHandler' driver.
INFO - 2023-02-22 13:55:57 --> CSRF token verified.
INFO - 2023-02-22 13:56:37 --> Session: Class initialized using 'CodeIgniter\Session\Handlers\FileHandler' driver.
INFO - 2023-02-22 13:56:39 --> CSRF token verified.
INFO - 2023-02-22 13:56:53 --> CSRF token verified.
CRITICAL - 2023-02-22 13:56:53 --> Trying to access array offset on value of type null
in APPPATH\Controllers\Project.php on line 92.
 1 APPPATH\Controllers\Project.php(92): CodeIgniter\Debug\Exceptions->errorHandler(8, 'Trying to access array offset on value of type null', 'APPPATH\\Controllers\\Project.php', 92, [...])
 2 SYSTEMPATH\CodeIgniter.php(934): App\Controllers\Project->add()
 3 SYSTEMPATH\CodeIgniter.php(499): CodeIgniter\CodeIgniter->runController(Object(App\Controllers\Project))
 4 SYSTEMPATH\CodeIgniter.php(368): CodeIgniter\CodeIgniter->handleRequest(null, Object(Config\Cache), false)
 5 FCPATH\index.php(67): CodeIgniter\CodeIgniter->run()
 6 SYSTEMPATH\Commands\Server\rewrite.php(47): require_once('FCPATH\\index.php')
INFO - 2023-02-22 13:59:41 --> Session: Class initialized using 'CodeIgniter\Session\Handlers\FileHandler' driver.
INFO - 2023-02-22 13:59:42 --> CSRF token verified.
INFO - 2023-02-22 13:59:53 --> CSRF token verified.
INFO - 2023-02-22 13:59:55 --> CSRF token verified.
INFO - 2023-02-22 14:01:15 --> Session: Class initialized using 'CodeIgniter\Session\Handlers\FileHandler' driver.
CRITICAL - 2023-02-22 14:01:38 --> Trying to access array offset on value of type null
in APPPATH\Controllers\Project.php on line 92.
 1 APPPATH\Controllers\Project.php(92): CodeIgniter\Debug\Exceptions->errorHandler(8, 'Trying to access array offset on value of type null', 'APPPATH\\Controllers\\Project.php', 92, [...])
 2 SYSTEMPATH\CodeIgniter.php(934): App\Controllers\Project->add()
 3 SYSTEMPATH\CodeIgniter.php(499): CodeIgniter\CodeIgniter->runController(Object(App\Controllers\Project))
 4 SYSTEMPATH\CodeIgniter.php(368): CodeIgniter\CodeIgniter->handleRequest(null, Object(Config\Cache), false)
 5 FCPATH\index.php(67): CodeIgniter\CodeIgniter->run()
 6 SYSTEMPATH\Commands\Server\rewrite.php(47): require_once('FCPATH\\index.php')
INFO - 2023-02-22 14:02:23 --> Session: Class initialized using 'CodeIgniter\Session\Handlers\FileHandler' driver.
INFO - 2023-02-22 14:02:24 --> CSRF token verified.
INFO - 2023-02-22 14:02:39 --> CSRF token verified.
INFO - 2023-02-22 14:02:41 --> CSRF token verified.
INFO - 2023-02-22 14:02:47 --> CSRF token verified.
INFO - 2023-02-22 14:02:49 --> CSRF token verified.
INFO - 2023-02-22 14:02:54 --> CSRF token verified.
INFO - 2023-02-22 14:02:55 --> CSRF token verified.
INFO - 2023-02-22 14:08:18 --> Session: Class initialized using 'CodeIgniter\Session\Handlers\FileHandler' driver.
INFO - 2023-02-22 14:08:20 --> CSRF token verified.
INFO - 2023-02-22 14:08:41 --> Session: Class initialized using 'CodeIgniter\Session\Handlers\FileHandler' driver.
INFO - 2023-02-22 14:08:43 --> CSRF token verified.
INFO - 2023-02-22 14:10:57 --> Session: Class initialized using 'CodeIgniter\Session\Handlers\FileHandler' driver.
INFO - 2023-02-22 14:10:58 --> CSRF token verified.
INFO - 2023-02-22 14:12:21 --> Session: Class initialized using 'CodeIgniter\Session\Handlers\FileHandler' driver.
INFO - 2023-02-22 14:12:22 --> CSRF token verified.
INFO - 2023-02-22 14:12:28 --> Session: Class initialized using 'CodeIgniter\Session\Handlers\FileHandler' driver.
INFO - 2023-02-22 14:21:51 --> Session: Class initialized using 'CodeIgniter\Session\Handlers\FileHandler' driver.
INFO - 2023-02-22 14:21:52 --> CSRF token verified.
INFO - 2023-02-22 14:21:56 --> CSRF token verified.
INFO - 2023-02-22 14:21:58 --> CSRF token verified.
INFO - 2023-02-22 15:30:02 --> Session: Class initialized using 'CodeIgniter\Session\Handlers\FileHandler' driver.
INFO - 2023-02-22 15:30:06 --> CSRF token verified.
INFO - 2023-02-22 15:30:34 --> Session: Class initialized using 'CodeIgniter\Session\Handlers\FileHandler' driver.
INFO - 2023-02-22 15:30:35 --> CSRF token verified.
INFO - 2023-02-22 15:31:01 --> CSRF token verified.
INFO - 2023-02-22 15:31:03 --> CSRF token verified.
INFO - 2023-02-22 15:31:17 --> CSRF token verified.
INFO - 2023-02-22 15:31:19 --> CSRF token verified.
INFO - 2023-02-22 15:31:40 --> Session: Class initialized using 'CodeIgniter\Session\Handlers\FileHandler' driver.
INFO - 2023-02-22 15:31:41 --> CSRF token verified.
INFO - 2023-02-22 15:31:56 --> Session: Class initialized using 'CodeIgniter\Session\Handlers\FileHandler' driver.
INFO - 2023-02-22 15:31:57 --> CSRF token verified.
INFO - 2023-02-22 15:32:00 --> Session: Class initialized using 'CodeIgniter\Session\Handlers\FileHandler' driver.
INFO - 2023-02-22 15:32:02 --> CSRF token verified.
INFO - 2023-02-22 15:32:28 --> CSRF token verified.
INFO - 2023-02-22 15:32:30 --> CSRF token verified.
INFO - 2023-02-22 15:32:34 --> CSRF token verified.
INFO - 2023-02-22 15:32:36 --> CSRF token verified.
INFO - 2023-02-22 15:33:47 --> Session: Class initialized using 'CodeIgniter\Session\Handlers\FileHandler' driver.
INFO - 2023-02-22 15:33:49 --> CSRF token verified.
INFO - 2023-02-22 15:37:09 --> Session: Class initialized using 'CodeIgniter\Session\Handlers\FileHandler' driver.
INFO - 2023-02-22 15:37:11 --> CSRF token verified.
INFO - 2023-02-22 15:37:37 --> CSRF token verified.
INFO - 2023-02-22 15:37:38 --> CSRF token verified.
INFO - 2023-02-22 15:37:41 --> CSRF token verified.
INFO - 2023-02-22 15:37:43 --> CSRF token verified.
INFO - 2023-02-22 15:37:54 --> CSRF token verified.
INFO - 2023-02-22 15:37:56 --> CSRF token verified.
INFO - 2023-02-22 15:38:50 --> Session: Class initialized using 'CodeIgniter\Session\Handlers\FileHandler' driver.
INFO - 2023-02-22 15:38:51 --> CSRF token verified.
INFO - 2023-02-22 15:39:05 --> CSRF token verified.
INFO - 2023-02-22 15:39:07 --> CSRF token verified.
INFO - 2023-02-22 15:39:19 --> CSRF token verified.
INFO - 2023-02-22 15:39:20 --> CSRF token verified.
INFO - 2023-02-22 15:45:15 --> Session: Class initialized using 'CodeIgniter\Session\Handlers\FileHandler' driver.
INFO - 2023-02-22 15:45:17 --> CSRF token verified.
INFO - 2023-02-22 15:45:33 --> Session: Class initialized using 'CodeIgniter\Session\Handlers\FileHandler' driver.
INFO - 2023-02-22 15:45:35 --> CSRF token verified.
INFO - 2023-02-22 15:46:42 --> Session: Class initialized using 'CodeIgniter\Session\Handlers\FileHandler' driver.
INFO - 2023-02-22 15:46:44 --> CSRF token verified.
INFO - 2023-02-22 15:49:50 --> Session: Class initialized using 'CodeIgniter\Session\Handlers\FileHandler' driver.
INFO - 2023-02-22 15:49:51 --> CSRF token verified.
INFO - 2023-02-22 15:51:14 --> Session: Class initialized using 'CodeIgniter\Session\Handlers\FileHandler' driver.
INFO - 2023-02-22 15:51:16 --> CSRF token verified.
INFO - 2023-02-22 15:52:06 --> Session: Class initialized using 'CodeIgniter\Session\Handlers\FileHandler' driver.
INFO - 2023-02-22 15:52:07 --> CSRF token verified.
INFO - 2023-02-22 15:53:52 --> Session: Class initialized using 'CodeIgniter\Session\Handlers\FileHandler' driver.
INFO - 2023-02-22 15:53:53 --> CSRF token verified.
INFO - 2023-02-22 15:55:48 --> Session: Class initialized using 'CodeIgniter\Session\Handlers\FileHandler' driver.
INFO - 2023-02-22 15:56:00 --> Session: Class initialized using 'CodeIgniter\Session\Handlers\FileHandler' driver.
INFO - 2023-02-22 15:56:09 --> Session: Class initialized using 'CodeIgniter\Session\Handlers\FileHandler' driver.
INFO - 2023-02-22 15:56:18 --> Session: Class initialized using 'CodeIgniter\Session\Handlers\FileHandler' driver.
INFO - 2023-02-22 15:56:19 --> CSRF token verified.
INFO - 2023-02-22 15:57:20 --> Session: Class initialized using 'CodeIgniter\Session\Handlers\FileHandler' driver.
INFO - 2023-02-22 15:57:22 --> CSRF token verified.
INFO - 2023-02-22 15:59:55 --> Session: Class initialized using 'CodeIgniter\Session\Handlers\FileHandler' driver.
INFO - 2023-02-22 15:59:56 --> CSRF token verified.
INFO - 2023-02-22 16:00:06 --> Session: Class initialized using 'CodeIgniter\Session\Handlers\FileHandler' driver.
INFO - 2023-02-22 16:00:08 --> CSRF token verified.
INFO - 2023-02-22 16:00:10 --> Session: Class initialized using 'CodeIgniter\Session\Handlers\FileHandler' driver.
INFO - 2023-02-22 16:00:12 --> CSRF token verified.
INFO - 2023-02-22 16:00:24 --> CSRF token verified.
INFO - 2023-02-22 16:00:26 --> CSRF token verified.
INFO - 2023-02-22 16:00:28 --> Session: Class initialized using 'CodeIgniter\Session\Handlers\FileHandler' driver.
INFO - 2023-02-22 16:00:30 --> CSRF token verified.
INFO - 2023-02-22 16:00:32 --> Session: Class initialized using 'CodeIgniter\Session\Handlers\FileHandler' driver.
INFO - 2023-02-22 16:00:33 --> CSRF token verified.
INFO - 2023-02-22 16:00:48 --> Session: Class initialized using 'CodeIgniter\Session\Handlers\FileHandler' driver.
INFO - 2023-02-22 16:00:49 --> CSRF token verified.
INFO - 2023-02-22 16:01:05 --> Session: Class initialized using 'CodeIgniter\Session\Handlers\FileHandler' driver.
INFO - 2023-02-22 16:05:33 --> Session: Class initialized using 'CodeIgniter\Session\Handlers\FileHandler' driver.
INFO - 2023-02-22 16:05:34 --> CSRF token verified.
INFO - 2023-02-22 16:05:41 --> Session: Class initialized using 'CodeIgniter\Session\Handlers\FileHandler' driver.
INFO - 2023-02-22 16:05:43 --> CSRF token verified.
INFO - 2023-02-22 16:06:19 --> Session: Class initialized using 'CodeIgniter\Session\Handlers\FileHandler' driver.
INFO - 2023-02-22 16:06:20 --> CSRF token verified.
INFO - 2023-02-22 16:06:24 --> Session: Class initialized using 'CodeIgniter\Session\Handlers\FileHandler' driver.
INFO - 2023-02-22 16:06:26 --> CSRF token verified.
INFO - 2023-02-22 16:06:48 --> Session: Class initialized using 'CodeIgniter\Session\Handlers\FileHandler' driver.
INFO - 2023-02-22 16:06:49 --> CSRF token verified.
INFO - 2023-02-22 16:07:21 --> Session: Class initialized using 'CodeIgniter\Session\Handlers\FileHandler' driver.
INFO - 2023-02-22 16:07:22 --> CSRF token verified.
INFO - 2023-02-22 16:08:36 --> Session: Class initialized using 'CodeIgniter\Session\Handlers\FileHandler' driver.
INFO - 2023-02-22 16:08:37 --> CSRF token verified.
INFO - 2023-02-22 16:08:52 --> Session: Class initialized using 'CodeIgniter\Session\Handlers\FileHandler' driver.
INFO - 2023-02-22 16:08:53 --> CSRF token verified.
INFO - 2023-02-22 16:09:01 --> Session: Class initialized using 'CodeIgniter\Session\Handlers\FileHandler' driver.
INFO - 2023-02-22 16:09:02 --> CSRF token verified.
INFO - 2023-02-22 16:09:20 --> Session: Class initialized using 'CodeIgniter\Session\Handlers\FileHandler' driver.
INFO - 2023-02-22 16:09:22 --> CSRF token verified.
INFO - 2023-02-22 16:09:25 --> Session: Class initialized using 'CodeIgniter\Session\Handlers\FileHandler' driver.
INFO - 2023-02-22 16:09:26 --> CSRF token verified.
INFO - 2023-02-22 16:11:40 --> Session: Class initialized using 'CodeIgniter\Session\Handlers\FileHandler' driver.
INFO - 2023-02-22 16:11:41 --> CSRF token verified.
INFO - 2023-02-22 16:12:30 --> Session: Class initialized using 'CodeIgniter\Session\Handlers\FileHandler' driver.
INFO - 2023-02-22 16:12:31 --> CSRF token verified.
INFO - 2023-02-22 16:12:33 --> Session: Class initialized using 'CodeIgniter\Session\Handlers\FileHandler' driver.
INFO - 2023-02-22 16:12:34 --> CSRF token verified.
INFO - 2023-02-22 16:12:59 --> Session: Class initialized using 'CodeIgniter\Session\Handlers\FileHandler' driver.
INFO - 2023-02-22 16:13:00 --> CSRF token verified.
INFO - 2023-02-22 16:14:42 --> Session: Class initialized using 'CodeIgniter\Session\Handlers\FileHandler' driver.
INFO - 2023-02-22 16:14:43 --> CSRF token verified.
INFO - 2023-02-22 16:14:47 --> Session: Class initialized using 'CodeIgniter\Session\Handlers\FileHandler' driver.
INFO - 2023-02-22 16:14:48 --> CSRF token verified.
INFO - 2023-02-22 16:14:51 --> Session: Class initialized using 'CodeIgniter\Session\Handlers\FileHandler' driver.
INFO - 2023-02-22 16:14:52 --> CSRF token verified.
INFO - 2023-02-22 16:17:53 --> Session: Class initialized using 'CodeIgniter\Session\Handlers\FileHandler' driver.
INFO - 2023-02-22 16:17:55 --> CSRF token verified.
INFO - 2023-02-22 16:17:59 --> Session: Class initialized using 'CodeIgniter\Session\Handlers\FileHandler' driver.
INFO - 2023-02-22 16:18:01 --> CSRF token verified.
INFO - 2023-02-22 16:20:51 --> Session: Class initialized using 'CodeIgniter\Session\Handlers\FileHandler' driver.
INFO - 2023-02-22 16:20:53 --> CSRF token verified.
INFO - 2023-02-22 16:22:18 --> Session: Class initialized using 'CodeIgniter\Session\Handlers\FileHandler' driver.
INFO - 2023-02-22 16:22:19 --> CSRF token verified.
INFO - 2023-02-22 16:22:45 --> Session: Class initialized using 'CodeIgniter\Session\Handlers\FileHandler' driver.
INFO - 2023-02-22 16:22:46 --> CSRF token verified.
INFO - 2023-02-22 16:23:46 --> Session: Class initialized using 'CodeIgniter\Session\Handlers\FileHandler' driver.
INFO - 2023-02-22 16:23:47 --> CSRF token verified.
INFO - 2023-02-22 16:23:50 --> Session: Class initialized using 'CodeIgniter\Session\Handlers\FileHandler' driver.
INFO - 2023-02-22 16:23:52 --> CSRF token verified.
INFO - 2023-02-22 16:24:20 --> Session: Class initialized using 'CodeIgniter\Session\Handlers\FileHandler' driver.
INFO - 2023-02-22 16:24:21 --> CSRF token verified.
INFO - 2023-02-22 16:24:49 --> Session: Class initialized using 'CodeIgniter\Session\Handlers\FileHandler' driver.
INFO - 2023-02-22 16:24:50 --> CSRF token verified.
CRITICAL - 2023-02-22 16:26:35 --> Trying to get property 'uri' of non-object
in APPPATH\Controllers\Project.php on line 25.
 1 APPPATH\Controllers\Project.php(25): CodeIgniter\Debug\Exceptions->errorHandler(8, 'Trying to get property \'uri\' of non-object', 'APPPATH\\Controllers\\Project.php', 25, [])
 2 SYSTEMPATH\CodeIgniter.php(906): App\Controllers\Project->__construct()
 3 SYSTEMPATH\CodeIgniter.php(490): CodeIgniter\CodeIgniter->createController()
 4 SYSTEMPATH\CodeIgniter.php(368): CodeIgniter\CodeIgniter->handleRequest(null, Object(Config\Cache), false)
 5 FCPATH\index.php(67): CodeIgniter\CodeIgniter->run()
 6 SYSTEMPATH\Commands\Server\rewrite.php(47): require_once('FCPATH\\index.php')
CRITICAL - 2023-02-22 16:28:46 --> Trying to get property 'uri' of non-object
in APPPATH\Controllers\Project.php on line 25.
 1 APPPATH\Controllers\Project.php(25): CodeIgniter\Debug\Exceptions->errorHandler(8, 'Trying to get property \'uri\' of non-object', 'APPPATH\\Controllers\\Project.php', 25, [])
 2 SYSTEMPATH\CodeIgniter.php(906): App\Controllers\Project->__construct()
 3 SYSTEMPATH\CodeIgniter.php(490): CodeIgniter\CodeIgniter->createController()
 4 SYSTEMPATH\CodeIgniter.php(368): CodeIgniter\CodeIgniter->handleRequest(null, Object(Config\Cache), false)
 5 FCPATH\index.php(67): CodeIgniter\CodeIgniter->run()
 6 SYSTEMPATH\Commands\Server\rewrite.php(47): require_once('FCPATH\\index.php')
CRITICAL - 2023-02-22 16:32:06 --> Constant expression contains invalid operations
in APPPATH\Controllers\Project.php on line 127.
 1 [internal function]: CodeIgniter\Debug\Exceptions->shutdownHandler()
INFO - 2023-02-22 16:34:56 --> Session: Class initialized using 'CodeIgniter\Session\Handlers\FileHandler' driver.
INFO - 2023-02-22 16:34:57 --> CSRF token verified.
INFO - 2023-02-22 23:34:57 --> Session: Class initialized using 'CodeIgniter\Session\Handlers\FileHandler' driver.
INFO - 2023-02-22 16:34:59 --> Session: Class initialized using 'CodeIgniter\Session\Handlers\FileHandler' driver.
INFO - 2023-02-22 16:35:01 --> CSRF token verified.
INFO - 2023-02-22 23:35:01 --> Session: Class initialized using 'CodeIgniter\Session\Handlers\FileHandler' driver.
INFO - 2023-02-22 16:35:03 --> Session: Class initialized using 'CodeIgniter\Session\Handlers\FileHandler' driver.
INFO - 2023-02-22 16:35:04 --> CSRF token verified.
INFO - 2023-02-22 23:35:04 --> Session: Class initialized using 'CodeIgniter\Session\Handlers\FileHandler' driver.
INFO - 2023-02-22 16:35:47 --> Session: Class initialized using 'CodeIgniter\Session\Handlers\FileHandler' driver.
INFO - 2023-02-22 16:35:48 --> CSRF token verified.
INFO - 2023-02-22 23:35:48 --> Session: Class initialized using 'CodeIgniter\Session\Handlers\FileHandler' driver.
INFO - 2023-02-22 16:37:07 --> Session: Class initialized using 'CodeIgniter\Session\Handlers\FileHandler' driver.
INFO - 2023-02-22 16:37:08 --> CSRF token verified.
INFO - 2023-02-22 23:37:08 --> Session: Class initialized using 'CodeIgniter\Session\Handlers\FileHandler' driver.
INFO - 2023-02-22 16:37:40 --> Session: Class initialized using 'CodeIgniter\Session\Handlers\FileHandler' driver.
INFO - 2023-02-22 16:37:41 --> CSRF token verified.
INFO - 2023-02-22 16:37:50 --> Session: Class initialized using 'CodeIgniter\Session\Handlers\FileHandler' driver.
INFO - 2023-02-22 16:37:51 --> CSRF token verified.
INFO - 2023-02-22 23:37:52 --> Session: Class initialized using 'CodeIgniter\Session\Handlers\FileHandler' driver.
INFO - 2023-02-22 16:38:05 --> CSRF token verified.
INFO - 2023-02-22 16:38:07 --> CSRF token verified.
INFO - 2023-02-22 23:38:07 --> Session: Class initialized using 'CodeIgniter\Session\Handlers\FileHandler' driver.
INFO - 2023-02-22 16:38:09 --> Session: Class initialized using 'CodeIgniter\Session\Handlers\FileHandler' driver.
INFO - 2023-02-22 16:38:10 --> CSRF token verified.
INFO - 2023-02-22 23:38:10 --> Session: Class initialized using 'CodeIgniter\Session\Handlers\FileHandler' driver.
INFO - 2023-02-22 16:44:58 --> Session: Class initialized using 'CodeIgniter\Session\Handlers\FileHandler' driver.
INFO - 2023-02-22 16:44:59 --> CSRF token verified.
INFO - 2023-02-22 23:44:59 --> Session: Class initialized using 'CodeIgniter\Session\Handlers\FileHandler' driver.
INFO - 2023-02-22 16:45:02 --> Session: Class initialized using 'CodeIgniter\Session\Handlers\FileHandler' driver.
INFO - 2023-02-22 16:45:03 --> CSRF token verified.
INFO - 2023-02-22 23:45:03 --> Session: Class initialized using 'CodeIgniter\Session\Handlers\FileHandler' driver.
INFO - 2023-02-22 16:45:32 --> Session: Class initialized using 'CodeIgniter\Session\Handlers\FileHandler' driver.
INFO - 2023-02-22 16:45:33 --> CSRF token verified.
INFO - 2023-02-22 23:45:33 --> Session: Class initialized using 'CodeIgniter\Session\Handlers\FileHandler' driver.
INFO - 2023-02-22 16:47:27 --> Session: Class initialized using 'CodeIgniter\Session\Handlers\FileHandler' driver.
INFO - 2023-02-22 16:47:28 --> CSRF token verified.
INFO - 2023-02-22 23:47:28 --> Session: Class initialized using 'CodeIgniter\Session\Handlers\FileHandler' driver.
INFO - 2023-02-22 23:31:40 --> Session: Class initialized using 'CodeIgniter\Session\Handlers\FileHandler' driver.
CRITICAL - 2023-02-22 23:31:40 --> Trying to get property 'cabang_id' of non-object
in APPPATH\Controllers\Project.php on line 32.
 1 APPPATH\Controllers\Project.php(32): CodeIgniter\Debug\Exceptions->errorHandler(8, 'Trying to get property \'cabang_id\' of non-object', 'APPPATH\\Controllers\\Project.php', 32, [])
 2 SYSTEMPATH\CodeIgniter.php(934): App\Controllers\Project->index()
 3 SYSTEMPATH\CodeIgniter.php(499): CodeIgniter\CodeIgniter->runController(Object(App\Controllers\Project))
 4 SYSTEMPATH\CodeIgniter.php(368): CodeIgniter\CodeIgniter->handleRequest(null, Object(Config\Cache), false)
 5 FCPATH\index.php(67): CodeIgniter\CodeIgniter->run()
 6 SYSTEMPATH\Commands\Server\rewrite.php(47): require_once('FCPATH\\index.php')
INFO - 2023-02-22 23:31:47 --> Session: Class initialized using 'CodeIgniter\Session\Handlers\FileHandler' driver.
INFO - 2023-02-22 23:31:57 --> CSRF token verified.
INFO - 2023-02-22 23:31:57 --> Session: Class initialized using 'CodeIgniter\Session\Handlers\FileHandler' driver.
INFO - 2023-02-22 23:31:57 --> Session: Class initialized using 'CodeIgniter\Session\Handlers\FileHandler' driver.
INFO - 2023-02-22 23:32:03 --> Session: Class initialized using 'CodeIgniter\Session\Handlers\FileHandler' driver.
INFO - 2023-02-22 23:32:04 --> CSRF token verified.
INFO - 2023-02-22 23:32:06 --> Session: Class initialized using 'CodeIgniter\Session\Handlers\FileHandler' driver.
INFO - 2023-02-22 23:32:07 --> CSRF token verified.
INFO - 2023-02-22 23:32:13 --> Session: Class initialized using 'CodeIgniter\Session\Handlers\FileHandler' driver.
INFO - 2023-02-22 23:32:14 --> CSRF token verified.
INFO - 2023-02-22 23:32:26 --> CSRF token verified.
INFO - 2023-02-22 23:32:28 --> CSRF token verified.
INFO - 2023-02-22 23:32:46 --> Session: Class initialized using 'CodeIgniter\Session\Handlers\FileHandler' driver.
INFO - 2023-02-22 23:32:47 --> CSRF token verified.
INFO - 2023-02-22 23:33:50 --> Session: Class initialized using 'CodeIgniter\Session\Handlers\FileHandler' driver.
INFO - 2023-02-22 23:33:51 --> CSRF token verified.
INFO - 2023-02-22 23:37:06 --> Session: Class initialized using 'CodeIgniter\Session\Handlers\FileHandler' driver.
INFO - 2023-02-22 23:37:07 --> CSRF token verified.
INFO - 2023-02-22 23:38:45 --> Session: Class initialized using 'CodeIgniter\Session\Handlers\FileHandler' driver.
INFO - 2023-02-22 23:38:46 --> CSRF token verified.
INFO - 2023-02-22 23:39:25 --> Session: Class initialized using 'CodeIgniter\Session\Handlers\FileHandler' driver.
INFO - 2023-02-22 23:39:26 --> CSRF token verified.
INFO - 2023-02-22 23:40:33 --> Session: Class initialized using 'CodeIgniter\Session\Handlers\FileHandler' driver.
INFO - 2023-02-22 23:40:34 --> CSRF token verified.
INFO - 2023-02-22 23:51:18 --> Session: Class initialized using 'CodeIgniter\Session\Handlers\FileHandler' driver.
INFO - 2023-02-22 23:51:19 --> CSRF token verified.
INFO - 2023-02-22 23:51:41 --> Session: Class initialized using 'CodeIgniter\Session\Handlers\FileHandler' driver.
INFO - 2023-02-22 23:51:42 --> CSRF token verified.
INFO - 2023-02-22 23:51:50 --> Session: Class initialized using 'CodeIgniter\Session\Handlers\FileHandler' driver.
INFO - 2023-02-22 23:51:51 --> CSRF token verified.
INFO - 2023-02-22 23:53:03 --> Session: Class initialized using 'CodeIgniter\Session\Handlers\FileHandler' driver.
INFO - 2023-02-22 23:53:04 --> CSRF token verified.
INFO - 2023-02-22 23:55:15 --> Session: Class initialized using 'CodeIgniter\Session\Handlers\FileHandler' driver.
INFO - 2023-02-22 23:55:16 --> CSRF token verified.
INFO - 2023-02-22 23:58:06 --> Session: Class initialized using 'CodeIgniter\Session\Handlers\FileHandler' driver.
INFO - 2023-02-22 23:58:07 --> CSRF token verified.
INFO - 2023-02-22 23:58:10 --> Session: Class initialized using 'CodeIgniter\Session\Handlers\FileHandler' driver.
INFO - 2023-02-22 23:58:11 --> CSRF token verified.
INFO - 2023-02-22 23:58:22 --> Session: Class initialized using 'CodeIgniter\Session\Handlers\FileHandler' driver.
INFO - 2023-02-22 23:58:24 --> CSRF token verified.
INFO - 2023-02-22 23:58:27 --> CSRF token verified.
INFO - 2023-02-22 23:58:34 --> CSRF token verified.
CRITICAL - 2023-02-22 23:58:34 --> Trying to access array offset on value of type null
in APPPATH\Controllers\Project.php on line 159.
 1 APPPATH\Controllers\Project.php(159): CodeIgniter\Debug\Exceptions->errorHandler(8, 'Trying to access array offset on value of type null', 'APPPATH\\Controllers\\Project.php', 159, [...])
 2 SYSTEMPATH\CodeIgniter.php(934): App\Controllers\Project->edit()
 3 SYSTEMPATH\CodeIgniter.php(499): CodeIgniter\CodeIgniter->runController(Object(App\Controllers\Project))
 4 SYSTEMPATH\CodeIgniter.php(368): CodeIgniter\CodeIgniter->handleRequest(null, Object(Config\Cache), false)
 5 FCPATH\index.php(67): CodeIgniter\CodeIgniter->run()
 6 SYSTEMPATH\Commands\Server\rewrite.php(47): require_once('FCPATH\\index.php')
INFO - 2023-02-22 23:58:36 --> Session: Class initialized using 'CodeIgniter\Session\Handlers\FileHandler' driver.
INFO - 2023-02-22 23:58:38 --> CSRF token verified.
